Using motif +M0085_1.02 of width 10.
Using motif -M0085_1.02 of width 10.
Computing q-values.
# Computing q-values.
#   Estimating pi_0 from a uniformly sampled set of 10000 p-values.
#   Estimating pi_0.
# Minimal pi_zero = 0.971739
#   Estimated pi_0=0.97764
Using motif +M0104_1.02 of width 11.
Using motif -M0104_1.02 of width 11.
Computing q-values.
# Computing q-values.
#   Estimating pi_0 from a uniformly sampled set of 10000 p-values.
#   Estimating pi_0.
# Minimal pi_zero = 0.989118
#   Estimated pi_0=0.994421
Using motif +M0105_1.02 of width 9.
Using motif -M0105_1.02 of width 9.
Computing q-values.
# Computing q-values.
#   Estimating pi_0 from a uniformly sampled set of 10000 p-values.
#   Estimating pi_0.
# Minimal pi_zero = 0.999568
#   Estimated pi_0=1
Using motif +M0108_1.02 of width 11.
Using motif -M0108_1.02 of width 11.
Computing q-values.
# Computing q-values.
#   Estimating pi_0 from a uniformly sampled set of 10000 p-values.
#   Estimating pi_0.
# Minimal pi_zero = 0.999497
#   Estimated pi_0=0.999497
Using motif +M0177_1.02 of width 10.
Using motif -M0177_1.02 of width 10.
Computing q-values.
# Computing q-values.
#   Estimating pi_0 from a uniformly sampled set of 10000 p-values.
#   Estimating pi_0.
# Minimal pi_zero = 0.999296
#   Estimated pi_0=0.999296
Using motif +M0178_1.02 of width 10.
Using motif -M0178_1.02 of width 10.
Warning: Reached max stored scores (100000).
Motif matches with p-value >= 4.7e-05 have been dropped to reclaim memory.
Computing q-values.
# Computing q-values.
#   Estimating pi_0 from a uniformly sampled set of 10000 p-values.
#   Estimating pi_0.
# Minimal pi_zero = 0.982781
#   Estimated pi_0=0.984706
Using motif +M0189_1.02 of width 8.
Using motif -M0189_1.02 of width 8.
Computing q-values.
# Computing q-values.
#   Estimating pi_0 from a uniformly sampled set of 10000 p-values.
#   Estimating pi_0.
# Minimal pi_zero = 0.967115
#   Estimated pi_0=0.974386
Using motif +M0195_1.02 of width 10.
Using motif -M0195_1.02 of width 10.
Computing q-values.
# Computing q-values.
#   Estimating pi_0 from a uniformly sampled set of 10000 p-values.
#   Estimating pi_0.
# Minimal pi_zero = 0.983333
#   Estimated pi_0=0.994486
Using motif +M0196_1.02 of width 10.
Using motif -M0196_1.02 of width 10.
Computing q-values.
# Computing q-values.
#   Estimating pi_0 from a uniformly sampled set of 10000 p-values.
#   Estimating pi_0.
# Minimal pi_zero = 1.0006
#   Estimated pi_0=1
Using motif +M0198_1.02 of width 10.
Using motif -M0198_1.02 of width 10.
Computing q-values.
# Computing q-values.
#   Estimating pi_0 from a uniformly sampled set of 10000 p-values.
#   Estimating pi_0.
# Minimal pi_zero = 0.987143
#   Estimated pi_0=0.994586
Using motif +M0199_1.02 of width 13.
Using motif -M0199_1.02 of width 13.
Computing q-values.
# Computing q-values.
#   Estimating pi_0 from a uniformly sampled set of 10000 p-values.
#   Estimating pi_0.
# Minimal pi_zero = 1.0008
#   Estimated pi_0=1
Using motif +M0211_1.02 of width 8.
Using motif -M0211_1.02 of width 8.
Computing q-values.
# Computing q-values.
#   Estimating pi_0 from a uniformly sampled set of 10000 p-values.
#   Estimating pi_0.
# Minimal pi_zero = 0.972871
#   Estimated pi_0=0.994239
Using motif +M0212_1.02 of width 10.
Using motif -M0212_1.02 of width 10.
Computing q-values.
# Computing q-values.
#   Estimating pi_0 from a uniformly sampled set of 10000 p-values.
#   Estimating pi_0.
# Minimal pi_zero = 0.9642
#   Estimated pi_0=0.975868
Using motif +M0214_1.02 of width 9.
Using motif -M0214_1.02 of width 9.
Computing q-values.
# Computing q-values.
#   Estimating pi_0 from a uniformly sampled set of 10000 p-values.
#   Estimating pi_0.
# Minimal pi_zero = 0.996897
#   Estimated pi_0=1
Using motif +M0216_1.02 of width 10.
Using motif -M0216_1.02 of width 10.
Warning: Reached max stored scores (100000).
Motif matches with p-value >= 3.9e-05 have been dropped to reclaim memory.
Computing q-values.
# Computing q-values.
#   Estimating pi_0 from a uniformly sampled set of 10000 p-values.
#   Estimating pi_0.
# Minimal pi_zero = 0.996082
#   Estimated pi_0=0.996884
Using motif +M0217_1.02 of width 10.
Using motif -M0217_1.02 of width 10.
Computing q-values.
# Computing q-values.
#   Estimating pi_0 from a uniformly sampled set of 10000 p-values.
#   Estimating pi_0.
# Minimal pi_zero = 0.976348
#   Estimated pi_0=0.989639
Using motif +M0300_1.02 of width 10.
Using motif -M0300_1.02 of width 10.
Computing q-values.
# Computing q-values.
#   Estimating pi_0 from a uniformly sampled set of 10000 p-values.
#   Estimating pi_0.
# Minimal pi_zero = 0.995922
#   Estimated pi_0=1
Using motif +M0305_1.02 of width 9.
Using motif -M0305_1.02 of width 9.
Computing q-values.
# Computing q-values.
#   Estimating pi_0 from a uniformly sampled set of 10000 p-values.
#   Estimating pi_0.
# Minimal pi_zero = 0.9942
#   Estimated pi_0=1
Using motif +M0307_1.02 of width 8.
Using motif -M0307_1.02 of width 8.
Computing q-values.
# Computing q-values.
#   Estimating pi_0 from a uniformly sampled set of 10000 p-values.
#   Estimating pi_0.
# Minimal pi_zero = 1.00291
#   Estimated pi_0=1
Using motif +M0395_1.02 of width 8.
Using motif -M0395_1.02 of width 8.
Computing q-values.
# Computing q-values.
#   Estimating pi_0 from a uniformly sampled set of 10000 p-values.
#   Estimating pi_0.
# Minimal pi_zero = 0.977115
#   Estimated pi_0=0.988788
Using motif +M0396_1.02 of width 10.
Using motif -M0396_1.02 of width 10.
Computing q-values.
# Computing q-values.
#   Estimating pi_0 from a uniformly sampled set of 10000 p-values.
#   Estimating pi_0.
# Minimal pi_zero = 0.991844
#   Estimated pi_0=0.995204
Using motif +M0398_1.02 of width 11.
Using motif -M0398_1.02 of width 11.
Computing q-values.
# Computing q-values.
#   Estimating pi_0 from a uniformly sampled set of 10000 p-values.
#   Estimating pi_0.
# Minimal pi_zero = 0.99013
#   Estimated pi_0=0.994742
Using motif +M0404_1.02 of width 10.
Using motif -M0404_1.02 of width 10.
Computing q-values.
# Computing q-values.
#   Estimating pi_0 from a uniformly sampled set of 10000 p-values.
#   Estimating pi_0.
# Minimal pi_zero = 0.971
#   Estimated pi_0=0.976489
Using motif +M0405_1.02 of width 10.
Using motif -M0405_1.02 of width 10.
Warning: Reached max stored scores (100000).
Motif matches with p-value >= 4.4e-05 have been dropped to reclaim memory.
Computing q-values.
# Computing q-values.
#   Estimating pi_0 from a uniformly sampled set of 10000 p-values.
#   Estimating pi_0.
# Minimal pi_zero = 0.982246
#   Estimated pi_0=0.985625
Using motif +M0408_1.02 of width 10.
Using motif -M0408_1.02 of width 10.
Computing q-values.
# Computing q-values.
#   Estimating pi_0 from a uniformly sampled set of 10000 p-values.
#   Estimating pi_0.
# Minimal pi_zero = 0.9868
#   Estimated pi_0=1
Using motif +M0413_1.02 of width 10.
Using motif -M0413_1.02 of width 10.
Computing q-values.
# Computing q-values.
#   Estimating pi_0 from a uniformly sampled set of 10000 p-values.
#   Estimating pi_0.
# Minimal pi_zero = 0.962178
#   Estimated pi_0=0.981552
Using motif +M0415_1.02 of width 8.
Using motif -M0415_1.02 of width 8.
Computing q-values.
# Computing q-values.
#   Estimating pi_0 from a uniformly sampled set of 10000 p-values.
#   Estimating pi_0.
# Minimal pi_zero = 0.9834
#   Estimated pi_0=1
Using motif +M0422_1.02 of width 10.
Using motif -M0422_1.02 of width 10.
Computing q-values.
# Computing q-values.
#   Estimating pi_0 from a uniformly sampled set of 10000 p-values.
#   Estimating pi_0.
# Minimal pi_zero = 0.977978
#   Estimated pi_0=0.978681
Using motif +M0424_1.02 of width 10.
Using motif -M0424_1.02 of width 10.
Computing q-values.
# Computing q-values.
#   Estimating pi_0 from a uniformly sampled set of 10000 p-values.
#   Estimating pi_0.
# Minimal pi_zero = 0.993803
#   Estimated pi_0=1
Using motif +M0428_1.02 of width 8.
Using motif -M0428_1.02 of width 8.
Computing q-values.
# Computing q-values.
#   Estimating pi_0 from a uniformly sampled set of 10000 p-values.
#   Estimating pi_0.
# Minimal pi_zero = 0.992333
#   Estimated pi_0=0.997462
Using motif +M0431_1.02 of width 9.
Using motif -M0431_1.02 of width 9.
Computing q-values.
# Computing q-values.
#   Estimating pi_0 from a uniformly sampled set of 10000 p-values.
#   Estimating pi_0.
# Minimal pi_zero = 0.977561
#   Estimated pi_0=0.978953
Using motif +M0432_1.02 of width 9.
Using motif -M0432_1.02 of width 9.
Computing q-values.
# Computing q-values.
#   Estimating pi_0 from a uniformly sampled set of 10000 p-values.
#   Estimating pi_0.
# Minimal pi_zero = 0.9586
#   Estimated pi_0=0.977273
Using motif +M0433_1.02 of width 10.
Using motif -M0433_1.02 of width 10.
Computing q-values.
# Computing q-values.
#   Estimating pi_0 from a uniformly sampled set of 10000 p-values.
#   Estimating pi_0.
# Minimal pi_zero = 0.9976
#   Estimated pi_0=1
Using motif +M0436_1.02 of width 10.
Using motif -M0436_1.02 of width 10.
Computing q-values.
# Computing q-values.
#   Estimating pi_0 from a uniformly sampled set of 10000 p-values.
#   Estimating pi_0.
# Minimal pi_zero = 0.990737
#   Estimated pi_0=0.992755
Using motif +M0437_1.02 of width 9.
Using motif -M0437_1.02 of width 9.
Computing q-values.
# Computing q-values.
#   Estimating pi_0 from a uniformly sampled set of 10000 p-values.
#   Estimating pi_0.
# Minimal pi_zero = 0.998974
#   Estimated pi_0=1
Using motif +M0442_1.02 of width 9.
Using motif -M0442_1.02 of width 9.
Warning: Reached max stored scores (100000).
Motif matches with p-value >= 3.1e-05 have been dropped to reclaim memory.
Computing q-values.
# Computing q-values.
#   Estimating pi_0 from a uniformly sampled set of 10000 p-values.
#   Estimating pi_0.
# Minimal pi_zero = 0.986316
#   Estimated pi_0=0.991282
Using motif +M0443_1.02 of width 10.
Using motif -M0443_1.02 of width 10.
Warning: Reached max stored scores (100000).
Motif matches with p-value >= 3.3e-05 have been dropped to reclaim memory.
Computing q-values.
# Computing q-values.
#   Estimating pi_0 from a uniformly sampled set of 10000 p-values.
#   Estimating pi_0.
# Minimal pi_zero = 0.988352
#   Estimated pi_0=0.991134
Using motif +M0594_1.02 of width 9.
Using motif -M0594_1.02 of width 9.
Computing q-values.
# Computing q-values.
#   Estimating pi_0 from a uniformly sampled set of 10000 p-values.
#   Estimating pi_0.
# Minimal pi_zero = 0.99866
#   Estimated pi_0=0.999899
Using motif +M0603_1.02 of width 7.
Using motif -M0603_1.02 of width 7.
Computing q-values.
# Computing q-values.
#   Estimating pi_0 from a uniformly sampled set of 10000 p-values.
#   Estimating pi_0.
# Minimal pi_zero = 0.923529
#   Estimated pi_0=0.924918
Using motif +M0607_1.02 of width 9.
Using motif -M0607_1.02 of width 9.
Computing q-values.
# Computing q-values.
#   Estimating pi_0 from a uniformly sampled set of 10000 p-values.
#   Estimating pi_0.
# Minimal pi_zero = 0.941923
#   Estimated pi_0=0.948364
Using motif +M0608_1.02 of width 10.
Using motif -M0608_1.02 of width 10.
Computing q-values.
# Computing q-values.
#   Estimating pi_0 from a uniformly sampled set of 10000 p-values.
#   Estimating pi_0.
# Minimal pi_zero = 0.9102
#   Estimated pi_0=0.920541
Using motif +M0609_1.02 of width 10.
Using motif -M0609_1.02 of width 10.
Warning: Reached max stored scores (100000).
Motif matches with p-value >= 3.3e-05 have been dropped to reclaim memory.
Computing q-values.
# Computing q-values.
#   Estimating pi_0 from a uniformly sampled set of 10000 p-values.
#   Estimating pi_0.
# Minimal pi_zero = 0.9276
#   Estimated pi_0=0.938018
Using motif +M0610_1.02 of width 9.
Using motif -M0610_1.02 of width 9.
Computing q-values.
# Computing q-values.
#   Estimating pi_0 from a uniformly sampled set of 10000 p-values.
#   Estimating pi_0.
# Minimal pi_zero = 0.929573
#   Estimated pi_0=0.9325
Using motif +M0629_1.02 of width 11.
Using motif -M0629_1.02 of width 11.
Computing q-values.
# Computing q-values.
#   Estimating pi_0 from a uniformly sampled set of 10000 p-values.
#   Estimating pi_0.
# Minimal pi_zero = 0.9794
#   Estimated pi_0=0.99574
Using motif +M0630_1.02 of width 10.
Using motif -M0630_1.02 of width 10.
Computing q-values.
# Computing q-values.
#   Estimating pi_0 from a uniformly sampled set of 10000 p-values.
#   Estimating pi_0.
# Minimal pi_zero = 1.00041
#   Estimated pi_0=1
Using motif +M0632_1.02 of width 10.
Using motif -M0632_1.02 of width 10.
Computing q-values.
# Computing q-values.
#   Estimating pi_0 from a uniformly sampled set of 10000 p-values.
#   Estimating pi_0.
# Minimal pi_zero = 0.999674
#   Estimated pi_0=1
Using motif +M0633_1.02 of width 10.
Using motif -M0633_1.02 of width 10.
Computing q-values.
# Computing q-values.
#   Estimating pi_0 from a uniformly sampled set of 10000 p-values.
#   Estimating pi_0.
# Minimal pi_zero = 0.993958
#   Estimated pi_0=0.998693
Using motif +M0635_1.02 of width 13.
Using motif -M0635_1.02 of width 13.
Computing q-values.
# Computing q-values.
#   Estimating pi_0 from a uniformly sampled set of 10000 p-values.
#   Estimating pi_0.
# Minimal pi_zero = 0.998788
#   Estimated pi_0=1
Using motif +M0714_1.02 of width 10.
Using motif -M0714_1.02 of width 10.
Computing q-values.
# Computing q-values.
#   Estimating pi_0 from a uniformly sampled set of 10000 p-values.
#   Estimating pi_0.
# Minimal pi_zero = 0.986497
#   Estimated pi_0=0.989831
Using motif +M0718_1.02 of width 10.
Using motif -M0718_1.02 of width 10.
Computing q-values.
# Computing q-values.
#   Estimating pi_0 from a uniformly sampled set of 10000 p-values.
#   Estimating pi_0.
# Minimal pi_zero = 0.99797
#   Estimated pi_0=0.999196
Using motif +M0719_1.02 of width 8.
Using motif -M0719_1.02 of width 8.
Computing q-values.
# Computing q-values.
#   Estimating pi_0 from a uniformly sampled set of 10000 p-values.
#   Estimating pi_0.
# Minimal pi_zero = 0.99716
#   Estimated pi_0=0.999196
Using motif +M0728_1.02 of width 12.
Using motif -M0728_1.02 of width 12.
Warning: Reached max stored scores (100000).
Motif matches with p-value >= 4.3e-05 have been dropped to reclaim memory.
Computing q-values.
# Computing q-values.
#   Estimating pi_0 from a uniformly sampled set of 10000 p-values.
#   Estimating pi_0.
# Minimal pi_zero = 0.990602
#   Estimated pi_0=0.99398
Using motif +M0736_1.02 of width 8.
Using motif -M0736_1.02 of width 8.
Computing q-values.
# Computing q-values.
#   Estimating pi_0 from a uniformly sampled set of 10000 p-values.
#   Estimating pi_0.
# Minimal pi_zero = 0.98884
#   Estimated pi_0=0.992708
Using motif +M0737_1.02 of width 10.
Using motif -M0737_1.02 of width 10.
Computing q-values.
# Computing q-values.
#   Estimating pi_0 from a uniformly sampled set of 10000 p-values.
#   Estimating pi_0.
# Minimal pi_zero = 0.995084
#   Estimated pi_0=0.998492
Using motif +M0747_1.02 of width 10.
Using motif -M0747_1.02 of width 10.
Computing q-values.
# Computing q-values.
#   Estimating pi_0 from a uniformly sampled set of 10000 p-values.
#   Estimating pi_0.
# Minimal pi_zero = 0.991895
#   Estimated pi_0=0.99449
Using motif +M0756_1.02 of width 9.
Using motif -M0756_1.02 of width 9.
Computing q-values.
# Computing q-values.
#   Estimating pi_0 from a uniformly sampled set of 10000 p-values.
#   Estimating pi_0.
# Minimal pi_zero = 0.999799
#   Estimated pi_0=0.999799
Using motif +M0887_1.02 of width 9.
Using motif -M0887_1.02 of width 9.
Computing q-values.
# Computing q-values.
#   Estimating pi_0 from a uniformly sampled set of 10000 p-values.
#   Estimating pi_0.
# Minimal pi_zero = 1.00181
#   Estimated pi_0=1
Using motif +M0890_1.02 of width 8.
Using motif -M0890_1.02 of width 8.
Computing q-values.
# Computing q-values.
#   Estimating pi_0 from a uniformly sampled set of 10000 p-values.
#   Estimating pi_0.
# Minimal pi_zero = 0.9888
#   Estimated pi_0=1
Using motif +M0891_1.02 of width 10.
Using motif -M0891_1.02 of width 10.
Computing q-values.
# Computing q-values.
#   Estimating pi_0 from a uniformly sampled set of 10000 p-values.
#   Estimating pi_0.
# Minimal pi_zero = 1.00191
#   Estimated pi_0=1
Using motif +M0892_1.02 of width 10.
Using motif -M0892_1.02 of width 10.
Computing q-values.
# Computing q-values.
#   Estimating pi_0 from a uniformly sampled set of 10000 p-values.
#   Estimating pi_0.
# Minimal pi_zero = 0.996
#   Estimated pi_0=1
Using motif +M0893_1.02 of width 10.
Using motif -M0893_1.02 of width 10.
Computing q-values.
# Computing q-values.
#   Estimating pi_0 from a uniformly sampled set of 10000 p-values.
#   Estimating pi_0.
# Minimal pi_zero = 0.998036
#   Estimated pi_0=1
Using motif +M0894_1.02 of width 8.
Using motif -M0894_1.02 of width 8.
Computing q-values.
# Computing q-values.
#   Estimating pi_0 from a uniformly sampled set of 10000 p-values.
#   Estimating pi_0.
# Minimal pi_zero = 0.9958
#   Estimated pi_0=1
Using motif +M0896_1.02 of width 8.
Using motif -M0896_1.02 of width 8.
Computing q-values.
# Computing q-values.
#   Estimating pi_0 from a uniformly sampled set of 10000 p-values.
#   Estimating pi_0.
# Minimal pi_zero = 1.00131
#   Estimated pi_0=1
Using motif +M0897_1.02 of width 10.
Using motif -M0897_1.02 of width 10.
Computing q-values.
# Computing q-values.
#   Estimating pi_0 from a uniformly sampled set of 10000 p-values.
#   Estimating pi_0.
# Minimal pi_zero = 1.00131
#   Estimated pi_0=1
Using motif +M0898_1.02 of width 8.
Using motif -M0898_1.02 of width 8.
Computing q-values.
# Computing q-values.
#   Estimating pi_0 from a uniformly sampled set of 10000 p-values.
#   Estimating pi_0.
# Minimal pi_zero = 1.00362
#   Estimated pi_0=1
Using motif +M0900_1.02 of width 8.
Using motif -M0900_1.02 of width 8.
Computing q-values.
# Computing q-values.
#   Estimating pi_0 from a uniformly sampled set of 10000 p-values.
#   Estimating pi_0.
# Minimal pi_zero = 1.00079
#   Estimated pi_0=1
Using motif +M0901_1.02 of width 8.
Using motif -M0901_1.02 of width 8.
Computing q-values.
# Computing q-values.
#   Estimating pi_0 from a uniformly sampled set of 10000 p-values.
#   Estimating pi_0.
# Minimal pi_zero = 0.996105
#   Estimated pi_0=0.999397
Using motif +M0905_1.02 of width 9.
Using motif -M0905_1.02 of width 9.
Computing q-values.
# Computing q-values.
#   Estimating pi_0 from a uniformly sampled set of 10000 p-values.
#   Estimating pi_0.
# Minimal pi_zero = 1.00231
#   Estimated pi_0=1
Using motif +M0906_1.02 of width 10.
Using motif -M0906_1.02 of width 10.
Computing q-values.
# Computing q-values.
#   Estimating pi_0 from a uniformly sampled set of 10000 p-values.
#   Estimating pi_0.
# Minimal pi_zero = 1.00141
#   Estimated pi_0=1
Using motif +M0931_1.02 of width 9.
Using motif -M0931_1.02 of width 9.
Computing q-values.
# Computing q-values.
#   Estimating pi_0 from a uniformly sampled set of 10000 p-values.
#   Estimating pi_0.
# Minimal pi_zero = 1.0004
#   Estimated pi_0=1
Using motif +M0937_1.02 of width 7.
Using motif -M0937_1.02 of width 7.
Computing q-values.
# Computing q-values.
#   Estimating pi_0 from a uniformly sampled set of 10000 p-values.
#   Estimating pi_0.
# Minimal pi_zero = 0.978095
#   Estimated pi_0=1
Using motif +M0942_1.02 of width 8.
Using motif -M0942_1.02 of width 8.
Computing q-values.
# Computing q-values.
#   Estimating pi_0 from a uniformly sampled set of 10000 p-values.
#   Estimating pi_0.
# Minimal pi_zero = 0.987941
#   Estimated pi_0=1
Using motif +M0943_1.02 of width 8.
Using motif -M0943_1.02 of width 8.
Computing q-values.
# Computing q-values.
#   Estimating pi_0 from a uniformly sampled set of 10000 p-values.
#   Estimating pi_0.
# Minimal pi_zero = 0.996792
#   Estimated pi_0=1
Using motif +M0949_1.02 of width 7.
Using motif -M0949_1.02 of width 7.
Computing q-values.
# Computing q-values.
#   Estimating pi_0 from a uniformly sampled set of 10000 p-values.
#   Estimating pi_0.
# Minimal pi_zero = 0.9978
#   Estimated pi_0=1
Using motif +M0952_1.02 of width 8.
Using motif -M0952_1.02 of width 8.
Computing q-values.
# Computing q-values.
#   Estimating pi_0 from a uniformly sampled set of 10000 p-values.
#   Estimating pi_0.
# Minimal pi_zero = 1.00171
#   Estimated pi_0=1
Using motif +M0958_1.02 of width 7.
Using motif -M0958_1.02 of width 7.
Computing q-values.
# Computing q-values.
#   Estimating pi_0 from a uniformly sampled set of 10000 p-values.
#   Estimating pi_0.
# Minimal pi_zero = 0.9928
#   Estimated pi_0=1
Using motif +M0961_1.02 of width 9.
Using motif -M0961_1.02 of width 9.
Computing q-values.
# Computing q-values.
#   Estimating pi_0 from a uniformly sampled set of 10000 p-values.
#   Estimating pi_0.
# Minimal pi_zero = 0.99767
#   Estimated pi_0=1
Using motif +M0969_1.02 of width 9.
Using motif -M0969_1.02 of width 9.
Computing q-values.
# Computing q-values.
#   Estimating pi_0 from a uniformly sampled set of 10000 p-values.
#   Estimating pi_0.
# Minimal pi_zero = 0.997426
#   Estimated pi_0=1
Using motif +M0975_1.02 of width 9.
Using motif -M0975_1.02 of width 9.
Computing q-values.
# Computing q-values.
#   Estimating pi_0 from a uniformly sampled set of 10000 p-values.
#   Estimating pi_0.
# Minimal pi_zero = 1.00162
#   Estimated pi_0=1
Using motif +M0994_1.02 of width 9.
Using motif -M0994_1.02 of width 9.
Computing q-values.
# Computing q-values.
#   Estimating pi_0 from a uniformly sampled set of 10000 p-values.
#   Estimating pi_0.
# Minimal pi_zero = 0.990097
#   Estimated pi_0=1
Using motif +M0996_1.02 of width 7.
Using motif -M0996_1.02 of width 7.
Computing q-values.
# Computing q-values.
#   Estimating pi_0 from a uniformly sampled set of 10000 p-values.
#   Estimating pi_0.
# Minimal pi_zero = 0.984771
#   Estimated pi_0=1
Using motif +M0999_1.02 of width 9.
Using motif -M0999_1.02 of width 9.
Computing q-values.
# Computing q-values.
#   Estimating pi_0 from a uniformly sampled set of 10000 p-values.
#   Estimating pi_0.
# Minimal pi_zero = 1.0006
#   Estimated pi_0=1
Using motif +M1007_1.02 of width 9.
Using motif -M1007_1.02 of width 9.
Computing q-values.
# Computing q-values.
#   Estimating pi_0 from a uniformly sampled set of 10000 p-values.
#   Estimating pi_0.
# Minimal pi_zero = 1.00161
#   Estimated pi_0=1
Using motif +M1012_1.02 of width 9.
Using motif -M1012_1.02 of width 9.
Computing q-values.
# Computing q-values.
#   Estimating pi_0 from a uniformly sampled set of 10000 p-values.
#   Estimating pi_0.
# Minimal pi_zero = 1.00101
#   Estimated pi_0=1
Using motif +M1016_1.02 of width 7.
Using motif -M1016_1.02 of width 7.
Computing q-values.
# Computing q-values.
#   Estimating pi_0 from a uniformly sampled set of 10000 p-values.
#   Estimating pi_0.
# Minimal pi_zero = 0.992
#   Estimated pi_0=1
Using motif +M1018_1.02 of width 7.
Using motif -M1018_1.02 of width 7.
Computing q-values.
# Computing q-values.
#   Estimating pi_0 from a uniformly sampled set of 10000 p-values.
#   Estimating pi_0.
# Minimal pi_zero = 0.985634
#   Estimated pi_0=1
Using motif +M1025_1.02 of width 8.
Using motif -M1025_1.02 of width 8.
Computing q-values.
# Computing q-values.
#   Estimating pi_0 from a uniformly sampled set of 10000 p-values.
#   Estimating pi_0.
# Minimal pi_zero = 1.00201
#   Estimated pi_0=1
Using motif +M1027_1.02 of width 9.
Using motif -M1027_1.02 of width 9.
Computing q-values.
# Computing q-values.
#   Estimating pi_0 from a uniformly sampled set of 10000 p-values.
#   Estimating pi_0.
# Minimal pi_zero = 1.00141
#   Estimated pi_0=1
Using motif +M1030_1.02 of width 9.
Using motif -M1030_1.02 of width 9.
Computing q-values.
# Computing q-values.
#   Estimating pi_0 from a uniformly sampled set of 10000 p-values.
#   Estimating pi_0.
# Minimal pi_zero = 0.993295
#   Estimated pi_0=0.99868
Using motif +M1034_1.02 of width 7.
Using motif -M1034_1.02 of width 7.
Computing q-values.
# Computing q-values.
#   Estimating pi_0 from a uniformly sampled set of 10000 p-values.
#   Estimating pi_0.
# Minimal pi_zero = 0.985437
#   Estimated pi_0=1
Using motif +M1039_1.02 of width 9.
Using motif -M1039_1.02 of width 9.
Computing q-values.
# Computing q-values.
#   Estimating pi_0 from a uniformly sampled set of 10000 p-values.
#   Estimating pi_0.
# Minimal pi_zero = 1.00171
#   Estimated pi_0=1
Using motif +M1049_1.02 of width 10.
Using motif -M1049_1.02 of width 10.
Computing q-values.
# Computing q-values.
#   Estimating pi_0 from a uniformly sampled set of 10000 p-values.
#   Estimating pi_0.
# Minimal pi_zero = 0.9812
#   Estimated pi_0=1
Using motif +M1070_1.02 of width 9.
Using motif -M1070_1.02 of width 9.
Computing q-values.
# Computing q-values.
#   Estimating pi_0 from a uniformly sampled set of 10000 p-values.
#   Estimating pi_0.
# Minimal pi_zero = 1.00141
#   Estimated pi_0=1
Using motif +M1071_1.02 of width 8.
Using motif -M1071_1.02 of width 8.
Computing q-values.
# Computing q-values.
#   Estimating pi_0 from a uniformly sampled set of 10000 p-values.
#   Estimating pi_0.
# Minimal pi_zero = 0.996238
#   Estimated pi_0=1
Using motif +M1073_1.02 of width 9.
Using motif -M1073_1.02 of width 9.
Computing q-values.
# Computing q-values.
#   Estimating pi_0 from a uniformly sampled set of 10000 p-values.
#   Estimating pi_0.
# Minimal pi_zero = 1.00077
#   Estimated pi_0=1
Using motif +M1110_1.02 of width 10.
Using motif -M1110_1.02 of width 10.
Computing q-values.
# Computing q-values.
#   Estimating pi_0 from a uniformly sampled set of 10000 p-values.
#   Estimating pi_0.
# Minimal pi_zero = 0.9636
#   Estimated pi_0=0.972264
Using motif +M1125_1.02 of width 10.
Using motif -M1125_1.02 of width 10.
Computing q-values.
# Computing q-values.
#   Estimating pi_0 from a uniformly sampled set of 10000 p-values.
#   Estimating pi_0.
# Minimal pi_zero = 0.98
#   Estimated pi_0=1
Using motif +M1157_1.02 of width 10.
Using motif -M1157_1.02 of width 10.
Computing q-values.
# Computing q-values.
#   Estimating pi_0 from a uniformly sampled set of 10000 p-values.
#   Estimating pi_0.
# Minimal pi_zero = 0.998788
#   Estimated pi_0=1
Using motif +M1163_1.02 of width 9.
Using motif -M1163_1.02 of width 9.
Computing q-values.
# Computing q-values.
#   Estimating pi_0 from a uniformly sampled set of 10000 p-values.
#   Estimating pi_0.
# Minimal pi_zero = 1.00231
#   Estimated pi_0=1
Using motif +M1266_1.02 of width 10.
Using motif -M1266_1.02 of width 10.
Computing q-values.
# Computing q-values.
#   Estimating pi_0 from a uniformly sampled set of 10000 p-values.
#   Estimating pi_0.
# Minimal pi_zero = 0.9802
#   Estimated pi_0=0.996352
Using motif +M1281_1.02 of width 9.
Using motif -M1281_1.02 of width 9.
Computing q-values.
# Computing q-values.
#   Estimating pi_0 from a uniformly sampled set of 10000 p-values.
#   Estimating pi_0.
# Minimal pi_zero = 0.9622
#   Estimated pi_0=0.967379
Using motif +M1358_1.02 of width 9.
Using motif -M1358_1.02 of width 9.
Computing q-values.
# Computing q-values.
#   Estimating pi_0 from a uniformly sampled set of 10000 p-values.
#   Estimating pi_0.
# Minimal pi_zero = 0.993143
#   Estimated pi_0=1
Using motif +M1359_1.02 of width 10.
Using motif -M1359_1.02 of width 10.
Computing q-values.
# Computing q-values.
#   Estimating pi_0 from a uniformly sampled set of 10000 p-values.
#   Estimating pi_0.
# Minimal pi_zero = 0.985294
#   Estimated pi_0=1
Using motif +M1418_1.02 of width 8.
Using motif -M1418_1.02 of width 8.
Computing q-values.
# Computing q-values.
#   Estimating pi_0 from a uniformly sampled set of 10000 p-values.
#   Estimating pi_0.
# Minimal pi_zero = 0.99557
#   Estimated pi_0=1
Using motif +M1432_1.02 of width 10.
Using motif -M1432_1.02 of width 10.
Computing q-values.
# Computing q-values.
#   Estimating pi_0 from a uniformly sampled set of 10000 p-values.
#   Estimating pi_0.
# Minimal pi_zero = 0.997009
#   Estimated pi_0=0.999899
Using motif +M1458_1.02 of width 10.
Using motif -M1458_1.02 of width 10.
Computing q-values.
# Computing q-values.
#   Estimating pi_0 from a uniformly sampled set of 10000 p-values.
#   Estimating pi_0.
# Minimal pi_zero = 0.981653
#   Estimated pi_0=0.99513
Using motif +M1507_1.02 of width 10.
Using motif -M1507_1.02 of width 10.
Computing q-values.
# Computing q-values.
#   Estimating pi_0 from a uniformly sampled set of 10000 p-values.
#   Estimating pi_0.
# Minimal pi_zero = 0.997405
#   Estimated pi_0=0.999899
Using motif +M1528_1.02 of width 10.
Using motif -M1528_1.02 of width 10.
Computing q-values.
# Computing q-values.
#   Estimating pi_0 from a uniformly sampled set of 10000 p-values.
#   Estimating pi_0.
# Minimal pi_zero = 0.990991
#   Estimated pi_0=1
Using motif +M1529_1.02 of width 10.
Using motif -M1529_1.02 of width 10.
Computing q-values.
# Computing q-values.
#   Estimating pi_0 from a uniformly sampled set of 10000 p-values.
#   Estimating pi_0.
# Minimal pi_zero = 0.999687
#   Estimated pi_0=1
Using motif +M1545_1.02 of width 9.
Using motif -M1545_1.02 of width 9.
Computing q-values.
# Computing q-values.
#   Estimating pi_0 from a uniformly sampled set of 10000 p-values.
#   Estimating pi_0.
# Minimal pi_zero = 0.927129
#   Estimated pi_0=0.935283
Using motif +M1581_1.02 of width 10.
Using motif -M1581_1.02 of width 10.
Computing q-values.
# Computing q-values.
#   Estimating pi_0 from a uniformly sampled set of 10000 p-values.
#   Estimating pi_0.
# Minimal pi_zero = 0.986098
#   Estimated pi_0=0.991309
Using motif +M1582_1.02 of width 11.
Using motif -M1582_1.02 of width 11.
Computing q-values.
# Computing q-values.
#   Estimating pi_0 from a uniformly sampled set of 10000 p-values.
#   Estimating pi_0.
# Minimal pi_zero = 0.994709
#   Estimated pi_0=0.999091
Using motif +M1583_1.02 of width 8.
Using motif -M1583_1.02 of width 8.
Computing q-values.
# Computing q-values.
#   Estimating pi_0 from a uniformly sampled set of 10000 p-values.
#   Estimating pi_0.
# Minimal pi_zero = 0.999289
#   Estimated pi_0=0.999698
Using motif +M1589_1.02 of width 10.
Using motif -M1589_1.02 of width 10.
Computing q-values.
# Computing q-values.
#   Estimating pi_0 from a uniformly sampled set of 10000 p-values.
#   Estimating pi_0.
# Minimal pi_zero = 0.994586
#   Estimated pi_0=0.999598
Using motif +M1592_1.02 of width 8.
Using motif -M1592_1.02 of width 8.
Computing q-values.
# Computing q-values.
#   Estimating pi_0 from a uniformly sampled set of 10000 p-values.
#   Estimating pi_0.
# Minimal pi_zero = 0.997917
#   Estimated pi_0=0.999799
Using motif +M1594_1.02 of width 10.
Using motif -M1594_1.02 of width 10.
Computing q-values.
# Computing q-values.
#   Estimating pi_0 from a uniformly sampled set of 10000 p-values.
#   Estimating pi_0.
# Minimal pi_zero = 0.989689
#   Estimated pi_0=0.99551
Using motif +M1601_1.02 of width 9.
Using motif -M1601_1.02 of width 9.
Computing q-values.
# Computing q-values.
#   Estimating pi_0 from a uniformly sampled set of 10000 p-values.
#   Estimating pi_0.
# Minimal pi_zero = 0.982533
#   Estimated pi_0=0.989846
Using motif +M1605_1.02 of width 10.
Using motif -M1605_1.02 of width 10.
Computing q-values.
# Computing q-values.
#   Estimating pi_0 from a uniformly sampled set of 10000 p-values.
#   Estimating pi_0.
# Minimal pi_zero = 0.989277
#   Estimated pi_0=0.995812
Using motif +M1628_1.02 of width 11.
Using motif -M1628_1.02 of width 11.
Computing q-values.
# Computing q-values.
#   Estimating pi_0 from a uniformly sampled set of 10000 p-values.
#   Estimating pi_0.
# Minimal pi_zero = 0.977375
#   Estimated pi_0=0.981437
Using motif +M1668_1.02 of width 12.
Using motif -M1668_1.02 of width 12.
Computing q-values.
# Computing q-values.
#   Estimating pi_0 from a uniformly sampled set of 10000 p-values.
#   Estimating pi_0.
# Minimal pi_zero = 0.97068
#   Estimated pi_0=0.979153
Using motif +M1838_1.02 of width 15.
Using motif -M1838_1.02 of width 15.
Warning: Reached max stored scores (100000).
Motif matches with p-value >= 4.5e-05 have been dropped to reclaim memory.
Computing q-values.
# Computing q-values.
#   Estimating pi_0 from a uniformly sampled set of 10000 p-values.
#   Estimating pi_0.
# Minimal pi_zero = 0.956815
#   Estimated pi_0=0.960241
Using motif +M1841_1.02 of width 15.
Using motif -M1841_1.02 of width 15.
Computing q-values.
# Computing q-values.
#   Estimating pi_0 from a uniformly sampled set of 10000 p-values.
#   Estimating pi_0.
# Minimal pi_zero = 0.983313
#   Estimated pi_0=0.990638
Using motif +M1863_1.02 of width 8.
Using motif -M1863_1.02 of width 8.
Computing q-values.
# Computing q-values.
#   Estimating pi_0 from a uniformly sampled set of 10000 p-values.
#   Estimating pi_0.
# Minimal pi_zero = 0.997732
#   Estimated pi_0=1
Using motif +M1868_1.02 of width 14.
Using motif -M1868_1.02 of width 14.
Computing q-values.
# Computing q-values.
#   Estimating pi_0 from a uniformly sampled set of 10000 p-values.
#   Estimating pi_0.
# Minimal pi_zero = 0.979452
#   Estimated pi_0=0.987709
Using motif +M1871_1.02 of width 10.
Using motif -M1871_1.02 of width 10.
Warning: Reached max stored scores (100000).
Motif matches with p-value >= 2.8e-05 have been dropped to reclaim memory.
Computing q-values.
# Computing q-values.
#   Estimating pi_0 from a uniformly sampled set of 10000 p-values.
#   Estimating pi_0.
# Minimal pi_zero = 0.976835
#   Estimated pi_0=0.981979
Using motif +M1882_1.02 of width 21.
Using motif -M1882_1.02 of width 21.
Warning: Reached max stored scores (100000).
Motif matches with p-value >= 4.2e-05 have been dropped to reclaim memory.
Computing q-values.
# Computing q-values.
#   Estimating pi_0 from a uniformly sampled set of 10000 p-values.
#   Estimating pi_0.
# Minimal pi_zero = 0.97593
#   Estimated pi_0=0.981047
Using motif +M1884_1.02 of width 15.
Using motif -M1884_1.02 of width 15.
Computing q-values.
# Computing q-values.
#   Estimating pi_0 from a uniformly sampled set of 10000 p-values.
#   Estimating pi_0.
# Minimal pi_zero = 0.989579
#   Estimated pi_0=0.994518
Using motif +M1889_1.02 of width 10.
Using motif -M1889_1.02 of width 10.
Computing q-values.
# Computing q-values.
#   Estimating pi_0 from a uniformly sampled set of 10000 p-values.
#   Estimating pi_0.
# Minimal pi_zero = 0.99497
#   Estimated pi_0=1
Using motif +M1890_1.02 of width 18.
Using motif -M1890_1.02 of width 18.
Computing q-values.
# Computing q-values.
#   Estimating pi_0 from a uniformly sampled set of 10000 p-values.
#   Estimating pi_0.
# Minimal pi_zero = 0.979048
#   Estimated pi_0=0.99
Using motif +M1906_1.02 of width 11.
Using motif -M1906_1.02 of width 11.
Warning: Reached max stored scores (100000).
Motif matches with p-value >= 3.2e-05 have been dropped to reclaim memory.
Warning: Reached max stored scores (100000).
Motif matches with p-value >= 1.2e-05 have been dropped to reclaim memory.
Computing q-values.
# Computing q-values.
#   Estimating pi_0 from a uniformly sampled set of 10000 p-values.
#   Estimating pi_0.
# Minimal pi_zero = 0.966433
#   Estimated pi_0=0.968387
Using motif +M1915_1.02 of width 20.
Using motif -M1915_1.02 of width 20.
Warning: Reached max stored scores (100000).
Motif matches with p-value >= 4.8e-05 have been dropped to reclaim memory.
Computing q-values.
# Computing q-values.
#   Estimating pi_0 from a uniformly sampled set of 10000 p-values.
#   Estimating pi_0.
# Minimal pi_zero = 0.981595
#   Estimated pi_0=0.987565
Using motif +M1917_1.02 of width 11.
Using motif -M1917_1.02 of width 11.
Computing q-values.
# Computing q-values.
#   Estimating pi_0 from a uniformly sampled set of 10000 p-values.
#   Estimating pi_0.
# Minimal pi_zero = 0.995873
#   Estimated pi_0=0.999196
Using motif +M1919_1.02 of width 12.
Using motif -M1919_1.02 of width 12.
Computing q-values.
# Computing q-values.
#   Estimating pi_0 from a uniformly sampled set of 10000 p-values.
#   Estimating pi_0.
# Minimal pi_zero = 0.982256
#   Estimated pi_0=0.991828
Using motif +M1925_1.02 of width 11.
Using motif -M1925_1.02 of width 11.
Computing q-values.
# Computing q-values.
#   Estimating pi_0 from a uniformly sampled set of 10000 p-values.
#   Estimating pi_0.
# Minimal pi_zero = 0.998758
#   Estimated pi_0=1
Using motif +M1926_1.02 of width 9.
Using motif -M1926_1.02 of width 9.
Computing q-values.
# Computing q-values.
#   Estimating pi_0 from a uniformly sampled set of 10000 p-values.
#   Estimating pi_0.
# Minimal pi_zero = 0.978218
#   Estimated pi_0=0.98617
Using motif +M1927_1.02 of width 8.
Using motif -M1927_1.02 of width 8.
Computing q-values.
# Computing q-values.
#   Estimating pi_0 from a uniformly sampled set of 10000 p-values.
#   Estimating pi_0.
# Minimal pi_zero = 0.995034
#   Estimated pi_0=0.999196
Using motif +M1928_1.02 of width 11.
Using motif -M1928_1.02 of width 11.
Computing q-values.
# Computing q-values.
#   Estimating pi_0 from a uniformly sampled set of 10000 p-values.
#   Estimating pi_0.
# Minimal pi_zero = 0.988289
#   Estimated pi_0=0.996146
Using motif +M1929_1.02 of width 15.
Using motif -M1929_1.02 of width 15.
Computing q-values.
# Computing q-values.
#   Estimating pi_0 from a uniformly sampled set of 10000 p-values.
#   Estimating pi_0.
# Minimal pi_zero = 0.994194
#   Estimated pi_0=0.997665
Using motif +M1934_1.02 of width 20.
Using motif -M1934_1.02 of width 20.
Warning: Reached max stored scores (100000).
Motif matches with p-value >= 4.4e-05 have been dropped to reclaim memory.
Computing q-values.
# Computing q-values.
#   Estimating pi_0 from a uniformly sampled set of 10000 p-values.
#   Estimating pi_0.
# Minimal pi_zero = 0.970171
#   Estimated pi_0=0.971889
Using motif +M1950_1.02 of width 6.
Using motif -M1950_1.02 of width 6.
Computing q-values.
Using motif +M1955_1.02 of width 11.
Using motif -M1955_1.02 of width 11.
Computing q-values.
# Computing q-values.
#   Estimating pi_0 from a uniformly sampled set of 10000 p-values.
#   Estimating pi_0.
# Minimal pi_zero = 0.993256
#   Estimated pi_0=0.996162
Using motif +M1963_1.02 of width 14.
Using motif -M1963_1.02 of width 14.
Warning: Reached max stored scores (100000).
Motif matches with p-value >= 4e-05 have been dropped to reclaim memory.
Computing q-values.
# Computing q-values.
#   Estimating pi_0 from a uniformly sampled set of 10000 p-values.
#   Estimating pi_0.
# Minimal pi_zero = 0.954172
#   Estimated pi_0=0.957178
Using motif +M1968_1.02 of width 11.
Using motif -M1968_1.02 of width 11.
Warning: Reached max stored scores (100000).
Motif matches with p-value >= 4.4e-05 have been dropped to reclaim memory.
Computing q-values.
# Computing q-values.
#   Estimating pi_0 from a uniformly sampled set of 10000 p-values.
#   Estimating pi_0.
# Minimal pi_zero = 0.976178
#   Estimated pi_0=0.983158
Using motif +M1970_1.02 of width 6.
Using motif -M1970_1.02 of width 6.
Computing q-values.
Using motif +M2065_1.02 of width 15.
Using motif -M2065_1.02 of width 15.
Computing q-values.
# Computing q-values.
#   Estimating pi_0 from a uniformly sampled set of 10000 p-values.
#   Estimating pi_0.
# Minimal pi_zero = 0.978816
#   Estimated pi_0=0.983934
Using motif +M2264_1.02 of width 8.
Using motif -M2264_1.02 of width 8.
Computing q-values.
# Computing q-values.
#   Estimating pi_0 from a uniformly sampled set of 10000 p-values.
#   Estimating pi_0.
# Minimal pi_zero = 0.984648
#   Estimated pi_0=0.989231
Using motif +M2267_1.02 of width 11.
Using motif -M2267_1.02 of width 11.
Computing q-values.
# Computing q-values.
#   Estimating pi_0 from a uniformly sampled set of 10000 p-values.
#   Estimating pi_0.
# Minimal pi_zero = 0.986994
#   Estimated pi_0=0.996548
Using motif +M2268_1.02 of width 11.
Using motif -M2268_1.02 of width 11.
Computing q-values.
# Computing q-values.
#   Estimating pi_0 from a uniformly sampled set of 10000 p-values.
#   Estimating pi_0.
# Minimal pi_zero = 1.00012
#   Estimated pi_0=1
Using motif +M2270_1.02 of width 11.
Using motif -M2270_1.02 of width 11.
Computing q-values.
# Computing q-values.
#   Estimating pi_0 from a uniformly sampled set of 10000 p-values.
#   Estimating pi_0.
# Minimal pi_zero = 0.996175
#   Estimated pi_0=0.999196
Using motif +M2273_1.02 of width 11.
Using motif -M2273_1.02 of width 11.
Warning: Reached max stored scores (100000).
Motif matches with p-value >= 4.2e-05 have been dropped to reclaim memory.
Computing q-values.
# Computing q-values.
#   Estimating pi_0 from a uniformly sampled set of 10000 p-values.
#   Estimating pi_0.
# Minimal pi_zero = 0.975132
#   Estimated pi_0=0.97871
Using motif +M2275_1.02 of width 13.
Using motif -M2275_1.02 of width 13.
Computing q-values.
# Computing q-values.
#   Estimating pi_0 from a uniformly sampled set of 10000 p-values.
#   Estimating pi_0.
# Minimal pi_zero = 0.988675
#   Estimated pi_0=0.996263
Using motif +M2277_1.02 of width 11.
Using motif -M2277_1.02 of width 11.
Warning: Reached max stored scores (100000).
Motif matches with p-value >= 4.3e-05 have been dropped to reclaim memory.
Computing q-values.
# Computing q-values.
#   Estimating pi_0 from a uniformly sampled set of 10000 p-values.
#   Estimating pi_0.
# Minimal pi_zero = 0.980909
#   Estimated pi_0=0.985638
Using motif +M2278_1.02 of width 11.
Using motif -M2278_1.02 of width 11.
Warning: Reached max stored scores (100000).
Motif matches with p-value >= 3.9e-05 have been dropped to reclaim memory.
Computing q-values.
# Computing q-values.
#   Estimating pi_0 from a uniformly sampled set of 10000 p-values.
#   Estimating pi_0.
# Minimal pi_zero = 0.994595
#   Estimated pi_0=0.998492
Using motif +M2281_1.02 of width 11.
Using motif -M2281_1.02 of width 11.
Computing q-values.
# Computing q-values.
#   Estimating pi_0 from a uniformly sampled set of 10000 p-values.
#   Estimating pi_0.
# Minimal pi_zero = 0.984806
#   Estimated pi_0=0.99797
Using motif +M2283_1.02 of width 15.
Using motif -M2283_1.02 of width 15.
Warning: Reached max stored scores (100000).
Motif matches with p-value >= 6.5e-05 have been dropped to reclaim memory.
Warning: Reached max stored scores (100000).
Motif matches with p-value >= 3.3e-05 have been dropped to reclaim memory.
Computing q-values.
# Computing q-values.
#   Estimating pi_0 from a uniformly sampled set of 10000 p-values.
#   Estimating pi_0.
# Minimal pi_zero = 0.973989
#   Estimated pi_0=0.976578
Using motif +M2286_1.02 of width 15.
Using motif -M2286_1.02 of width 15.
Computing q-values.
# Computing q-values.
#   Estimating pi_0 from a uniformly sampled set of 10000 p-values.
#   Estimating pi_0.
# Minimal pi_zero = 0.972715
#   Estimated pi_0=0.983372
Using motif +M2287_1.02 of width 13.
Using motif -M2287_1.02 of width 13.
Computing q-values.
# Computing q-values.
#   Estimating pi_0 from a uniformly sampled set of 10000 p-values.
#   Estimating pi_0.
# Minimal pi_zero = 0.997025
#   Estimated pi_0=0.999899
Using motif +M2289_1.02 of width 13.
Using motif -M2289_1.02 of width 13.
Computing q-values.
# Computing q-values.
#   Estimating pi_0 from a uniformly sampled set of 10000 p-values.
#   Estimating pi_0.
# Minimal pi_zero = 0.98495
#   Estimated pi_0=0.997665
Using motif +M2292_1.02 of width 11.
Using motif -M2292_1.02 of width 11.
Warning: Reached max stored scores (100000).
Motif matches with p-value >= 3.6e-05 have been dropped to reclaim memory.
Computing q-values.
# Computing q-values.
#   Estimating pi_0 from a uniformly sampled set of 10000 p-values.
#   Estimating pi_0.
# Minimal pi_zero = 0.997449
#   Estimated pi_0=0.999196
Using motif +M2296_1.02 of width 15.
Using motif -M2296_1.02 of width 15.
Computing q-values.
# Computing q-values.
#   Estimating pi_0 from a uniformly sampled set of 10000 p-values.
#   Estimating pi_0.
# Minimal pi_zero = 0.991503
#   Estimated pi_0=0.99732
Using motif +M2299_1.02 of width 13.
Using motif -M2299_1.02 of width 13.
Warning: Reached max stored scores (100000).
Motif matches with p-value >= 4.1e-05 have been dropped to reclaim memory.
Computing q-values.
# Computing q-values.
#   Estimating pi_0 from a uniformly sampled set of 10000 p-values.
#   Estimating pi_0.
# Minimal pi_zero = 0.979477
#   Estimated pi_0=0.984021
Using motif +M2301_1.02 of width 15.
Using motif -M2301_1.02 of width 15.
Computing q-values.
# Computing q-values.
#   Estimating pi_0 from a uniformly sampled set of 10000 p-values.
#   Estimating pi_0.
# Minimal pi_zero = 0.979038
#   Estimated pi_0=0.988392
Using motif +M2303_1.02 of width 15.
Using motif -M2303_1.02 of width 15.
Computing q-values.
# Computing q-values.
#   Estimating pi_0 from a uniformly sampled set of 10000 p-values.
#   Estimating pi_0.
# Minimal pi_zero = 0.965323
#   Estimated pi_0=0.974318
Using motif +M2305_1.02 of width 11.
Using motif -M2305_1.02 of width 11.
Computing q-values.
# Computing q-values.
#   Estimating pi_0 from a uniformly sampled set of 10000 p-values.
#   Estimating pi_0.
# Minimal pi_zero = 0.961026
#   Estimated pi_0=0.972632
Using motif +M2306_1.02 of width 13.
Using motif -M2306_1.02 of width 13.
Computing q-values.
# Computing q-values.
#   Estimating pi_0 from a uniformly sampled set of 10000 p-values.
#   Estimating pi_0.
# Minimal pi_zero = 0.99
#   Estimated pi_0=0.995104
Using motif +M2307_1.02 of width 15.
Using motif -M2307_1.02 of width 15.
Warning: Reached max stored scores (100000).
Motif matches with p-value >= 4.5e-05 have been dropped to reclaim memory.
Computing q-values.
# Computing q-values.
#   Estimating pi_0 from a uniformly sampled set of 10000 p-values.
#   Estimating pi_0.
# Minimal pi_zero = 0.965581
#   Estimated pi_0=0.969189
Using motif +M2310_1.02 of width 15.
Using motif -M2310_1.02 of width 15.
Warning: Reached max stored scores (100000).
Motif matches with p-value >= 4.3e-05 have been dropped to reclaim memory.
Computing q-values.
# Computing q-values.
#   Estimating pi_0 from a uniformly sampled set of 10000 p-values.
#   Estimating pi_0.
# Minimal pi_zero = 0.982088
#   Estimated pi_0=0.985236
Using motif +M2313_1.02 of width 10.
Using motif -M2313_1.02 of width 10.
Computing q-values.
# Computing q-values.
#   Estimating pi_0 from a uniformly sampled set of 10000 p-values.
#   Estimating pi_0.
# Minimal pi_zero = 0.975
#   Estimated pi_0=0.979681
Using motif +M2314_1.02 of width 15.
Using motif -M2314_1.02 of width 15.
Warning: Reached max stored scores (100000).
Motif matches with p-value >= 3.2e-05 have been dropped to reclaim memory.
Warning: Reached max stored scores (100000).
Motif matches with p-value >= 1e-05 have been dropped to reclaim memory.
Computing q-values.
# Computing q-values.
#   Estimating pi_0 from a uniformly sampled set of 10000 p-values.
#   Estimating pi_0.
# Minimal pi_zero = 0.962156
#   Estimated pi_0=0.96836
Using motif +M2319_1.02 of width 14.
Using motif -M2319_1.02 of width 14.
Computing q-values.
# Computing q-values.
#   Estimating pi_0 from a uniformly sampled set of 10000 p-values.
#   Estimating pi_0.
# Minimal pi_zero = 0.986742
#   Estimated pi_0=0.98963
Using motif +M2321_1.02 of width 20.
Using motif -M2321_1.02 of width 20.
Computing q-values.
# Computing q-values.
#   Estimating pi_0 from a uniformly sampled set of 10000 p-values.
#   Estimating pi_0.
# Minimal pi_zero = 0.987368
#   Estimated pi_0=0.99164
Using motif +M2323_1.02 of width 15.
Using motif -M2323_1.02 of width 15.
Computing q-values.
# Computing q-values.
#   Estimating pi_0 from a uniformly sampled set of 10000 p-values.
#   Estimating pi_0.
# Minimal pi_zero = 0.972661
#   Estimated pi_0=0.98062
Using motif +M2385_1.02 of width 11.
Using motif -M2385_1.02 of width 11.
Computing q-values.
# Computing q-values.
#   Estimating pi_0 from a uniformly sampled set of 10000 p-values.
#   Estimating pi_0.
# Minimal pi_zero = 0.981325
#   Estimated pi_0=0.986875
Using motif +M2387_1.02 of width 10.
Using motif -M2387_1.02 of width 10.
Computing q-values.
# Computing q-values.
#   Estimating pi_0 from a uniformly sampled set of 10000 p-values.
#   Estimating pi_0.
# Minimal pi_zero = 0.978654
#   Estimated pi_0=0.994227
Using motif +M2388_1.02 of width 10.
Using motif -M2388_1.02 of width 10.
Computing q-values.
# Computing q-values.
#   Estimating pi_0 from a uniformly sampled set of 10000 p-values.
#   Estimating pi_0.
# Minimal pi_zero = 0.996513
#   Estimated pi_0=0.999095
Using motif +M2390_1.02 of width 8.
Using motif -M2390_1.02 of width 8.
Warning: Reached max stored scores (100000).
Motif matches with p-value >= 3.9e-05 have been dropped to reclaim memory.
Computing q-values.
# Computing q-values.
#   Estimating pi_0 from a uniformly sampled set of 10000 p-values.
#   Estimating pi_0.
# Minimal pi_zero = 0.977605
#   Estimated pi_0=0.985078
Using motif +M2391_1.02 of width 10.
Using motif -M2391_1.02 of width 10.
Warning: Reached max stored scores (100000).
Motif matches with p-value >= 3.8e-05 have been dropped to reclaim memory.
Warning: Reached max stored scores (100000).
Motif matches with p-value >= 1.1e-05 have been dropped to reclaim memory.
Computing q-values.
# Computing q-values.
#   Estimating pi_0 from a uniformly sampled set of 10000 p-values.
#   Estimating pi_0.
# Minimal pi_zero = 0.965697
#   Estimated pi_0=0.97
Using motif +M2392_1.02 of width 19.
Using motif -M2392_1.02 of width 19.
Computing q-values.
# Computing q-values.
#   Estimating pi_0 from a uniformly sampled set of 10000 p-values.
#   Estimating pi_0.
# Minimal pi_zero = 0.989697
#   Estimated pi_0=0.996061
Using motif +M4344_1.02 of width 8.
Using motif -M4344_1.02 of width 8.
Computing q-values.
# Computing q-values.
#   Estimating pi_0 from a uniformly sampled set of 10000 p-values.
#   Estimating pi_0.
# Minimal pi_zero = 0.991429
#   Estimated pi_0=1
Using motif +M4427_1.02 of width 21.
Using motif -M4427_1.02 of width 21.
Warning: Reached max stored scores (100000).
Motif matches with p-value >= 3.1e-05 have been dropped to reclaim memory.
Computing q-values.
# Computing q-values.
#   Estimating pi_0 from a uniformly sampled set of 10000 p-values.
#   Estimating pi_0.
# Minimal pi_zero = 0.963399
#   Estimated pi_0=0.97086
Using motif +M4428_1.02 of width 14.
Using motif -M4428_1.02 of width 14.
Computing q-values.
# Computing q-values.
#   Estimating pi_0 from a uniformly sampled set of 10000 p-values.
#   Estimating pi_0.
# Minimal pi_zero = 0.98
#   Estimated pi_0=0.99235
Using motif +M4438_1.02 of width 15.
Using motif -M4438_1.02 of width 15.
Computing q-values.
# Computing q-values.
#   Estimating pi_0 from a uniformly sampled set of 10000 p-values.
#   Estimating pi_0.
# Minimal pi_zero = 0.981358
#   Estimated pi_0=0.989362
Using motif +M4444_1.02 of width 14.
Using motif -M4444_1.02 of width 14.
Computing q-values.
# Computing q-values.
#   Estimating pi_0 from a uniformly sampled set of 10000 p-values.
#   Estimating pi_0.
# Minimal pi_zero = 0.983179
#   Estimated pi_0=0.990899
Using motif +M4451_1.02 of width 11.
Using motif -M4451_1.02 of width 11.
Computing q-values.
# Computing q-values.
#   Estimating pi_0 from a uniformly sampled set of 10000 p-values.
#   Estimating pi_0.
# Minimal pi_zero = 0.966667
#   Estimated pi_0=0.974264
Using motif +M4452_1.02 of width 15.
Using motif -M4452_1.02 of width 15.
Computing q-values.
# Computing q-values.
#   Estimating pi_0 from a uniformly sampled set of 10000 p-values.
#   Estimating pi_0.
# Minimal pi_zero = 0.996615
#   Estimated pi_0=0.998794
Using motif +M4453_1.02 of width 15.
Using motif -M4453_1.02 of width 15.
Warning: Reached max stored scores (100000).
Motif matches with p-value >= 4.4e-05 have been dropped to reclaim memory.
Computing q-values.
# Computing q-values.
#   Estimating pi_0 from a uniformly sampled set of 10000 p-values.
#   Estimating pi_0.
# Minimal pi_zero = 0.968944
#   Estimated pi_0=0.977647
Using motif +M4454_1.02 of width 15.
Using motif -M4454_1.02 of width 15.
Computing q-values.
# Computing q-values.
#   Estimating pi_0 from a uniformly sampled set of 10000 p-values.
#   Estimating pi_0.
# Minimal pi_zero = 0.9588
#   Estimated pi_0=0.967241
Using motif +M4459_1.02 of width 20.
Using motif -M4459_1.02 of width 20.
Warning: Reached max stored scores (100000).
Motif matches with p-value >= 3.1e-05 have been dropped to reclaim memory.
Warning: Reached max stored scores (100000).
Motif matches with p-value >= 9.2e-06 have been dropped to reclaim memory.
Computing q-values.
# Computing q-values.
#   Estimating pi_0 from a uniformly sampled set of 10000 p-values.
#   Estimating pi_0.
# Minimal pi_zero = 0.958205
#   Estimated pi_0=0.959444
Using motif +M4461_1.02 of width 21.
Using motif -M4461_1.02 of width 21.
Computing q-values.
# Computing q-values.
#   Estimating pi_0 from a uniformly sampled set of 10000 p-values.
#   Estimating pi_0.
# Minimal pi_zero = 0.98538
#   Estimated pi_0=0.991518
Using motif +M4462_1.02 of width 11.
Using motif -M4462_1.02 of width 11.
Computing q-values.
# Computing q-values.
#   Estimating pi_0 from a uniformly sampled set of 10000 p-values.
#   Estimating pi_0.
# Minimal pi_zero = 0.975849
#   Estimated pi_0=0.982659
Using motif +M4463_1.02 of width 18.
Using motif -M4463_1.02 of width 18.
Computing q-values.
# Computing q-values.
#   Estimating pi_0 from a uniformly sampled set of 10000 p-values.
#   Estimating pi_0.
# Minimal pi_zero = 0.968472
#   Estimated pi_0=0.978161
Using motif +M4467_1.02 of width 15.
Using motif -M4467_1.02 of width 15.
Computing q-values.
# Computing q-values.
#   Estimating pi_0 from a uniformly sampled set of 10000 p-values.
#   Estimating pi_0.
# Minimal pi_zero = 0.991579
#   Estimated pi_0=0.994564
Using motif +M4469_1.02 of width 14.
Using motif -M4469_1.02 of width 14.
Computing q-values.
# Computing q-values.
#   Estimating pi_0 from a uniformly sampled set of 10000 p-values.
#   Estimating pi_0.
# Minimal pi_zero = 0.981775
#   Estimated pi_0=0.986842
Using motif +M4471_1.02 of width 15.
Using motif -M4471_1.02 of width 15.
Computing q-values.
# Computing q-values.
#   Estimating pi_0 from a uniformly sampled set of 10000 p-values.
#   Estimating pi_0.
# Minimal pi_zero = 0.969038
#   Estimated pi_0=0.978084
Using motif +M4473_1.02 of width 15.
Using motif -M4473_1.02 of width 15.
Computing q-values.
# Computing q-values.
#   Estimating pi_0 from a uniformly sampled set of 10000 p-values.
#   Estimating pi_0.
# Minimal pi_zero = 0.980721
#   Estimated pi_0=0.993579
Using motif +M4476_1.02 of width 15.
Using motif -M4476_1.02 of width 15.
Computing q-values.
# Computing q-values.
#   Estimating pi_0 from a uniformly sampled set of 10000 p-values.
#   Estimating pi_0.
# Minimal pi_zero = 0.979658
#   Estimated pi_0=0.989783
Using motif +M4477_1.02 of width 19.
Using motif -M4477_1.02 of width 19.
Computing q-values.
# Computing q-values.
#   Estimating pi_0 from a uniformly sampled set of 10000 p-values.
#   Estimating pi_0.
# Minimal pi_zero = 0.997957
#   Estimated pi_0=1
Using motif +M4478_1.02 of width 20.
Using motif -M4478_1.02 of width 20.
Computing q-values.
# Computing q-values.
#   Estimating pi_0 from a uniformly sampled set of 10000 p-values.
#   Estimating pi_0.
# Minimal pi_zero = 0.990559
#   Estimated pi_0=0.999799
Using motif +M4479_1.02 of width 11.
Using motif -M4479_1.02 of width 11.
Warning: Reached max stored scores (100000).
Motif matches with p-value >= 4.1e-05 have been dropped to reclaim memory.
Computing q-values.
# Computing q-values.
#   Estimating pi_0 from a uniformly sampled set of 10000 p-values.
#   Estimating pi_0.
# Minimal pi_zero = 0.976608
#   Estimated pi_0=0.980968
Using motif +M4481_1.02 of width 15.
Using motif -M4481_1.02 of width 15.
Computing q-values.
# Computing q-values.
#   Estimating pi_0 from a uniformly sampled set of 10000 p-values.
#   Estimating pi_0.
# Minimal pi_zero = 0.979864
#   Estimated pi_0=0.983926
Using motif +M4484_1.02 of width 15.
Using motif -M4484_1.02 of width 15.
Computing q-values.
# Computing q-values.
#   Estimating pi_0 from a uniformly sampled set of 10000 p-values.
#   Estimating pi_0.
# Minimal pi_zero = 0.99235
#   Estimated pi_0=0.994184
Using motif +M4509_1.02 of width 17.
Using motif -M4509_1.02 of width 17.
Computing q-values.
# Computing q-values.
#   Estimating pi_0 from a uniformly sampled set of 10000 p-values.
#   Estimating pi_0.
# Minimal pi_zero = 0.987556
#   Estimated pi_0=0.989892
Using motif +M4511_1.02 of width 8.
Using motif -M4511_1.02 of width 8.
Computing q-values.
# Computing q-values.
#   Estimating pi_0 from a uniformly sampled set of 10000 p-values.
#   Estimating pi_0.
# Minimal pi_zero = 0.988889
#   Estimated pi_0=0.998894
Using motif +M4522_1.02 of width 10.
Using motif -M4522_1.02 of width 10.
Computing q-values.
# Computing q-values.
#   Estimating pi_0 from a uniformly sampled set of 10000 p-values.
#   Estimating pi_0.
# Minimal pi_zero = 0.975447
#   Estimated pi_0=0.991361
Using motif +M4525_1.02 of width 15.
Using motif -M4525_1.02 of width 15.
Warning: Reached max stored scores (100000).
Motif matches with p-value >= 4.4e-05 have been dropped to reclaim memory.
Computing q-values.
# Computing q-values.
#   Estimating pi_0 from a uniformly sampled set of 10000 p-values.
#   Estimating pi_0.
# Minimal pi_zero = 0.958333
#   Estimated pi_0=0.963757
Using motif +M4526_1.02 of width 15.
Using motif -M4526_1.02 of width 15.
Warning: Reached max stored scores (100000).
Motif matches with p-value >= 3.5e-05 have been dropped to reclaim memory.
Computing q-values.
# Computing q-values.
#   Estimating pi_0 from a uniformly sampled set of 10000 p-values.
#   Estimating pi_0.
# Minimal pi_zero = 0.992714
#   Estimated pi_0=0.995816
Using motif +M4527_1.02 of width 21.
Using motif -M4527_1.02 of width 21.
