INFO  @ Fri, 02 Aug 2019 13:38:33: 
# Command line: callpeak -t /home/yuanh/analysis/WI38_ATAC/process/shift_bed/hTERT_TP5_omni_A_S33_SE.bed /home/yuanh/analysis/WI38_ATAC/process/shift_bed/hTERT_TP5_omni_B_S34_SE.bed /home/yuanh/analysis/WI38_ATAC/process/shift_bed/hTERT_TP5_omni_C_S35_SE.bed -f BED -n hTERT_TP5_omni --outdir /home/yuanh/analysis/WI38_ATAC/process/macs2out_pool/ --keep-dup all -g hs -p 1e-1 --nomodel --shift -37 --extsize 73
# ARGUMENTS LIST:
# name = hTERT_TP5_omni
# format = BED
# ChIP-seq file = ['/home/yuanh/analysis/WI38_ATAC/process/shift_bed/hTERT_TP5_omni_A_S33_SE.bed', '/home/yuanh/analysis/WI38_ATAC/process/shift_bed/hTERT_TP5_omni_B_S34_SE.bed', '/home/yuanh/analysis/WI38_ATAC/process/shift_bed/hTERT_TP5_omni_C_S35_SE.bed']
# control file = None
# effective genome size = 2.70e+09
# band width = 300
# model fold = [5, 50]
# pvalue cutoff = 1.00e-01
# qvalue will not be calculated and reported as -1 in the final output.
# The maximum gap between significant sites is assigned as the read length/tag size.
# The minimum length of peaks is assigned as the predicted fragment length "d".
# Larger dataset will be scaled towards smaller dataset.
# Range for calculating regional lambda is: 10000 bps
# Broad region calling is off
# Paired-End mode is off
 
INFO  @ Fri, 02 Aug 2019 13:38:33: #1 read tag files... 
INFO  @ Fri, 02 Aug 2019 13:38:33: #1 read treatment tags... 
INFO  @ Fri, 02 Aug 2019 13:38:35:  1000000 
INFO  @ Fri, 02 Aug 2019 13:38:35:  2000000 
INFO  @ Fri, 02 Aug 2019 13:38:36:  3000000 
INFO  @ Fri, 02 Aug 2019 13:38:37:  4000000 
INFO  @ Fri, 02 Aug 2019 13:38:38:  5000000 
INFO  @ Fri, 02 Aug 2019 13:38:39:  6000000 
INFO  @ Fri, 02 Aug 2019 13:38:40:  7000000 
INFO  @ Fri, 02 Aug 2019 13:38:41:  8000000 
INFO  @ Fri, 02 Aug 2019 13:38:43:  9000000 
INFO  @ Fri, 02 Aug 2019 13:38:44:  10000000 
INFO  @ Fri, 02 Aug 2019 13:38:45:  11000000 
INFO  @ Fri, 02 Aug 2019 13:38:46:  12000000 
INFO  @ Fri, 02 Aug 2019 13:38:47:  13000000 
INFO  @ Fri, 02 Aug 2019 13:38:48:  14000000 
INFO  @ Fri, 02 Aug 2019 13:38:49:  15000000 
INFO  @ Fri, 02 Aug 2019 13:38:50:  16000000 
INFO  @ Fri, 02 Aug 2019 13:38:51:  17000000 
INFO  @ Fri, 02 Aug 2019 13:38:52:  18000000 
INFO  @ Fri, 02 Aug 2019 13:38:53:  19000000 
INFO  @ Fri, 02 Aug 2019 13:38:53:  20000000 
INFO  @ Fri, 02 Aug 2019 13:38:54:  21000000 
INFO  @ Fri, 02 Aug 2019 13:38:55:  22000000 
INFO  @ Fri, 02 Aug 2019 13:38:56:  23000000 
INFO  @ Fri, 02 Aug 2019 13:38:57:  24000000 
INFO  @ Fri, 02 Aug 2019 13:38:58:  25000000 
INFO  @ Fri, 02 Aug 2019 13:38:59:  26000000 
INFO  @ Fri, 02 Aug 2019 13:39:00:  27000000 
INFO  @ Fri, 02 Aug 2019 13:39:01:  28000000 
INFO  @ Fri, 02 Aug 2019 13:39:02:  29000000 
INFO  @ Fri, 02 Aug 2019 13:39:03:  30000000 
INFO  @ Fri, 02 Aug 2019 13:39:04:  31000000 
INFO  @ Fri, 02 Aug 2019 13:39:05:  32000000 
INFO  @ Fri, 02 Aug 2019 13:39:06:  33000000 
INFO  @ Fri, 02 Aug 2019 13:39:07:  34000000 
INFO  @ Fri, 02 Aug 2019 13:39:08:  35000000 
INFO  @ Fri, 02 Aug 2019 13:39:09:  36000000 
INFO  @ Fri, 02 Aug 2019 13:39:10:  37000000 
INFO  @ Fri, 02 Aug 2019 13:39:11:  38000000 
INFO  @ Fri, 02 Aug 2019 13:39:12:  39000000 
INFO  @ Fri, 02 Aug 2019 13:39:13:  40000000 
INFO  @ Fri, 02 Aug 2019 13:39:14:  41000000 
INFO  @ Fri, 02 Aug 2019 13:39:15:  1000000 
INFO  @ Fri, 02 Aug 2019 13:39:16:  2000000 
INFO  @ Fri, 02 Aug 2019 13:39:17:  3000000 
INFO  @ Fri, 02 Aug 2019 13:39:18:  4000000 
INFO  @ Fri, 02 Aug 2019 13:39:19:  5000000 
INFO  @ Fri, 02 Aug 2019 13:39:20:  6000000 
INFO  @ Fri, 02 Aug 2019 13:39:21:  7000000 
INFO  @ Fri, 02 Aug 2019 13:39:22:  8000000 
INFO  @ Fri, 02 Aug 2019 13:39:23:  9000000 
INFO  @ Fri, 02 Aug 2019 13:39:24:  10000000 
INFO  @ Fri, 02 Aug 2019 13:39:25:  11000000 
INFO  @ Fri, 02 Aug 2019 13:39:26:  12000000 
INFO  @ Fri, 02 Aug 2019 13:39:27:  13000000 
INFO  @ Fri, 02 Aug 2019 13:39:28:  14000000 
INFO  @ Fri, 02 Aug 2019 13:39:29:  15000000 
INFO  @ Fri, 02 Aug 2019 13:39:30:  16000000 
INFO  @ Fri, 02 Aug 2019 13:39:31:  17000000 
INFO  @ Fri, 02 Aug 2019 13:39:32:  18000000 
INFO  @ Fri, 02 Aug 2019 13:39:33:  19000000 
INFO  @ Fri, 02 Aug 2019 13:39:34:  20000000 
INFO  @ Fri, 02 Aug 2019 13:39:35:  21000000 
INFO  @ Fri, 02 Aug 2019 13:39:36:  22000000 
INFO  @ Fri, 02 Aug 2019 13:39:37:  23000000 
INFO  @ Fri, 02 Aug 2019 13:39:38:  24000000 
INFO  @ Fri, 02 Aug 2019 13:39:39:  25000000 
INFO  @ Fri, 02 Aug 2019 13:39:40:  26000000 
INFO  @ Fri, 02 Aug 2019 13:39:41:  27000000 
INFO  @ Fri, 02 Aug 2019 13:39:42:  28000000 
INFO  @ Fri, 02 Aug 2019 13:39:43:  29000000 
INFO  @ Fri, 02 Aug 2019 13:39:44:  30000000 
INFO  @ Fri, 02 Aug 2019 13:39:45:  31000000 
INFO  @ Fri, 02 Aug 2019 13:39:46:  32000000 
INFO  @ Fri, 02 Aug 2019 13:39:47:  33000000 
INFO  @ Fri, 02 Aug 2019 13:39:48:  34000000 
INFO  @ Fri, 02 Aug 2019 13:39:49:  35000000 
INFO  @ Fri, 02 Aug 2019 13:39:50:  36000000 
INFO  @ Fri, 02 Aug 2019 13:39:51:  37000000 
INFO  @ Fri, 02 Aug 2019 13:39:52:  38000000 
INFO  @ Fri, 02 Aug 2019 13:39:53:  39000000 
INFO  @ Fri, 02 Aug 2019 13:39:55:  40000000 
INFO  @ Fri, 02 Aug 2019 13:39:56:  41000000 
INFO  @ Fri, 02 Aug 2019 13:39:57:  42000000 
INFO  @ Fri, 02 Aug 2019 13:39:58:  43000000 
INFO  @ Fri, 02 Aug 2019 13:39:59:  44000000 
INFO  @ Fri, 02 Aug 2019 13:40:00:  45000000 
INFO  @ Fri, 02 Aug 2019 13:40:01:  46000000 
INFO  @ Fri, 02 Aug 2019 13:40:02:  47000000 
INFO  @ Fri, 02 Aug 2019 13:40:03:  48000000 
INFO  @ Fri, 02 Aug 2019 13:40:04:  49000000 
INFO  @ Fri, 02 Aug 2019 13:40:05:  50000000 
INFO  @ Fri, 02 Aug 2019 13:40:06:  51000000 
INFO  @ Fri, 02 Aug 2019 13:40:07:  52000000 
INFO  @ Fri, 02 Aug 2019 13:40:08:  53000000 
INFO  @ Fri, 02 Aug 2019 13:40:09:  54000000 
INFO  @ Fri, 02 Aug 2019 13:40:10:  55000000 
INFO  @ Fri, 02 Aug 2019 13:40:11:  56000000 
INFO  @ Fri, 02 Aug 2019 13:40:12:  57000000 
INFO  @ Fri, 02 Aug 2019 13:40:13:  58000000 
INFO  @ Fri, 02 Aug 2019 13:40:15:  59000000 
INFO  @ Fri, 02 Aug 2019 13:40:16:  60000000 
INFO  @ Fri, 02 Aug 2019 13:40:17:  61000000 
INFO  @ Fri, 02 Aug 2019 13:40:18:  1000000 
INFO  @ Fri, 02 Aug 2019 13:40:19:  2000000 
INFO  @ Fri, 02 Aug 2019 13:40:20:  3000000 
INFO  @ Fri, 02 Aug 2019 13:40:21:  4000000 
INFO  @ Fri, 02 Aug 2019 13:40:22:  5000000 
INFO  @ Fri, 02 Aug 2019 13:40:23:  6000000 
INFO  @ Fri, 02 Aug 2019 13:40:24:  7000000 
INFO  @ Fri, 02 Aug 2019 13:40:25:  8000000 
INFO  @ Fri, 02 Aug 2019 13:40:26:  9000000 
INFO  @ Fri, 02 Aug 2019 13:40:27:  10000000 
INFO  @ Fri, 02 Aug 2019 13:40:28:  11000000 
INFO  @ Fri, 02 Aug 2019 13:40:29:  12000000 
INFO  @ Fri, 02 Aug 2019 13:40:30:  13000000 
INFO  @ Fri, 02 Aug 2019 13:40:31:  14000000 
INFO  @ Fri, 02 Aug 2019 13:40:32:  15000000 
INFO  @ Fri, 02 Aug 2019 13:40:33:  16000000 
INFO  @ Fri, 02 Aug 2019 13:40:35:  17000000 
INFO  @ Fri, 02 Aug 2019 13:40:36:  18000000 
INFO  @ Fri, 02 Aug 2019 13:40:37:  19000000 
INFO  @ Fri, 02 Aug 2019 13:40:38:  20000000 
INFO  @ Fri, 02 Aug 2019 13:40:39:  21000000 
INFO  @ Fri, 02 Aug 2019 13:40:40:  22000000 
INFO  @ Fri, 02 Aug 2019 13:40:41:  23000000 
INFO  @ Fri, 02 Aug 2019 13:40:42:  24000000 
INFO  @ Fri, 02 Aug 2019 13:40:43:  25000000 
INFO  @ Fri, 02 Aug 2019 13:40:44:  26000000 
INFO  @ Fri, 02 Aug 2019 13:40:45:  27000000 
INFO  @ Fri, 02 Aug 2019 13:40:46:  28000000 
INFO  @ Fri, 02 Aug 2019 13:40:47:  29000000 
INFO  @ Fri, 02 Aug 2019 13:40:48:  30000000 
INFO  @ Fri, 02 Aug 2019 13:40:49:  31000000 
INFO  @ Fri, 02 Aug 2019 13:40:50:  32000000 
INFO  @ Fri, 02 Aug 2019 13:40:51:  33000000 
INFO  @ Fri, 02 Aug 2019 13:40:52:  34000000 
INFO  @ Fri, 02 Aug 2019 13:40:52:  35000000 
INFO  @ Fri, 02 Aug 2019 13:40:54:  36000000 
INFO  @ Fri, 02 Aug 2019 13:40:55:  37000000 
INFO  @ Fri, 02 Aug 2019 13:40:55:  38000000 
INFO  @ Fri, 02 Aug 2019 13:40:56:  39000000 
INFO  @ Fri, 02 Aug 2019 13:40:57:  40000000 
INFO  @ Fri, 02 Aug 2019 13:40:58:  41000000 
INFO  @ Fri, 02 Aug 2019 13:40:59:  42000000 
INFO  @ Fri, 02 Aug 2019 13:41:00:  43000000 
INFO  @ Fri, 02 Aug 2019 13:41:01:  44000000 
INFO  @ Fri, 02 Aug 2019 13:41:02:  45000000 
INFO  @ Fri, 02 Aug 2019 13:41:03:  46000000 
INFO  @ Fri, 02 Aug 2019 13:41:04:  47000000 
INFO  @ Fri, 02 Aug 2019 13:41:05:  48000000 
INFO  @ Fri, 02 Aug 2019 13:41:17: #1 tag size is determined as 84 bps 
INFO  @ Fri, 02 Aug 2019 13:41:17: #1 tag size = 84.0 
INFO  @ Fri, 02 Aug 2019 13:41:17: #1  total tags in treatment: 150526384 
INFO  @ Fri, 02 Aug 2019 13:41:17: #1 finished! 
INFO  @ Fri, 02 Aug 2019 13:41:17: #2 Build Peak Model... 
INFO  @ Fri, 02 Aug 2019 13:41:17: #2 Skipped... 
INFO  @ Fri, 02 Aug 2019 13:41:17: #2 Use 73 as fragment length 
INFO  @ Fri, 02 Aug 2019 13:41:17: #2 Sequencing ends will be shifted towards 5' by 37 bp(s) 
INFO  @ Fri, 02 Aug 2019 13:41:17: #3 Call peaks... 
INFO  @ Fri, 02 Aug 2019 13:41:17: #3 Call peaks with given -log10pvalue cutoff: 1.00000 ... 
INFO  @ Fri, 02 Aug 2019 13:41:17: #3 Pre-compute pvalue-qvalue table... 
INFO  @ Fri, 02 Aug 2019 13:46:47: #3 Call peaks for each chromosome... 
INFO  @ Fri, 02 Aug 2019 13:49:01: #4 Write output xls file... /home/yuanh/analysis/WI38_ATAC/process/macs2out_pool/hTERT_TP5_omni_peaks.xls 
INFO  @ Fri, 02 Aug 2019 13:49:05: #4 Write peak in narrowPeak format file... /home/yuanh/analysis/WI38_ATAC/process/macs2out_pool/hTERT_TP5_omni_peaks.narrowPeak 
INFO  @ Fri, 02 Aug 2019 13:49:07: #4 Write summits bed file... /home/yuanh/analysis/WI38_ATAC/process/macs2out_pool/hTERT_TP5_omni_summits.bed 
INFO  @ Fri, 02 Aug 2019 13:49:08: Done! 
