INFO  @ Fri, 02 Aug 2019 13:38:33: 
# Command line: callpeak -t /home/yuanh/analysis/WI38_ATAC/process/shift_bed/hTERT_TP7_omni_A_S45_SE.bed /home/yuanh/analysis/WI38_ATAC/process/shift_bed/hTERT_TP7_omni_B_S46_SE.bed /home/yuanh/analysis/WI38_ATAC/process/shift_bed/hTERT_TP7_omni_C_S47_SE.bed -f BED -n hTERT_TP7_omni --outdir /home/yuanh/analysis/WI38_ATAC/process/macs2out_pool/ --keep-dup all -g hs -p 1e-1 --nomodel --shift -37 --extsize 73
# ARGUMENTS LIST:
# name = hTERT_TP7_omni
# format = BED
# ChIP-seq file = ['/home/yuanh/analysis/WI38_ATAC/process/shift_bed/hTERT_TP7_omni_A_S45_SE.bed', '/home/yuanh/analysis/WI38_ATAC/process/shift_bed/hTERT_TP7_omni_B_S46_SE.bed', '/home/yuanh/analysis/WI38_ATAC/process/shift_bed/hTERT_TP7_omni_C_S47_SE.bed']
# control file = None
# effective genome size = 2.70e+09
# band width = 300
# model fold = [5, 50]
# pvalue cutoff = 1.00e-01
# qvalue will not be calculated and reported as -1 in the final output.
# The maximum gap between significant sites is assigned as the read length/tag size.
# The minimum length of peaks is assigned as the predicted fragment length "d".
# Larger dataset will be scaled towards smaller dataset.
# Range for calculating regional lambda is: 10000 bps
# Broad region calling is off
# Paired-End mode is off
 
INFO  @ Fri, 02 Aug 2019 13:38:33: #1 read tag files... 
INFO  @ Fri, 02 Aug 2019 13:38:33: #1 read treatment tags... 
INFO  @ Fri, 02 Aug 2019 13:38:35:  1000000 
INFO  @ Fri, 02 Aug 2019 13:38:36:  2000000 
INFO  @ Fri, 02 Aug 2019 13:38:37:  3000000 
INFO  @ Fri, 02 Aug 2019 13:38:39:  4000000 
INFO  @ Fri, 02 Aug 2019 13:38:40:  5000000 
INFO  @ Fri, 02 Aug 2019 13:38:41:  6000000 
INFO  @ Fri, 02 Aug 2019 13:38:43:  7000000 
INFO  @ Fri, 02 Aug 2019 13:38:44:  8000000 
INFO  @ Fri, 02 Aug 2019 13:38:45:  9000000 
INFO  @ Fri, 02 Aug 2019 13:38:47:  10000000 
INFO  @ Fri, 02 Aug 2019 13:38:48:  11000000 
INFO  @ Fri, 02 Aug 2019 13:38:49:  12000000 
INFO  @ Fri, 02 Aug 2019 13:38:51:  13000000 
INFO  @ Fri, 02 Aug 2019 13:38:52:  14000000 
INFO  @ Fri, 02 Aug 2019 13:38:53:  15000000 
INFO  @ Fri, 02 Aug 2019 13:38:55:  16000000 
INFO  @ Fri, 02 Aug 2019 13:38:56:  17000000 
INFO  @ Fri, 02 Aug 2019 13:38:57:  18000000 
INFO  @ Fri, 02 Aug 2019 13:38:58:  19000000 
INFO  @ Fri, 02 Aug 2019 13:39:00:  20000000 
INFO  @ Fri, 02 Aug 2019 13:39:01:  21000000 
INFO  @ Fri, 02 Aug 2019 13:39:02:  22000000 
INFO  @ Fri, 02 Aug 2019 13:39:04:  23000000 
INFO  @ Fri, 02 Aug 2019 13:39:05:  24000000 
INFO  @ Fri, 02 Aug 2019 13:39:06:  25000000 
INFO  @ Fri, 02 Aug 2019 13:39:08:  26000000 
INFO  @ Fri, 02 Aug 2019 13:39:09:  27000000 
INFO  @ Fri, 02 Aug 2019 13:39:10:  28000000 
INFO  @ Fri, 02 Aug 2019 13:39:12:  29000000 
INFO  @ Fri, 02 Aug 2019 13:39:13:  30000000 
INFO  @ Fri, 02 Aug 2019 13:39:14:  31000000 
INFO  @ Fri, 02 Aug 2019 13:39:16:  32000000 
INFO  @ Fri, 02 Aug 2019 13:39:17:  33000000 
INFO  @ Fri, 02 Aug 2019 13:39:18:  34000000 
INFO  @ Fri, 02 Aug 2019 13:39:20:  35000000 
INFO  @ Fri, 02 Aug 2019 13:39:21:  36000000 
INFO  @ Fri, 02 Aug 2019 13:39:22:  37000000 
INFO  @ Fri, 02 Aug 2019 13:39:24:  38000000 
INFO  @ Fri, 02 Aug 2019 13:39:25:  39000000 
INFO  @ Fri, 02 Aug 2019 13:39:26:  40000000 
INFO  @ Fri, 02 Aug 2019 13:39:28:  41000000 
INFO  @ Fri, 02 Aug 2019 13:39:29:  42000000 
INFO  @ Fri, 02 Aug 2019 13:39:30:  43000000 
INFO  @ Fri, 02 Aug 2019 13:39:32:  44000000 
INFO  @ Fri, 02 Aug 2019 13:39:33:  45000000 
INFO  @ Fri, 02 Aug 2019 13:39:34:  46000000 
INFO  @ Fri, 02 Aug 2019 13:39:36:  47000000 
INFO  @ Fri, 02 Aug 2019 13:39:37:  48000000 
INFO  @ Fri, 02 Aug 2019 13:39:38:  49000000 
INFO  @ Fri, 02 Aug 2019 13:39:40:  50000000 
INFO  @ Fri, 02 Aug 2019 13:39:41:  51000000 
INFO  @ Fri, 02 Aug 2019 13:39:42:  52000000 
INFO  @ Fri, 02 Aug 2019 13:39:44:  53000000 
INFO  @ Fri, 02 Aug 2019 13:39:45:  54000000 
INFO  @ Fri, 02 Aug 2019 13:39:46:  55000000 
INFO  @ Fri, 02 Aug 2019 13:39:48:  56000000 
INFO  @ Fri, 02 Aug 2019 13:39:49:  57000000 
INFO  @ Fri, 02 Aug 2019 13:39:51:  1000000 
INFO  @ Fri, 02 Aug 2019 13:39:52:  2000000 
INFO  @ Fri, 02 Aug 2019 13:39:54:  3000000 
INFO  @ Fri, 02 Aug 2019 13:39:55:  4000000 
INFO  @ Fri, 02 Aug 2019 13:39:56:  5000000 
INFO  @ Fri, 02 Aug 2019 13:39:58:  6000000 
INFO  @ Fri, 02 Aug 2019 13:39:59:  7000000 
INFO  @ Fri, 02 Aug 2019 13:40:00:  8000000 
INFO  @ Fri, 02 Aug 2019 13:40:01:  9000000 
INFO  @ Fri, 02 Aug 2019 13:40:03:  10000000 
INFO  @ Fri, 02 Aug 2019 13:40:04:  11000000 
INFO  @ Fri, 02 Aug 2019 13:40:05:  12000000 
INFO  @ Fri, 02 Aug 2019 13:40:06:  13000000 
INFO  @ Fri, 02 Aug 2019 13:40:08:  14000000 
INFO  @ Fri, 02 Aug 2019 13:40:09:  15000000 
INFO  @ Fri, 02 Aug 2019 13:40:10:  16000000 
INFO  @ Fri, 02 Aug 2019 13:40:12:  17000000 
INFO  @ Fri, 02 Aug 2019 13:40:13:  18000000 
INFO  @ Fri, 02 Aug 2019 13:40:14:  19000000 
INFO  @ Fri, 02 Aug 2019 13:40:15:  20000000 
INFO  @ Fri, 02 Aug 2019 13:40:17:  21000000 
INFO  @ Fri, 02 Aug 2019 13:40:18:  22000000 
INFO  @ Fri, 02 Aug 2019 13:40:19:  23000000 
INFO  @ Fri, 02 Aug 2019 13:40:21:  24000000 
INFO  @ Fri, 02 Aug 2019 13:40:22:  25000000 
INFO  @ Fri, 02 Aug 2019 13:40:23:  26000000 
INFO  @ Fri, 02 Aug 2019 13:40:24:  27000000 
INFO  @ Fri, 02 Aug 2019 13:40:26:  28000000 
INFO  @ Fri, 02 Aug 2019 13:40:27:  29000000 
INFO  @ Fri, 02 Aug 2019 13:40:28:  30000000 
INFO  @ Fri, 02 Aug 2019 13:40:30:  31000000 
INFO  @ Fri, 02 Aug 2019 13:40:31:  32000000 
INFO  @ Fri, 02 Aug 2019 13:40:32:  33000000 
INFO  @ Fri, 02 Aug 2019 13:40:33:  34000000 
INFO  @ Fri, 02 Aug 2019 13:40:35:  35000000 
INFO  @ Fri, 02 Aug 2019 13:40:36:  36000000 
INFO  @ Fri, 02 Aug 2019 13:40:37:  37000000 
INFO  @ Fri, 02 Aug 2019 13:40:38:  38000000 
INFO  @ Fri, 02 Aug 2019 13:40:40:  39000000 
INFO  @ Fri, 02 Aug 2019 13:40:41:  40000000 
INFO  @ Fri, 02 Aug 2019 13:40:42:  41000000 
INFO  @ Fri, 02 Aug 2019 13:40:44:  42000000 
INFO  @ Fri, 02 Aug 2019 13:40:45:  43000000 
INFO  @ Fri, 02 Aug 2019 13:40:46:  44000000 
INFO  @ Fri, 02 Aug 2019 13:40:47:  45000000 
INFO  @ Fri, 02 Aug 2019 13:40:49:  46000000 
INFO  @ Fri, 02 Aug 2019 13:40:50:  47000000 
INFO  @ Fri, 02 Aug 2019 13:40:51:  48000000 
INFO  @ Fri, 02 Aug 2019 13:40:53:  49000000 
INFO  @ Fri, 02 Aug 2019 13:40:54:  50000000 
INFO  @ Fri, 02 Aug 2019 13:40:55:  51000000 
INFO  @ Fri, 02 Aug 2019 13:40:56:  52000000 
INFO  @ Fri, 02 Aug 2019 13:40:58:  53000000 
INFO  @ Fri, 02 Aug 2019 13:40:59:  54000000 
INFO  @ Fri, 02 Aug 2019 13:41:00:  55000000 
INFO  @ Fri, 02 Aug 2019 13:41:01:  56000000 
INFO  @ Fri, 02 Aug 2019 13:41:03:  57000000 
INFO  @ Fri, 02 Aug 2019 13:41:04:  58000000 
INFO  @ Fri, 02 Aug 2019 13:41:05:  59000000 
INFO  @ Fri, 02 Aug 2019 13:41:07:  60000000 
INFO  @ Fri, 02 Aug 2019 13:41:08:  61000000 
INFO  @ Fri, 02 Aug 2019 13:41:09:  62000000 
INFO  @ Fri, 02 Aug 2019 13:41:11:  63000000 
INFO  @ Fri, 02 Aug 2019 13:41:12:  64000000 
INFO  @ Fri, 02 Aug 2019 13:41:13:  65000000 
INFO  @ Fri, 02 Aug 2019 13:41:14:  66000000 
INFO  @ Fri, 02 Aug 2019 13:41:16:  67000000 
INFO  @ Fri, 02 Aug 2019 13:41:27: #1 tag size is determined as 80 bps 
INFO  @ Fri, 02 Aug 2019 13:41:27: #1 tag size = 80.0 
INFO  @ Fri, 02 Aug 2019 13:41:27: #1  total tags in treatment: 125674288 
INFO  @ Fri, 02 Aug 2019 13:41:27: #1 finished! 
INFO  @ Fri, 02 Aug 2019 13:41:27: #2 Build Peak Model... 
INFO  @ Fri, 02 Aug 2019 13:41:27: #2 Skipped... 
INFO  @ Fri, 02 Aug 2019 13:41:27: #2 Use 73 as fragment length 
INFO  @ Fri, 02 Aug 2019 13:41:27: #2 Sequencing ends will be shifted towards 5' by 37 bp(s) 
INFO  @ Fri, 02 Aug 2019 13:41:27: #3 Call peaks... 
INFO  @ Fri, 02 Aug 2019 13:41:27: #3 Call peaks with given -log10pvalue cutoff: 1.00000 ... 
INFO  @ Fri, 02 Aug 2019 13:41:27: #3 Pre-compute pvalue-qvalue table... 
INFO  @ Fri, 02 Aug 2019 13:46:15: #3 Call peaks for each chromosome... 
INFO  @ Fri, 02 Aug 2019 13:48:04: #4 Write output xls file... /home/yuanh/analysis/WI38_ATAC/process/macs2out_pool/hTERT_TP7_omni_peaks.xls 
INFO  @ Fri, 02 Aug 2019 13:48:06: #4 Write peak in narrowPeak format file... /home/yuanh/analysis/WI38_ATAC/process/macs2out_pool/hTERT_TP7_omni_peaks.narrowPeak 
INFO  @ Fri, 02 Aug 2019 13:48:08: #4 Write summits bed file... /home/yuanh/analysis/WI38_ATAC/process/macs2out_pool/hTERT_TP7_omni_summits.bed 
INFO  @ Fri, 02 Aug 2019 13:48:10: Done! 
