INFO  @ Fri, 02 Aug 2019 13:38:33: 
# Command line: callpeak -t /home/yuanh/analysis/WI38_ATAC/process/shift_bed/hTERT_TP2_omni_A_S13_SE.bed /home/yuanh/analysis/WI38_ATAC/process/shift_bed/hTERT_TP2_omni_B_S14_SE.bed /home/yuanh/analysis/WI38_ATAC/process/shift_bed/hTERT_TP2_omni_C_S15_SE.bed -f BED -n hTERT_TP2_omni --outdir /home/yuanh/analysis/WI38_ATAC/process/macs2out_pool/ --keep-dup all -g hs -p 1e-1 --nomodel --shift -37 --extsize 73
# ARGUMENTS LIST:
# name = hTERT_TP2_omni
# format = BED
# ChIP-seq file = ['/home/yuanh/analysis/WI38_ATAC/process/shift_bed/hTERT_TP2_omni_A_S13_SE.bed', '/home/yuanh/analysis/WI38_ATAC/process/shift_bed/hTERT_TP2_omni_B_S14_SE.bed', '/home/yuanh/analysis/WI38_ATAC/process/shift_bed/hTERT_TP2_omni_C_S15_SE.bed']
# control file = None
# effective genome size = 2.70e+09
# band width = 300
# model fold = [5, 50]
# pvalue cutoff = 1.00e-01
# qvalue will not be calculated and reported as -1 in the final output.
# The maximum gap between significant sites is assigned as the read length/tag size.
# The minimum length of peaks is assigned as the predicted fragment length "d".
# Larger dataset will be scaled towards smaller dataset.
# Range for calculating regional lambda is: 10000 bps
# Broad region calling is off
# Paired-End mode is off
 
INFO  @ Fri, 02 Aug 2019 13:38:33: #1 read tag files... 
INFO  @ Fri, 02 Aug 2019 13:38:33: #1 read treatment tags... 
INFO  @ Fri, 02 Aug 2019 13:38:34:  1000000 
INFO  @ Fri, 02 Aug 2019 13:38:35:  2000000 
INFO  @ Fri, 02 Aug 2019 13:38:36:  3000000 
INFO  @ Fri, 02 Aug 2019 13:38:37:  4000000 
INFO  @ Fri, 02 Aug 2019 13:38:38:  5000000 
INFO  @ Fri, 02 Aug 2019 13:38:39:  6000000 
INFO  @ Fri, 02 Aug 2019 13:38:40:  7000000 
INFO  @ Fri, 02 Aug 2019 13:38:41:  8000000 
INFO  @ Fri, 02 Aug 2019 13:38:43:  9000000 
INFO  @ Fri, 02 Aug 2019 13:38:44:  10000000 
INFO  @ Fri, 02 Aug 2019 13:38:45:  11000000 
INFO  @ Fri, 02 Aug 2019 13:38:46:  12000000 
INFO  @ Fri, 02 Aug 2019 13:38:47:  13000000 
INFO  @ Fri, 02 Aug 2019 13:38:48:  14000000 
INFO  @ Fri, 02 Aug 2019 13:38:49:  15000000 
INFO  @ Fri, 02 Aug 2019 13:38:50:  16000000 
INFO  @ Fri, 02 Aug 2019 13:38:51:  17000000 
INFO  @ Fri, 02 Aug 2019 13:38:52:  18000000 
INFO  @ Fri, 02 Aug 2019 13:38:53:  19000000 
INFO  @ Fri, 02 Aug 2019 13:38:54:  20000000 
INFO  @ Fri, 02 Aug 2019 13:38:55:  21000000 
INFO  @ Fri, 02 Aug 2019 13:38:56:  22000000 
INFO  @ Fri, 02 Aug 2019 13:38:57:  23000000 
INFO  @ Fri, 02 Aug 2019 13:38:58:  24000000 
INFO  @ Fri, 02 Aug 2019 13:38:59:  25000000 
INFO  @ Fri, 02 Aug 2019 13:39:00:  26000000 
INFO  @ Fri, 02 Aug 2019 13:39:01:  27000000 
INFO  @ Fri, 02 Aug 2019 13:39:02:  28000000 
INFO  @ Fri, 02 Aug 2019 13:39:03:  29000000 
INFO  @ Fri, 02 Aug 2019 13:39:04:  30000000 
INFO  @ Fri, 02 Aug 2019 13:39:05:  31000000 
INFO  @ Fri, 02 Aug 2019 13:39:06:  32000000 
INFO  @ Fri, 02 Aug 2019 13:39:07:  33000000 
INFO  @ Fri, 02 Aug 2019 13:39:08:  34000000 
INFO  @ Fri, 02 Aug 2019 13:39:09:  35000000 
INFO  @ Fri, 02 Aug 2019 13:39:11:  36000000 
INFO  @ Fri, 02 Aug 2019 13:39:12:  37000000 
INFO  @ Fri, 02 Aug 2019 13:39:13:  38000000 
INFO  @ Fri, 02 Aug 2019 13:39:14:  39000000 
INFO  @ Fri, 02 Aug 2019 13:39:15:  40000000 
INFO  @ Fri, 02 Aug 2019 13:39:16:  41000000 
INFO  @ Fri, 02 Aug 2019 13:39:17:  42000000 
INFO  @ Fri, 02 Aug 2019 13:39:18:  43000000 
INFO  @ Fri, 02 Aug 2019 13:39:19:  44000000 
INFO  @ Fri, 02 Aug 2019 13:39:20:  45000000 
INFO  @ Fri, 02 Aug 2019 13:39:21:  46000000 
INFO  @ Fri, 02 Aug 2019 13:39:22:  47000000 
INFO  @ Fri, 02 Aug 2019 13:39:23:  48000000 
INFO  @ Fri, 02 Aug 2019 13:39:24:  49000000 
INFO  @ Fri, 02 Aug 2019 13:39:25:  50000000 
INFO  @ Fri, 02 Aug 2019 13:39:26:  51000000 
INFO  @ Fri, 02 Aug 2019 13:39:27:  52000000 
INFO  @ Fri, 02 Aug 2019 13:39:28:  53000000 
INFO  @ Fri, 02 Aug 2019 13:39:29:  54000000 
INFO  @ Fri, 02 Aug 2019 13:39:30:  55000000 
INFO  @ Fri, 02 Aug 2019 13:39:32:  56000000 
INFO  @ Fri, 02 Aug 2019 13:39:33:  57000000 
INFO  @ Fri, 02 Aug 2019 13:39:34:  58000000 
INFO  @ Fri, 02 Aug 2019 13:39:35:  59000000 
INFO  @ Fri, 02 Aug 2019 13:39:36:  60000000 
INFO  @ Fri, 02 Aug 2019 13:39:37:  61000000 
INFO  @ Fri, 02 Aug 2019 13:39:38:  62000000 
INFO  @ Fri, 02 Aug 2019 13:39:39:  63000000 
INFO  @ Fri, 02 Aug 2019 13:39:40:  64000000 
INFO  @ Fri, 02 Aug 2019 13:39:41:  65000000 
INFO  @ Fri, 02 Aug 2019 13:39:42:  66000000 
INFO  @ Fri, 02 Aug 2019 13:39:43:  67000000 
INFO  @ Fri, 02 Aug 2019 13:39:44:  68000000 
INFO  @ Fri, 02 Aug 2019 13:39:45:  69000000 
INFO  @ Fri, 02 Aug 2019 13:39:46:  70000000 
INFO  @ Fri, 02 Aug 2019 13:39:47:  71000000 
INFO  @ Fri, 02 Aug 2019 13:39:49:  1000000 
INFO  @ Fri, 02 Aug 2019 13:39:50:  2000000 
INFO  @ Fri, 02 Aug 2019 13:39:51:  3000000 
INFO  @ Fri, 02 Aug 2019 13:39:52:  4000000 
INFO  @ Fri, 02 Aug 2019 13:39:53:  5000000 
INFO  @ Fri, 02 Aug 2019 13:39:54:  6000000 
INFO  @ Fri, 02 Aug 2019 13:39:55:  7000000 
INFO  @ Fri, 02 Aug 2019 13:39:56:  8000000 
INFO  @ Fri, 02 Aug 2019 13:39:57:  9000000 
INFO  @ Fri, 02 Aug 2019 13:39:58:  10000000 
INFO  @ Fri, 02 Aug 2019 13:39:59:  11000000 
INFO  @ Fri, 02 Aug 2019 13:40:00:  12000000 
INFO  @ Fri, 02 Aug 2019 13:40:01:  13000000 
INFO  @ Fri, 02 Aug 2019 13:40:02:  14000000 
INFO  @ Fri, 02 Aug 2019 13:40:03:  15000000 
INFO  @ Fri, 02 Aug 2019 13:40:04:  16000000 
INFO  @ Fri, 02 Aug 2019 13:40:06:  17000000 
INFO  @ Fri, 02 Aug 2019 13:40:07:  18000000 
INFO  @ Fri, 02 Aug 2019 13:40:08:  19000000 
INFO  @ Fri, 02 Aug 2019 13:40:09:  20000000 
INFO  @ Fri, 02 Aug 2019 13:40:10:  21000000 
INFO  @ Fri, 02 Aug 2019 13:40:11:  22000000 
INFO  @ Fri, 02 Aug 2019 13:40:12:  23000000 
INFO  @ Fri, 02 Aug 2019 13:40:13:  24000000 
INFO  @ Fri, 02 Aug 2019 13:40:14:  25000000 
INFO  @ Fri, 02 Aug 2019 13:40:15:  26000000 
INFO  @ Fri, 02 Aug 2019 13:40:16:  27000000 
INFO  @ Fri, 02 Aug 2019 13:40:17:  28000000 
INFO  @ Fri, 02 Aug 2019 13:40:19:  29000000 
INFO  @ Fri, 02 Aug 2019 13:40:20:  30000000 
INFO  @ Fri, 02 Aug 2019 13:40:21:  31000000 
INFO  @ Fri, 02 Aug 2019 13:40:22:  32000000 
INFO  @ Fri, 02 Aug 2019 13:40:23:  33000000 
INFO  @ Fri, 02 Aug 2019 13:40:24:  34000000 
INFO  @ Fri, 02 Aug 2019 13:40:25:  35000000 
INFO  @ Fri, 02 Aug 2019 13:40:26:  36000000 
INFO  @ Fri, 02 Aug 2019 13:40:27:  37000000 
INFO  @ Fri, 02 Aug 2019 13:40:28:  38000000 
INFO  @ Fri, 02 Aug 2019 13:40:29:  39000000 
INFO  @ Fri, 02 Aug 2019 13:40:30:  40000000 
INFO  @ Fri, 02 Aug 2019 13:40:31:  41000000 
INFO  @ Fri, 02 Aug 2019 13:40:32:  42000000 
INFO  @ Fri, 02 Aug 2019 13:40:33:  43000000 
INFO  @ Fri, 02 Aug 2019 13:40:34:  44000000 
INFO  @ Fri, 02 Aug 2019 13:40:35:  45000000 
INFO  @ Fri, 02 Aug 2019 13:40:36:  46000000 
INFO  @ Fri, 02 Aug 2019 13:40:37:  47000000 
INFO  @ Fri, 02 Aug 2019 13:40:38:  48000000 
INFO  @ Fri, 02 Aug 2019 13:40:39:  49000000 
INFO  @ Fri, 02 Aug 2019 13:40:40:  50000000 
INFO  @ Fri, 02 Aug 2019 13:40:41:  51000000 
INFO  @ Fri, 02 Aug 2019 13:40:43:  52000000 
INFO  @ Fri, 02 Aug 2019 13:40:44:  53000000 
INFO  @ Fri, 02 Aug 2019 13:40:45:  54000000 
INFO  @ Fri, 02 Aug 2019 13:40:46:  55000000 
INFO  @ Fri, 02 Aug 2019 13:40:47:  56000000 
INFO  @ Fri, 02 Aug 2019 13:40:48:  57000000 
INFO  @ Fri, 02 Aug 2019 13:40:49:  58000000 
INFO  @ Fri, 02 Aug 2019 13:40:50:  59000000 
INFO  @ Fri, 02 Aug 2019 13:40:51:  60000000 
INFO  @ Fri, 02 Aug 2019 13:40:52:  61000000 
INFO  @ Fri, 02 Aug 2019 13:40:53:  62000000 
INFO  @ Fri, 02 Aug 2019 13:40:54:  63000000 
INFO  @ Fri, 02 Aug 2019 13:40:55:  64000000 
INFO  @ Fri, 02 Aug 2019 13:40:56:  65000000 
INFO  @ Fri, 02 Aug 2019 13:40:57:  66000000 
INFO  @ Fri, 02 Aug 2019 13:40:58:  67000000 
INFO  @ Fri, 02 Aug 2019 13:41:00:  68000000 
INFO  @ Fri, 02 Aug 2019 13:41:01:  69000000 
INFO  @ Fri, 02 Aug 2019 13:41:02:  70000000 
INFO  @ Fri, 02 Aug 2019 13:41:03:  71000000 
INFO  @ Fri, 02 Aug 2019 13:41:04:  72000000 
INFO  @ Fri, 02 Aug 2019 13:41:05:  73000000 
INFO  @ Fri, 02 Aug 2019 13:41:07:  1000000 
INFO  @ Fri, 02 Aug 2019 13:41:08:  2000000 
INFO  @ Fri, 02 Aug 2019 13:41:09:  3000000 
INFO  @ Fri, 02 Aug 2019 13:41:10:  4000000 
INFO  @ Fri, 02 Aug 2019 13:41:11:  5000000 
INFO  @ Fri, 02 Aug 2019 13:41:12:  6000000 
INFO  @ Fri, 02 Aug 2019 13:41:13:  7000000 
INFO  @ Fri, 02 Aug 2019 13:41:14:  8000000 
INFO  @ Fri, 02 Aug 2019 13:41:15:  9000000 
INFO  @ Fri, 02 Aug 2019 13:41:16:  10000000 
INFO  @ Fri, 02 Aug 2019 13:41:17:  11000000 
INFO  @ Fri, 02 Aug 2019 13:41:18:  12000000 
INFO  @ Fri, 02 Aug 2019 13:41:19:  13000000 
INFO  @ Fri, 02 Aug 2019 13:41:21:  14000000 
INFO  @ Fri, 02 Aug 2019 13:41:22:  15000000 
INFO  @ Fri, 02 Aug 2019 13:41:23:  16000000 
INFO  @ Fri, 02 Aug 2019 13:41:24:  17000000 
INFO  @ Fri, 02 Aug 2019 13:41:25:  18000000 
INFO  @ Fri, 02 Aug 2019 13:41:26:  19000000 
INFO  @ Fri, 02 Aug 2019 13:41:27:  20000000 
INFO  @ Fri, 02 Aug 2019 13:41:28:  21000000 
INFO  @ Fri, 02 Aug 2019 13:41:29:  22000000 
INFO  @ Fri, 02 Aug 2019 13:41:30:  23000000 
INFO  @ Fri, 02 Aug 2019 13:41:31:  24000000 
INFO  @ Fri, 02 Aug 2019 13:41:32:  25000000 
INFO  @ Fri, 02 Aug 2019 13:41:33:  26000000 
INFO  @ Fri, 02 Aug 2019 13:41:34:  27000000 
INFO  @ Fri, 02 Aug 2019 13:41:35:  28000000 
INFO  @ Fri, 02 Aug 2019 13:41:36:  29000000 
INFO  @ Fri, 02 Aug 2019 13:41:37:  30000000 
INFO  @ Fri, 02 Aug 2019 13:41:38:  31000000 
INFO  @ Fri, 02 Aug 2019 13:41:39:  32000000 
INFO  @ Fri, 02 Aug 2019 13:41:40:  33000000 
INFO  @ Fri, 02 Aug 2019 13:41:41:  34000000 
INFO  @ Fri, 02 Aug 2019 13:41:42:  35000000 
INFO  @ Fri, 02 Aug 2019 13:41:43:  36000000 
INFO  @ Fri, 02 Aug 2019 13:41:44:  37000000 
INFO  @ Fri, 02 Aug 2019 13:41:45:  38000000 
INFO  @ Fri, 02 Aug 2019 13:41:46:  39000000 
INFO  @ Fri, 02 Aug 2019 13:41:47:  40000000 
INFO  @ Fri, 02 Aug 2019 13:41:49:  41000000 
INFO  @ Fri, 02 Aug 2019 13:41:50:  42000000 
INFO  @ Fri, 02 Aug 2019 13:41:51:  43000000 
INFO  @ Fri, 02 Aug 2019 13:41:52:  44000000 
INFO  @ Fri, 02 Aug 2019 13:41:53:  45000000 
INFO  @ Fri, 02 Aug 2019 13:41:54:  46000000 
INFO  @ Fri, 02 Aug 2019 13:41:55:  47000000 
INFO  @ Fri, 02 Aug 2019 13:41:56:  48000000 
INFO  @ Fri, 02 Aug 2019 13:41:57:  49000000 
INFO  @ Fri, 02 Aug 2019 13:41:58:  50000000 
INFO  @ Fri, 02 Aug 2019 13:41:59:  51000000 
INFO  @ Fri, 02 Aug 2019 13:42:00:  52000000 
INFO  @ Fri, 02 Aug 2019 13:42:01:  53000000 
INFO  @ Fri, 02 Aug 2019 13:42:02:  54000000 
INFO  @ Fri, 02 Aug 2019 13:42:03:  55000000 
INFO  @ Fri, 02 Aug 2019 13:42:04:  56000000 
INFO  @ Fri, 02 Aug 2019 13:42:05:  57000000 
INFO  @ Fri, 02 Aug 2019 13:42:06:  58000000 
INFO  @ Fri, 02 Aug 2019 13:42:07:  59000000 
INFO  @ Fri, 02 Aug 2019 13:42:09:  60000000 
INFO  @ Fri, 02 Aug 2019 13:42:10:  61000000 
INFO  @ Fri, 02 Aug 2019 13:42:11:  62000000 
INFO  @ Fri, 02 Aug 2019 13:42:12:  63000000 
INFO  @ Fri, 02 Aug 2019 13:42:13:  64000000 
INFO  @ Fri, 02 Aug 2019 13:42:14:  65000000 
INFO  @ Fri, 02 Aug 2019 13:42:15:  66000000 
INFO  @ Fri, 02 Aug 2019 13:42:16:  67000000 
INFO  @ Fri, 02 Aug 2019 13:42:17:  68000000 
INFO  @ Fri, 02 Aug 2019 13:42:18:  69000000 
INFO  @ Fri, 02 Aug 2019 13:42:19:  70000000 
INFO  @ Fri, 02 Aug 2019 13:42:36: #1 tag size is determined as 57 bps 
INFO  @ Fri, 02 Aug 2019 13:42:36: #1 tag size = 57.0 
INFO  @ Fri, 02 Aug 2019 13:42:36: #1  total tags in treatment: 215933350 
INFO  @ Fri, 02 Aug 2019 13:42:36: #1 finished! 
INFO  @ Fri, 02 Aug 2019 13:42:36: #2 Build Peak Model... 
INFO  @ Fri, 02 Aug 2019 13:42:36: #2 Skipped... 
INFO  @ Fri, 02 Aug 2019 13:42:36: #2 Use 73 as fragment length 
INFO  @ Fri, 02 Aug 2019 13:42:36: #2 Sequencing ends will be shifted towards 5' by 37 bp(s) 
INFO  @ Fri, 02 Aug 2019 13:42:36: #3 Call peaks... 
INFO  @ Fri, 02 Aug 2019 13:42:36: #3 Call peaks with given -log10pvalue cutoff: 1.00000 ... 
INFO  @ Fri, 02 Aug 2019 13:42:36: #3 Pre-compute pvalue-qvalue table... 
INFO  @ Fri, 02 Aug 2019 13:51:01: #3 Call peaks for each chromosome... 
INFO  @ Fri, 02 Aug 2019 13:54:07: #4 Write output xls file... /home/yuanh/analysis/WI38_ATAC/process/macs2out_pool/hTERT_TP2_omni_peaks.xls 
INFO  @ Fri, 02 Aug 2019 13:54:10: #4 Write peak in narrowPeak format file... /home/yuanh/analysis/WI38_ATAC/process/macs2out_pool/hTERT_TP2_omni_peaks.narrowPeak 
INFO  @ Fri, 02 Aug 2019 13:54:12: #4 Write summits bed file... /home/yuanh/analysis/WI38_ATAC/process/macs2out_pool/hTERT_TP2_omni_summits.bed 
INFO  @ Fri, 02 Aug 2019 13:54:14: Done! 
