INFO  @ Fri, 02 Aug 2019 13:38:33: 
# Command line: callpeak -t /home/yuanh/analysis/WI38_ATAC/process/shift_bed/PDL20_TP1_omni_A_S4_SE.bed /home/yuanh/analysis/WI38_ATAC/process/shift_bed/PDL20_TP1_omni_B_S5_SE.bed /home/yuanh/analysis/WI38_ATAC/process/shift_bed/PDL20_TP1_omni_C_S6_SE.bed -f BED -n PDL20_TP1_omni --outdir /home/yuanh/analysis/WI38_ATAC/process/macs2out_pool/ --keep-dup all -g hs -p 1e-1 --nomodel --shift -37 --extsize 73
# ARGUMENTS LIST:
# name = PDL20_TP1_omni
# format = BED
# ChIP-seq file = ['/home/yuanh/analysis/WI38_ATAC/process/shift_bed/PDL20_TP1_omni_A_S4_SE.bed', '/home/yuanh/analysis/WI38_ATAC/process/shift_bed/PDL20_TP1_omni_B_S5_SE.bed', '/home/yuanh/analysis/WI38_ATAC/process/shift_bed/PDL20_TP1_omni_C_S6_SE.bed']
# control file = None
# effective genome size = 2.70e+09
# band width = 300
# model fold = [5, 50]
# pvalue cutoff = 1.00e-01
# qvalue will not be calculated and reported as -1 in the final output.
# The maximum gap between significant sites is assigned as the read length/tag size.
# The minimum length of peaks is assigned as the predicted fragment length "d".
# Larger dataset will be scaled towards smaller dataset.
# Range for calculating regional lambda is: 10000 bps
# Broad region calling is off
# Paired-End mode is off
 
INFO  @ Fri, 02 Aug 2019 13:38:33: #1 read tag files... 
INFO  @ Fri, 02 Aug 2019 13:38:33: #1 read treatment tags... 
INFO  @ Fri, 02 Aug 2019 13:38:35:  1000000 
INFO  @ Fri, 02 Aug 2019 13:38:37:  2000000 
INFO  @ Fri, 02 Aug 2019 13:38:38:  3000000 
INFO  @ Fri, 02 Aug 2019 13:38:40:  4000000 
INFO  @ Fri, 02 Aug 2019 13:38:42:  5000000 
INFO  @ Fri, 02 Aug 2019 13:38:43:  6000000 
INFO  @ Fri, 02 Aug 2019 13:38:44:  7000000 
INFO  @ Fri, 02 Aug 2019 13:38:46:  8000000 
INFO  @ Fri, 02 Aug 2019 13:38:47:  9000000 
INFO  @ Fri, 02 Aug 2019 13:38:49:  10000000 
INFO  @ Fri, 02 Aug 2019 13:38:51:  11000000 
INFO  @ Fri, 02 Aug 2019 13:38:52:  12000000 
INFO  @ Fri, 02 Aug 2019 13:38:54:  13000000 
INFO  @ Fri, 02 Aug 2019 13:38:55:  14000000 
INFO  @ Fri, 02 Aug 2019 13:38:57:  15000000 
INFO  @ Fri, 02 Aug 2019 13:38:58:  16000000 
INFO  @ Fri, 02 Aug 2019 13:39:00:  17000000 
INFO  @ Fri, 02 Aug 2019 13:39:01:  18000000 
INFO  @ Fri, 02 Aug 2019 13:39:03:  19000000 
INFO  @ Fri, 02 Aug 2019 13:39:04:  20000000 
INFO  @ Fri, 02 Aug 2019 13:39:06:  21000000 
INFO  @ Fri, 02 Aug 2019 13:39:07:  22000000 
INFO  @ Fri, 02 Aug 2019 13:39:09:  23000000 
INFO  @ Fri, 02 Aug 2019 13:39:10:  24000000 
INFO  @ Fri, 02 Aug 2019 13:39:12:  25000000 
INFO  @ Fri, 02 Aug 2019 13:39:13:  26000000 
INFO  @ Fri, 02 Aug 2019 13:39:15:  27000000 
INFO  @ Fri, 02 Aug 2019 13:39:16:  28000000 
INFO  @ Fri, 02 Aug 2019 13:39:18:  29000000 
INFO  @ Fri, 02 Aug 2019 13:39:19:  30000000 
INFO  @ Fri, 02 Aug 2019 13:39:21:  31000000 
INFO  @ Fri, 02 Aug 2019 13:39:22:  32000000 
INFO  @ Fri, 02 Aug 2019 13:39:24:  33000000 
INFO  @ Fri, 02 Aug 2019 13:39:25:  34000000 
INFO  @ Fri, 02 Aug 2019 13:39:27:  35000000 
INFO  @ Fri, 02 Aug 2019 13:39:28:  36000000 
INFO  @ Fri, 02 Aug 2019 13:39:30:  37000000 
INFO  @ Fri, 02 Aug 2019 13:39:32:  38000000 
INFO  @ Fri, 02 Aug 2019 13:39:33:  39000000 
INFO  @ Fri, 02 Aug 2019 13:39:35:  40000000 
INFO  @ Fri, 02 Aug 2019 13:39:37:  41000000 
INFO  @ Fri, 02 Aug 2019 13:39:38:  42000000 
INFO  @ Fri, 02 Aug 2019 13:39:40:  43000000 
INFO  @ Fri, 02 Aug 2019 13:39:41:  44000000 
INFO  @ Fri, 02 Aug 2019 13:39:43:  45000000 
INFO  @ Fri, 02 Aug 2019 13:39:45:  46000000 
INFO  @ Fri, 02 Aug 2019 13:39:46:  47000000 
INFO  @ Fri, 02 Aug 2019 13:39:48:  48000000 
INFO  @ Fri, 02 Aug 2019 13:39:49:  49000000 
INFO  @ Fri, 02 Aug 2019 13:39:51:  50000000 
INFO  @ Fri, 02 Aug 2019 13:39:53:  51000000 
INFO  @ Fri, 02 Aug 2019 13:39:54:  52000000 
INFO  @ Fri, 02 Aug 2019 13:39:56:  53000000 
INFO  @ Fri, 02 Aug 2019 13:39:57:  54000000 
INFO  @ Fri, 02 Aug 2019 13:39:59:  55000000 
INFO  @ Fri, 02 Aug 2019 13:40:01:  56000000 
INFO  @ Fri, 02 Aug 2019 13:40:02:  57000000 
INFO  @ Fri, 02 Aug 2019 13:40:04:  58000000 
INFO  @ Fri, 02 Aug 2019 13:40:05:  59000000 
INFO  @ Fri, 02 Aug 2019 13:40:07:  60000000 
INFO  @ Fri, 02 Aug 2019 13:40:09:  61000000 
INFO  @ Fri, 02 Aug 2019 13:40:10:  62000000 
INFO  @ Fri, 02 Aug 2019 13:40:12:  63000000 
INFO  @ Fri, 02 Aug 2019 13:40:14:  64000000 
INFO  @ Fri, 02 Aug 2019 13:40:15:  65000000 
INFO  @ Fri, 02 Aug 2019 13:40:17:  66000000 
INFO  @ Fri, 02 Aug 2019 13:40:18:  67000000 
INFO  @ Fri, 02 Aug 2019 13:40:20:  68000000 
INFO  @ Fri, 02 Aug 2019 13:40:22:  69000000 
INFO  @ Fri, 02 Aug 2019 13:40:24:  70000000 
INFO  @ Fri, 02 Aug 2019 13:40:25:  71000000 
INFO  @ Fri, 02 Aug 2019 13:40:27:  72000000 
INFO  @ Fri, 02 Aug 2019 13:40:29:  73000000 
INFO  @ Fri, 02 Aug 2019 13:40:30:  74000000 
INFO  @ Fri, 02 Aug 2019 13:40:32:  75000000 
INFO  @ Fri, 02 Aug 2019 13:40:33:  76000000 
INFO  @ Fri, 02 Aug 2019 13:40:35:  77000000 
INFO  @ Fri, 02 Aug 2019 13:40:37:  1000000 
INFO  @ Fri, 02 Aug 2019 13:40:39:  2000000 
INFO  @ Fri, 02 Aug 2019 13:40:41:  3000000 
INFO  @ Fri, 02 Aug 2019 13:40:42:  4000000 
INFO  @ Fri, 02 Aug 2019 13:40:44:  5000000 
INFO  @ Fri, 02 Aug 2019 13:40:46:  6000000 
INFO  @ Fri, 02 Aug 2019 13:40:47:  7000000 
INFO  @ Fri, 02 Aug 2019 13:40:49:  8000000 
INFO  @ Fri, 02 Aug 2019 13:40:51:  9000000 
INFO  @ Fri, 02 Aug 2019 13:40:52:  10000000 
INFO  @ Fri, 02 Aug 2019 13:40:54:  11000000 
INFO  @ Fri, 02 Aug 2019 13:40:56:  12000000 
INFO  @ Fri, 02 Aug 2019 13:40:57:  13000000 
INFO  @ Fri, 02 Aug 2019 13:40:59:  14000000 
INFO  @ Fri, 02 Aug 2019 13:41:00:  15000000 
INFO  @ Fri, 02 Aug 2019 13:41:02:  16000000 
INFO  @ Fri, 02 Aug 2019 13:41:04:  17000000 
INFO  @ Fri, 02 Aug 2019 13:41:05:  18000000 
INFO  @ Fri, 02 Aug 2019 13:41:07:  19000000 
INFO  @ Fri, 02 Aug 2019 13:41:09:  20000000 
INFO  @ Fri, 02 Aug 2019 13:41:10:  21000000 
INFO  @ Fri, 02 Aug 2019 13:41:12:  22000000 
INFO  @ Fri, 02 Aug 2019 13:41:13:  23000000 
INFO  @ Fri, 02 Aug 2019 13:41:15:  24000000 
INFO  @ Fri, 02 Aug 2019 13:41:16:  25000000 
INFO  @ Fri, 02 Aug 2019 13:41:18:  26000000 
INFO  @ Fri, 02 Aug 2019 13:41:20:  27000000 
INFO  @ Fri, 02 Aug 2019 13:41:21:  28000000 
INFO  @ Fri, 02 Aug 2019 13:41:23:  29000000 
INFO  @ Fri, 02 Aug 2019 13:41:24:  30000000 
INFO  @ Fri, 02 Aug 2019 13:41:26:  31000000 
INFO  @ Fri, 02 Aug 2019 13:41:28:  32000000 
INFO  @ Fri, 02 Aug 2019 13:41:29:  33000000 
INFO  @ Fri, 02 Aug 2019 13:41:31:  34000000 
INFO  @ Fri, 02 Aug 2019 13:41:33:  35000000 
INFO  @ Fri, 02 Aug 2019 13:41:35:  36000000 
INFO  @ Fri, 02 Aug 2019 13:41:36:  37000000 
INFO  @ Fri, 02 Aug 2019 13:41:38:  38000000 
INFO  @ Fri, 02 Aug 2019 13:41:40:  39000000 
INFO  @ Fri, 02 Aug 2019 13:41:41:  40000000 
INFO  @ Fri, 02 Aug 2019 13:41:43:  41000000 
INFO  @ Fri, 02 Aug 2019 13:41:45:  42000000 
INFO  @ Fri, 02 Aug 2019 13:41:46:  43000000 
INFO  @ Fri, 02 Aug 2019 13:41:48:  44000000 
INFO  @ Fri, 02 Aug 2019 13:41:50:  45000000 
INFO  @ Fri, 02 Aug 2019 13:41:51:  46000000 
INFO  @ Fri, 02 Aug 2019 13:41:53:  47000000 
INFO  @ Fri, 02 Aug 2019 13:41:55:  48000000 
INFO  @ Fri, 02 Aug 2019 13:41:56:  49000000 
INFO  @ Fri, 02 Aug 2019 13:41:58:  50000000 
INFO  @ Fri, 02 Aug 2019 13:42:00:  51000000 
INFO  @ Fri, 02 Aug 2019 13:42:01:  52000000 
INFO  @ Fri, 02 Aug 2019 13:42:03:  53000000 
INFO  @ Fri, 02 Aug 2019 13:42:05:  54000000 
INFO  @ Fri, 02 Aug 2019 13:42:06:  55000000 
INFO  @ Fri, 02 Aug 2019 13:42:08:  56000000 
INFO  @ Fri, 02 Aug 2019 13:42:10:  57000000 
INFO  @ Fri, 02 Aug 2019 13:42:11:  58000000 
INFO  @ Fri, 02 Aug 2019 13:42:13:  59000000 
INFO  @ Fri, 02 Aug 2019 13:42:15:  60000000 
INFO  @ Fri, 02 Aug 2019 13:42:17:  61000000 
INFO  @ Fri, 02 Aug 2019 13:42:18:  62000000 
INFO  @ Fri, 02 Aug 2019 13:42:20:  63000000 
INFO  @ Fri, 02 Aug 2019 13:42:22:  64000000 
INFO  @ Fri, 02 Aug 2019 13:42:23:  65000000 
INFO  @ Fri, 02 Aug 2019 13:42:25:  66000000 
INFO  @ Fri, 02 Aug 2019 13:42:27:  67000000 
INFO  @ Fri, 02 Aug 2019 13:42:28:  68000000 
INFO  @ Fri, 02 Aug 2019 13:42:30:  69000000 
INFO  @ Fri, 02 Aug 2019 13:42:32:  70000000 
INFO  @ Fri, 02 Aug 2019 13:42:33:  71000000 
INFO  @ Fri, 02 Aug 2019 13:42:35:  72000000 
INFO  @ Fri, 02 Aug 2019 13:42:37:  73000000 
INFO  @ Fri, 02 Aug 2019 13:42:38:  74000000 
INFO  @ Fri, 02 Aug 2019 13:42:40:  75000000 
INFO  @ Fri, 02 Aug 2019 13:42:41:  76000000 
INFO  @ Fri, 02 Aug 2019 13:42:43:  77000000 
INFO  @ Fri, 02 Aug 2019 13:42:45:  78000000 
INFO  @ Fri, 02 Aug 2019 13:42:48:  1000000 
INFO  @ Fri, 02 Aug 2019 13:42:49:  2000000 
INFO  @ Fri, 02 Aug 2019 13:42:51:  3000000 
INFO  @ Fri, 02 Aug 2019 13:42:53:  4000000 
INFO  @ Fri, 02 Aug 2019 13:42:54:  5000000 
INFO  @ Fri, 02 Aug 2019 13:42:56:  6000000 
INFO  @ Fri, 02 Aug 2019 13:42:58:  7000000 
INFO  @ Fri, 02 Aug 2019 13:42:59:  8000000 
INFO  @ Fri, 02 Aug 2019 13:43:01:  9000000 
INFO  @ Fri, 02 Aug 2019 13:43:02:  10000000 
INFO  @ Fri, 02 Aug 2019 13:43:04:  11000000 
INFO  @ Fri, 02 Aug 2019 13:43:06:  12000000 
INFO  @ Fri, 02 Aug 2019 13:43:07:  13000000 
INFO  @ Fri, 02 Aug 2019 13:43:09:  14000000 
INFO  @ Fri, 02 Aug 2019 13:43:10:  15000000 
INFO  @ Fri, 02 Aug 2019 13:43:12:  16000000 
INFO  @ Fri, 02 Aug 2019 13:43:14:  17000000 
INFO  @ Fri, 02 Aug 2019 13:43:15:  18000000 
INFO  @ Fri, 02 Aug 2019 13:43:17:  19000000 
INFO  @ Fri, 02 Aug 2019 13:43:19:  20000000 
INFO  @ Fri, 02 Aug 2019 13:43:20:  21000000 
INFO  @ Fri, 02 Aug 2019 13:43:22:  22000000 
INFO  @ Fri, 02 Aug 2019 13:43:23:  23000000 
INFO  @ Fri, 02 Aug 2019 13:43:25:  24000000 
INFO  @ Fri, 02 Aug 2019 13:43:27:  25000000 
INFO  @ Fri, 02 Aug 2019 13:43:28:  26000000 
INFO  @ Fri, 02 Aug 2019 13:43:30:  27000000 
INFO  @ Fri, 02 Aug 2019 13:43:32:  28000000 
INFO  @ Fri, 02 Aug 2019 13:43:33:  29000000 
INFO  @ Fri, 02 Aug 2019 13:43:35:  30000000 
INFO  @ Fri, 02 Aug 2019 13:43:37:  31000000 
INFO  @ Fri, 02 Aug 2019 13:43:38:  32000000 
INFO  @ Fri, 02 Aug 2019 13:43:40:  33000000 
INFO  @ Fri, 02 Aug 2019 13:43:41:  34000000 
INFO  @ Fri, 02 Aug 2019 13:43:43:  35000000 
INFO  @ Fri, 02 Aug 2019 13:43:45:  36000000 
INFO  @ Fri, 02 Aug 2019 13:43:46:  37000000 
INFO  @ Fri, 02 Aug 2019 13:43:48:  38000000 
INFO  @ Fri, 02 Aug 2019 13:43:50:  39000000 
INFO  @ Fri, 02 Aug 2019 13:43:51:  40000000 
INFO  @ Fri, 02 Aug 2019 13:43:53:  41000000 
INFO  @ Fri, 02 Aug 2019 13:43:54:  42000000 
INFO  @ Fri, 02 Aug 2019 13:43:56:  43000000 
INFO  @ Fri, 02 Aug 2019 13:43:57:  44000000 
INFO  @ Fri, 02 Aug 2019 13:43:59:  45000000 
INFO  @ Fri, 02 Aug 2019 13:44:00:  46000000 
INFO  @ Fri, 02 Aug 2019 13:44:02:  47000000 
INFO  @ Fri, 02 Aug 2019 13:44:04:  48000000 
INFO  @ Fri, 02 Aug 2019 13:44:05:  49000000 
INFO  @ Fri, 02 Aug 2019 13:44:07:  50000000 
INFO  @ Fri, 02 Aug 2019 13:44:09:  51000000 
INFO  @ Fri, 02 Aug 2019 13:44:10:  52000000 
INFO  @ Fri, 02 Aug 2019 13:44:12:  53000000 
INFO  @ Fri, 02 Aug 2019 13:44:14:  54000000 
INFO  @ Fri, 02 Aug 2019 13:44:15:  55000000 
INFO  @ Fri, 02 Aug 2019 13:44:17:  56000000 
INFO  @ Fri, 02 Aug 2019 13:44:19:  57000000 
INFO  @ Fri, 02 Aug 2019 13:44:20:  58000000 
INFO  @ Fri, 02 Aug 2019 13:44:22:  59000000 
INFO  @ Fri, 02 Aug 2019 13:44:24:  60000000 
INFO  @ Fri, 02 Aug 2019 13:44:25:  61000000 
INFO  @ Fri, 02 Aug 2019 13:44:27:  62000000 
INFO  @ Fri, 02 Aug 2019 13:44:28:  63000000 
INFO  @ Fri, 02 Aug 2019 13:44:30:  64000000 
INFO  @ Fri, 02 Aug 2019 13:44:31:  65000000 
INFO  @ Fri, 02 Aug 2019 13:44:33:  66000000 
INFO  @ Fri, 02 Aug 2019 13:44:35:  67000000 
INFO  @ Fri, 02 Aug 2019 13:44:36:  68000000 
INFO  @ Fri, 02 Aug 2019 13:44:38:  69000000 
INFO  @ Fri, 02 Aug 2019 13:44:39:  70000000 
INFO  @ Fri, 02 Aug 2019 13:44:41:  71000000 
INFO  @ Fri, 02 Aug 2019 13:44:42:  72000000 
INFO  @ Fri, 02 Aug 2019 13:44:44:  73000000 
INFO  @ Fri, 02 Aug 2019 13:44:45:  74000000 
INFO  @ Fri, 02 Aug 2019 13:44:47:  75000000 
INFO  @ Fri, 02 Aug 2019 13:45:14: #1 tag size is determined as 83 bps 
INFO  @ Fri, 02 Aug 2019 13:45:14: #1 tag size = 83.0 
INFO  @ Fri, 02 Aug 2019 13:45:14: #1  total tags in treatment: 232074382 
INFO  @ Fri, 02 Aug 2019 13:45:14: #1 finished! 
INFO  @ Fri, 02 Aug 2019 13:45:14: #2 Build Peak Model... 
INFO  @ Fri, 02 Aug 2019 13:45:14: #2 Skipped... 
INFO  @ Fri, 02 Aug 2019 13:45:14: #2 Use 73 as fragment length 
INFO  @ Fri, 02 Aug 2019 13:45:14: #2 Sequencing ends will be shifted towards 5' by 37 bp(s) 
INFO  @ Fri, 02 Aug 2019 13:45:14: #3 Call peaks... 
INFO  @ Fri, 02 Aug 2019 13:45:14: #3 Call peaks with given -log10pvalue cutoff: 1.00000 ... 
INFO  @ Fri, 02 Aug 2019 13:45:14: #3 Pre-compute pvalue-qvalue table... 
INFO  @ Fri, 02 Aug 2019 14:04:29: #3 Call peaks for each chromosome... 
INFO  @ Fri, 02 Aug 2019 14:09:17: #4 Write output xls file... /home/yuanh/analysis/WI38_ATAC/process/macs2out_pool/PDL20_TP1_omni_peaks.xls 
INFO  @ Fri, 02 Aug 2019 14:09:21: #4 Write peak in narrowPeak format file... /home/yuanh/analysis/WI38_ATAC/process/macs2out_pool/PDL20_TP1_omni_peaks.narrowPeak 
INFO  @ Fri, 02 Aug 2019 14:09:24: #4 Write summits bed file... /home/yuanh/analysis/WI38_ATAC/process/macs2out_pool/PDL20_TP1_omni_summits.bed 
INFO  @ Fri, 02 Aug 2019 14:09:26: Done! 
