INFO  @ Fri, 02 Aug 2019 13:38:33: 
# Command line: callpeak -t /home/yuanh/analysis/WI38_ATAC/process/shift_bed/PDL30_TP3_omni_A_S24_SE.bed /home/yuanh/analysis/WI38_ATAC/process/shift_bed/PDL30_TP3_omni_B_S25_SE.bed /home/yuanh/analysis/WI38_ATAC/process/shift_bed/PDL30_TP3_omni_C_S26_SE.bed -f BED -n PDL30_TP3_omni --outdir /home/yuanh/analysis/WI38_ATAC/process/macs2out_pool/ --keep-dup all -g hs -p 1e-1 --nomodel --shift -37 --extsize 73
# ARGUMENTS LIST:
# name = PDL30_TP3_omni
# format = BED
# ChIP-seq file = ['/home/yuanh/analysis/WI38_ATAC/process/shift_bed/PDL30_TP3_omni_A_S24_SE.bed', '/home/yuanh/analysis/WI38_ATAC/process/shift_bed/PDL30_TP3_omni_B_S25_SE.bed', '/home/yuanh/analysis/WI38_ATAC/process/shift_bed/PDL30_TP3_omni_C_S26_SE.bed']
# control file = None
# effective genome size = 2.70e+09
# band width = 300
# model fold = [5, 50]
# pvalue cutoff = 1.00e-01
# qvalue will not be calculated and reported as -1 in the final output.
# The maximum gap between significant sites is assigned as the read length/tag size.
# The minimum length of peaks is assigned as the predicted fragment length "d".
# Larger dataset will be scaled towards smaller dataset.
# Range for calculating regional lambda is: 10000 bps
# Broad region calling is off
# Paired-End mode is off
 
INFO  @ Fri, 02 Aug 2019 13:38:33: #1 read tag files... 
INFO  @ Fri, 02 Aug 2019 13:38:33: #1 read treatment tags... 
INFO  @ Fri, 02 Aug 2019 13:38:35:  1000000 
INFO  @ Fri, 02 Aug 2019 13:38:37:  2000000 
INFO  @ Fri, 02 Aug 2019 13:38:38:  3000000 
INFO  @ Fri, 02 Aug 2019 13:38:40:  4000000 
INFO  @ Fri, 02 Aug 2019 13:38:41:  5000000 
INFO  @ Fri, 02 Aug 2019 13:38:43:  6000000 
INFO  @ Fri, 02 Aug 2019 13:38:45:  7000000 
INFO  @ Fri, 02 Aug 2019 13:38:46:  8000000 
INFO  @ Fri, 02 Aug 2019 13:38:48:  9000000 
INFO  @ Fri, 02 Aug 2019 13:38:50:  10000000 
INFO  @ Fri, 02 Aug 2019 13:38:51:  11000000 
INFO  @ Fri, 02 Aug 2019 13:38:53:  12000000 
INFO  @ Fri, 02 Aug 2019 13:38:54:  13000000 
INFO  @ Fri, 02 Aug 2019 13:38:56:  14000000 
INFO  @ Fri, 02 Aug 2019 13:38:58:  15000000 
INFO  @ Fri, 02 Aug 2019 13:38:59:  16000000 
INFO  @ Fri, 02 Aug 2019 13:39:01:  17000000 
INFO  @ Fri, 02 Aug 2019 13:39:02:  18000000 
INFO  @ Fri, 02 Aug 2019 13:39:04:  19000000 
INFO  @ Fri, 02 Aug 2019 13:39:06:  20000000 
INFO  @ Fri, 02 Aug 2019 13:39:07:  21000000 
INFO  @ Fri, 02 Aug 2019 13:39:09:  22000000 
INFO  @ Fri, 02 Aug 2019 13:39:11:  23000000 
INFO  @ Fri, 02 Aug 2019 13:39:12:  24000000 
INFO  @ Fri, 02 Aug 2019 13:39:14:  25000000 
INFO  @ Fri, 02 Aug 2019 13:39:15:  26000000 
INFO  @ Fri, 02 Aug 2019 13:39:17:  27000000 
INFO  @ Fri, 02 Aug 2019 13:39:19:  28000000 
INFO  @ Fri, 02 Aug 2019 13:39:20:  29000000 
INFO  @ Fri, 02 Aug 2019 13:39:22:  30000000 
INFO  @ Fri, 02 Aug 2019 13:39:23:  31000000 
INFO  @ Fri, 02 Aug 2019 13:39:25:  32000000 
INFO  @ Fri, 02 Aug 2019 13:39:27:  33000000 
INFO  @ Fri, 02 Aug 2019 13:39:28:  34000000 
INFO  @ Fri, 02 Aug 2019 13:39:30:  35000000 
INFO  @ Fri, 02 Aug 2019 13:39:31:  36000000 
INFO  @ Fri, 02 Aug 2019 13:39:33:  37000000 
INFO  @ Fri, 02 Aug 2019 13:39:35:  38000000 
INFO  @ Fri, 02 Aug 2019 13:39:36:  39000000 
INFO  @ Fri, 02 Aug 2019 13:39:38:  40000000 
INFO  @ Fri, 02 Aug 2019 13:39:39:  41000000 
INFO  @ Fri, 02 Aug 2019 13:39:41:  42000000 
INFO  @ Fri, 02 Aug 2019 13:39:42:  43000000 
INFO  @ Fri, 02 Aug 2019 13:39:44:  44000000 
INFO  @ Fri, 02 Aug 2019 13:39:45:  45000000 
INFO  @ Fri, 02 Aug 2019 13:39:47:  46000000 
INFO  @ Fri, 02 Aug 2019 13:39:48:  47000000 
INFO  @ Fri, 02 Aug 2019 13:39:50:  48000000 
INFO  @ Fri, 02 Aug 2019 13:39:51:  49000000 
INFO  @ Fri, 02 Aug 2019 13:39:53:  50000000 
INFO  @ Fri, 02 Aug 2019 13:39:54:  51000000 
INFO  @ Fri, 02 Aug 2019 13:39:56:  52000000 
INFO  @ Fri, 02 Aug 2019 13:39:57:  53000000 
INFO  @ Fri, 02 Aug 2019 13:39:59:  54000000 
INFO  @ Fri, 02 Aug 2019 13:40:00:  55000000 
INFO  @ Fri, 02 Aug 2019 13:40:02:  56000000 
INFO  @ Fri, 02 Aug 2019 13:40:03:  57000000 
INFO  @ Fri, 02 Aug 2019 13:40:05:  58000000 
INFO  @ Fri, 02 Aug 2019 13:40:06:  59000000 
INFO  @ Fri, 02 Aug 2019 13:40:08:  60000000 
INFO  @ Fri, 02 Aug 2019 13:40:09:  61000000 
INFO  @ Fri, 02 Aug 2019 13:40:11:  62000000 
INFO  @ Fri, 02 Aug 2019 13:40:12:  63000000 
INFO  @ Fri, 02 Aug 2019 13:40:14:  64000000 
INFO  @ Fri, 02 Aug 2019 13:40:15:  65000000 
INFO  @ Fri, 02 Aug 2019 13:40:17:  66000000 
INFO  @ Fri, 02 Aug 2019 13:40:19:  1000000 
INFO  @ Fri, 02 Aug 2019 13:40:20:  2000000 
INFO  @ Fri, 02 Aug 2019 13:40:22:  3000000 
INFO  @ Fri, 02 Aug 2019 13:40:23:  4000000 
INFO  @ Fri, 02 Aug 2019 13:40:25:  5000000 
INFO  @ Fri, 02 Aug 2019 13:40:27:  6000000 
INFO  @ Fri, 02 Aug 2019 13:40:28:  7000000 
INFO  @ Fri, 02 Aug 2019 13:40:30:  8000000 
INFO  @ Fri, 02 Aug 2019 13:40:32:  9000000 
INFO  @ Fri, 02 Aug 2019 13:40:33:  10000000 
INFO  @ Fri, 02 Aug 2019 13:40:35:  11000000 
INFO  @ Fri, 02 Aug 2019 13:40:37:  12000000 
INFO  @ Fri, 02 Aug 2019 13:40:38:  13000000 
INFO  @ Fri, 02 Aug 2019 13:40:40:  14000000 
INFO  @ Fri, 02 Aug 2019 13:40:42:  15000000 
INFO  @ Fri, 02 Aug 2019 13:40:43:  16000000 
INFO  @ Fri, 02 Aug 2019 13:40:45:  17000000 
INFO  @ Fri, 02 Aug 2019 13:40:47:  18000000 
INFO  @ Fri, 02 Aug 2019 13:40:49:  19000000 
INFO  @ Fri, 02 Aug 2019 13:40:50:  20000000 
INFO  @ Fri, 02 Aug 2019 13:40:52:  21000000 
INFO  @ Fri, 02 Aug 2019 13:40:53:  22000000 
INFO  @ Fri, 02 Aug 2019 13:40:55:  23000000 
INFO  @ Fri, 02 Aug 2019 13:40:57:  24000000 
INFO  @ Fri, 02 Aug 2019 13:40:58:  25000000 
INFO  @ Fri, 02 Aug 2019 13:41:00:  26000000 
INFO  @ Fri, 02 Aug 2019 13:41:02:  27000000 
INFO  @ Fri, 02 Aug 2019 13:41:03:  28000000 
INFO  @ Fri, 02 Aug 2019 13:41:05:  29000000 
INFO  @ Fri, 02 Aug 2019 13:41:07:  30000000 
INFO  @ Fri, 02 Aug 2019 13:41:08:  31000000 
INFO  @ Fri, 02 Aug 2019 13:41:10:  32000000 
INFO  @ Fri, 02 Aug 2019 13:41:11:  33000000 
INFO  @ Fri, 02 Aug 2019 13:41:13:  34000000 
INFO  @ Fri, 02 Aug 2019 13:41:15:  35000000 
INFO  @ Fri, 02 Aug 2019 13:41:16:  36000000 
INFO  @ Fri, 02 Aug 2019 13:41:18:  37000000 
INFO  @ Fri, 02 Aug 2019 13:41:20:  38000000 
INFO  @ Fri, 02 Aug 2019 13:41:21:  39000000 
INFO  @ Fri, 02 Aug 2019 13:41:23:  40000000 
INFO  @ Fri, 02 Aug 2019 13:41:25:  41000000 
INFO  @ Fri, 02 Aug 2019 13:41:26:  42000000 
INFO  @ Fri, 02 Aug 2019 13:41:28:  43000000 
INFO  @ Fri, 02 Aug 2019 13:41:30:  44000000 
INFO  @ Fri, 02 Aug 2019 13:41:31:  45000000 
INFO  @ Fri, 02 Aug 2019 13:41:33:  46000000 
INFO  @ Fri, 02 Aug 2019 13:41:35:  47000000 
INFO  @ Fri, 02 Aug 2019 13:41:36:  48000000 
INFO  @ Fri, 02 Aug 2019 13:41:38:  49000000 
INFO  @ Fri, 02 Aug 2019 13:41:40:  50000000 
INFO  @ Fri, 02 Aug 2019 13:41:41:  51000000 
INFO  @ Fri, 02 Aug 2019 13:41:43:  52000000 
INFO  @ Fri, 02 Aug 2019 13:41:45:  53000000 
INFO  @ Fri, 02 Aug 2019 13:41:46:  54000000 
INFO  @ Fri, 02 Aug 2019 13:41:48:  55000000 
INFO  @ Fri, 02 Aug 2019 13:41:50:  56000000 
INFO  @ Fri, 02 Aug 2019 13:41:52:  57000000 
INFO  @ Fri, 02 Aug 2019 13:41:53:  58000000 
INFO  @ Fri, 02 Aug 2019 13:41:55:  59000000 
INFO  @ Fri, 02 Aug 2019 13:41:57:  60000000 
INFO  @ Fri, 02 Aug 2019 13:41:58:  61000000 
INFO  @ Fri, 02 Aug 2019 13:42:00:  62000000 
INFO  @ Fri, 02 Aug 2019 13:42:02:  63000000 
INFO  @ Fri, 02 Aug 2019 13:42:03:  64000000 
INFO  @ Fri, 02 Aug 2019 13:42:05:  65000000 
INFO  @ Fri, 02 Aug 2019 13:42:06:  66000000 
INFO  @ Fri, 02 Aug 2019 13:42:08:  67000000 
INFO  @ Fri, 02 Aug 2019 13:42:09:  68000000 
INFO  @ Fri, 02 Aug 2019 13:42:11:  69000000 
INFO  @ Fri, 02 Aug 2019 13:42:13:  70000000 
INFO  @ Fri, 02 Aug 2019 13:42:14:  71000000 
INFO  @ Fri, 02 Aug 2019 13:42:16:  72000000 
INFO  @ Fri, 02 Aug 2019 13:42:17:  73000000 
INFO  @ Fri, 02 Aug 2019 13:42:20:  1000000 
INFO  @ Fri, 02 Aug 2019 13:42:21:  2000000 
INFO  @ Fri, 02 Aug 2019 13:42:23:  3000000 
INFO  @ Fri, 02 Aug 2019 13:42:24:  4000000 
INFO  @ Fri, 02 Aug 2019 13:42:26:  5000000 
INFO  @ Fri, 02 Aug 2019 13:42:28:  6000000 
INFO  @ Fri, 02 Aug 2019 13:42:29:  7000000 
INFO  @ Fri, 02 Aug 2019 13:42:31:  8000000 
INFO  @ Fri, 02 Aug 2019 13:42:33:  9000000 
INFO  @ Fri, 02 Aug 2019 13:42:34:  10000000 
INFO  @ Fri, 02 Aug 2019 13:42:36:  11000000 
INFO  @ Fri, 02 Aug 2019 13:42:37:  12000000 
INFO  @ Fri, 02 Aug 2019 13:42:39:  13000000 
INFO  @ Fri, 02 Aug 2019 13:42:41:  14000000 
INFO  @ Fri, 02 Aug 2019 13:42:42:  15000000 
INFO  @ Fri, 02 Aug 2019 13:42:44:  16000000 
INFO  @ Fri, 02 Aug 2019 13:42:46:  17000000 
INFO  @ Fri, 02 Aug 2019 13:42:47:  18000000 
INFO  @ Fri, 02 Aug 2019 13:42:49:  19000000 
INFO  @ Fri, 02 Aug 2019 13:42:51:  20000000 
INFO  @ Fri, 02 Aug 2019 13:42:52:  21000000 
INFO  @ Fri, 02 Aug 2019 13:42:54:  22000000 
INFO  @ Fri, 02 Aug 2019 13:42:56:  23000000 
INFO  @ Fri, 02 Aug 2019 13:42:57:  24000000 
INFO  @ Fri, 02 Aug 2019 13:42:59:  25000000 
INFO  @ Fri, 02 Aug 2019 13:43:01:  26000000 
INFO  @ Fri, 02 Aug 2019 13:43:02:  27000000 
INFO  @ Fri, 02 Aug 2019 13:43:04:  28000000 
INFO  @ Fri, 02 Aug 2019 13:43:06:  29000000 
INFO  @ Fri, 02 Aug 2019 13:43:07:  30000000 
INFO  @ Fri, 02 Aug 2019 13:43:09:  31000000 
INFO  @ Fri, 02 Aug 2019 13:43:11:  32000000 
INFO  @ Fri, 02 Aug 2019 13:43:12:  33000000 
INFO  @ Fri, 02 Aug 2019 13:43:14:  34000000 
INFO  @ Fri, 02 Aug 2019 13:43:16:  35000000 
INFO  @ Fri, 02 Aug 2019 13:43:17:  36000000 
INFO  @ Fri, 02 Aug 2019 13:43:19:  37000000 
INFO  @ Fri, 02 Aug 2019 13:43:21:  38000000 
INFO  @ Fri, 02 Aug 2019 13:43:23:  39000000 
INFO  @ Fri, 02 Aug 2019 13:43:24:  40000000 
INFO  @ Fri, 02 Aug 2019 13:43:26:  41000000 
INFO  @ Fri, 02 Aug 2019 13:43:28:  42000000 
INFO  @ Fri, 02 Aug 2019 13:43:29:  43000000 
INFO  @ Fri, 02 Aug 2019 13:43:31:  44000000 
INFO  @ Fri, 02 Aug 2019 13:43:33:  45000000 
INFO  @ Fri, 02 Aug 2019 13:43:34:  46000000 
INFO  @ Fri, 02 Aug 2019 13:43:36:  47000000 
INFO  @ Fri, 02 Aug 2019 13:43:38:  48000000 
INFO  @ Fri, 02 Aug 2019 13:43:39:  49000000 
INFO  @ Fri, 02 Aug 2019 13:43:41:  50000000 
INFO  @ Fri, 02 Aug 2019 13:43:42:  51000000 
INFO  @ Fri, 02 Aug 2019 13:43:44:  52000000 
INFO  @ Fri, 02 Aug 2019 13:43:46:  53000000 
INFO  @ Fri, 02 Aug 2019 13:43:47:  54000000 
INFO  @ Fri, 02 Aug 2019 13:43:49:  55000000 
INFO  @ Fri, 02 Aug 2019 13:43:51:  56000000 
INFO  @ Fri, 02 Aug 2019 13:43:52:  57000000 
INFO  @ Fri, 02 Aug 2019 13:43:54:  58000000 
INFO  @ Fri, 02 Aug 2019 13:43:55:  59000000 
INFO  @ Fri, 02 Aug 2019 13:43:57:  60000000 
INFO  @ Fri, 02 Aug 2019 13:43:59:  61000000 
INFO  @ Fri, 02 Aug 2019 13:44:00:  62000000 
INFO  @ Fri, 02 Aug 2019 13:44:02:  63000000 
INFO  @ Fri, 02 Aug 2019 13:44:04:  64000000 
INFO  @ Fri, 02 Aug 2019 13:44:05:  65000000 
INFO  @ Fri, 02 Aug 2019 13:44:07:  66000000 
INFO  @ Fri, 02 Aug 2019 13:44:09:  67000000 
INFO  @ Fri, 02 Aug 2019 13:44:10:  68000000 
INFO  @ Fri, 02 Aug 2019 13:44:12:  69000000 
INFO  @ Fri, 02 Aug 2019 13:44:14:  70000000 
INFO  @ Fri, 02 Aug 2019 13:44:15:  71000000 
INFO  @ Fri, 02 Aug 2019 13:44:17:  72000000 
INFO  @ Fri, 02 Aug 2019 13:44:19:  73000000 
INFO  @ Fri, 02 Aug 2019 13:44:20:  74000000 
INFO  @ Fri, 02 Aug 2019 13:44:45: #1 tag size is determined as 84 bps 
INFO  @ Fri, 02 Aug 2019 13:44:45: #1 tag size = 84.0 
INFO  @ Fri, 02 Aug 2019 13:44:45: #1  total tags in treatment: 214379100 
INFO  @ Fri, 02 Aug 2019 13:44:45: #1 finished! 
INFO  @ Fri, 02 Aug 2019 13:44:45: #2 Build Peak Model... 
INFO  @ Fri, 02 Aug 2019 13:44:45: #2 Skipped... 
INFO  @ Fri, 02 Aug 2019 13:44:45: #2 Use 73 as fragment length 
INFO  @ Fri, 02 Aug 2019 13:44:45: #2 Sequencing ends will be shifted towards 5' by 37 bp(s) 
INFO  @ Fri, 02 Aug 2019 13:44:45: #3 Call peaks... 
INFO  @ Fri, 02 Aug 2019 13:44:45: #3 Call peaks with given -log10pvalue cutoff: 1.00000 ... 
INFO  @ Fri, 02 Aug 2019 13:44:45: #3 Pre-compute pvalue-qvalue table... 
INFO  @ Fri, 02 Aug 2019 14:02:30: #3 Call peaks for each chromosome... 
INFO  @ Fri, 02 Aug 2019 14:07:32: #4 Write output xls file... /home/yuanh/analysis/WI38_ATAC/process/macs2out_pool/PDL30_TP3_omni_peaks.xls 
INFO  @ Fri, 02 Aug 2019 14:07:37: #4 Write peak in narrowPeak format file... /home/yuanh/analysis/WI38_ATAC/process/macs2out_pool/PDL30_TP3_omni_peaks.narrowPeak 
INFO  @ Fri, 02 Aug 2019 14:07:41: #4 Write summits bed file... /home/yuanh/analysis/WI38_ATAC/process/macs2out_pool/PDL30_TP3_omni_summits.bed 
INFO  @ Fri, 02 Aug 2019 14:07:43: Done! 
