INFO  @ Fri, 02 Aug 2019 13:39:08: 
# Command line: callpeak -t /home/yuanh/analysis/WI38_ATAC/process/shift_bed/PDL37_TP5_omni_A_S36_SE.bed /home/yuanh/analysis/WI38_ATAC/process/shift_bed/PDL37_TP5_omni_B_S37_SE.bed /home/yuanh/analysis/WI38_ATAC/process/shift_bed/PDL37_TP5_omni_C_S38_SE.bed -f BED -n PDL37_TP5_omni --outdir /home/yuanh/analysis/WI38_ATAC/process/macs2out_pool/ --keep-dup all -g hs -p 1e-1 --nomodel --shift -37 --extsize 73
# ARGUMENTS LIST:
# name = PDL37_TP5_omni
# format = BED
# ChIP-seq file = ['/home/yuanh/analysis/WI38_ATAC/process/shift_bed/PDL37_TP5_omni_A_S36_SE.bed', '/home/yuanh/analysis/WI38_ATAC/process/shift_bed/PDL37_TP5_omni_B_S37_SE.bed', '/home/yuanh/analysis/WI38_ATAC/process/shift_bed/PDL37_TP5_omni_C_S38_SE.bed']
# control file = None
# effective genome size = 2.70e+09
# band width = 300
# model fold = [5, 50]
# pvalue cutoff = 1.00e-01
# qvalue will not be calculated and reported as -1 in the final output.
# The maximum gap between significant sites is assigned as the read length/tag size.
# The minimum length of peaks is assigned as the predicted fragment length "d".
# Larger dataset will be scaled towards smaller dataset.
# Range for calculating regional lambda is: 10000 bps
# Broad region calling is off
# Paired-End mode is off
 
INFO  @ Fri, 02 Aug 2019 13:39:08: #1 read tag files... 
INFO  @ Fri, 02 Aug 2019 13:39:08: #1 read treatment tags... 
INFO  @ Fri, 02 Aug 2019 13:39:10:  1000000 
INFO  @ Fri, 02 Aug 2019 13:39:11:  2000000 
INFO  @ Fri, 02 Aug 2019 13:39:12:  3000000 
INFO  @ Fri, 02 Aug 2019 13:39:14:  4000000 
INFO  @ Fri, 02 Aug 2019 13:39:15:  5000000 
INFO  @ Fri, 02 Aug 2019 13:39:16:  6000000 
INFO  @ Fri, 02 Aug 2019 13:39:17:  7000000 
INFO  @ Fri, 02 Aug 2019 13:39:19:  8000000 
INFO  @ Fri, 02 Aug 2019 13:39:20:  9000000 
INFO  @ Fri, 02 Aug 2019 13:39:21:  10000000 
INFO  @ Fri, 02 Aug 2019 13:39:23:  11000000 
INFO  @ Fri, 02 Aug 2019 13:39:24:  12000000 
INFO  @ Fri, 02 Aug 2019 13:39:25:  13000000 
INFO  @ Fri, 02 Aug 2019 13:39:27:  14000000 
INFO  @ Fri, 02 Aug 2019 13:39:28:  15000000 
INFO  @ Fri, 02 Aug 2019 13:39:29:  16000000 
INFO  @ Fri, 02 Aug 2019 13:39:30:  17000000 
INFO  @ Fri, 02 Aug 2019 13:39:32:  18000000 
INFO  @ Fri, 02 Aug 2019 13:39:33:  19000000 
INFO  @ Fri, 02 Aug 2019 13:39:34:  20000000 
INFO  @ Fri, 02 Aug 2019 13:39:35:  21000000 
INFO  @ Fri, 02 Aug 2019 13:39:37:  22000000 
INFO  @ Fri, 02 Aug 2019 13:39:38:  23000000 
INFO  @ Fri, 02 Aug 2019 13:39:39:  24000000 
INFO  @ Fri, 02 Aug 2019 13:39:40:  25000000 
INFO  @ Fri, 02 Aug 2019 13:39:42:  26000000 
INFO  @ Fri, 02 Aug 2019 13:39:43:  27000000 
INFO  @ Fri, 02 Aug 2019 13:39:44:  28000000 
INFO  @ Fri, 02 Aug 2019 13:39:46:  29000000 
INFO  @ Fri, 02 Aug 2019 13:39:48:  1000000 
INFO  @ Fri, 02 Aug 2019 13:39:49:  2000000 
INFO  @ Fri, 02 Aug 2019 13:39:51:  3000000 
INFO  @ Fri, 02 Aug 2019 13:39:52:  4000000 
INFO  @ Fri, 02 Aug 2019 13:39:53:  5000000 
INFO  @ Fri, 02 Aug 2019 13:39:55:  6000000 
INFO  @ Fri, 02 Aug 2019 13:39:56:  7000000 
INFO  @ Fri, 02 Aug 2019 13:39:57:  8000000 
INFO  @ Fri, 02 Aug 2019 13:39:59:  9000000 
INFO  @ Fri, 02 Aug 2019 13:40:00:  10000000 
INFO  @ Fri, 02 Aug 2019 13:40:01:  11000000 
INFO  @ Fri, 02 Aug 2019 13:40:03:  12000000 
INFO  @ Fri, 02 Aug 2019 13:40:04:  13000000 
INFO  @ Fri, 02 Aug 2019 13:40:05:  14000000 
INFO  @ Fri, 02 Aug 2019 13:40:06:  15000000 
INFO  @ Fri, 02 Aug 2019 13:40:08:  16000000 
INFO  @ Fri, 02 Aug 2019 13:40:09:  17000000 
INFO  @ Fri, 02 Aug 2019 13:40:10:  18000000 
INFO  @ Fri, 02 Aug 2019 13:40:12:  19000000 
INFO  @ Fri, 02 Aug 2019 13:40:13:  20000000 
INFO  @ Fri, 02 Aug 2019 13:40:14:  21000000 
INFO  @ Fri, 02 Aug 2019 13:40:16:  22000000 
INFO  @ Fri, 02 Aug 2019 13:40:17:  23000000 
INFO  @ Fri, 02 Aug 2019 13:40:18:  24000000 
INFO  @ Fri, 02 Aug 2019 13:40:20:  25000000 
INFO  @ Fri, 02 Aug 2019 13:40:21:  26000000 
INFO  @ Fri, 02 Aug 2019 13:40:22:  27000000 
INFO  @ Fri, 02 Aug 2019 13:40:24:  28000000 
INFO  @ Fri, 02 Aug 2019 13:40:25:  29000000 
INFO  @ Fri, 02 Aug 2019 13:40:26:  30000000 
INFO  @ Fri, 02 Aug 2019 13:40:28:  31000000 
INFO  @ Fri, 02 Aug 2019 13:40:29:  32000000 
INFO  @ Fri, 02 Aug 2019 13:40:30:  33000000 
INFO  @ Fri, 02 Aug 2019 13:40:32:  34000000 
INFO  @ Fri, 02 Aug 2019 13:40:33:  35000000 
INFO  @ Fri, 02 Aug 2019 13:40:34:  36000000 
INFO  @ Fri, 02 Aug 2019 13:40:36:  37000000 
INFO  @ Fri, 02 Aug 2019 13:40:37:  38000000 
INFO  @ Fri, 02 Aug 2019 13:40:39:  39000000 
INFO  @ Fri, 02 Aug 2019 13:40:40:  40000000 
INFO  @ Fri, 02 Aug 2019 13:40:41:  41000000 
INFO  @ Fri, 02 Aug 2019 13:40:42:  42000000 
INFO  @ Fri, 02 Aug 2019 13:40:44:  43000000 
INFO  @ Fri, 02 Aug 2019 13:40:46:  1000000 
INFO  @ Fri, 02 Aug 2019 13:40:47:  2000000 
INFO  @ Fri, 02 Aug 2019 13:40:49:  3000000 
INFO  @ Fri, 02 Aug 2019 13:40:50:  4000000 
INFO  @ Fri, 02 Aug 2019 13:40:51:  5000000 
INFO  @ Fri, 02 Aug 2019 13:40:53:  6000000 
INFO  @ Fri, 02 Aug 2019 13:40:54:  7000000 
INFO  @ Fri, 02 Aug 2019 13:40:55:  8000000 
INFO  @ Fri, 02 Aug 2019 13:40:57:  9000000 
INFO  @ Fri, 02 Aug 2019 13:40:58:  10000000 
INFO  @ Fri, 02 Aug 2019 13:40:59:  11000000 
INFO  @ Fri, 02 Aug 2019 13:41:01:  12000000 
INFO  @ Fri, 02 Aug 2019 13:41:02:  13000000 
INFO  @ Fri, 02 Aug 2019 13:41:03:  14000000 
INFO  @ Fri, 02 Aug 2019 13:41:05:  15000000 
INFO  @ Fri, 02 Aug 2019 13:41:06:  16000000 
INFO  @ Fri, 02 Aug 2019 13:41:07:  17000000 
INFO  @ Fri, 02 Aug 2019 13:41:09:  18000000 
INFO  @ Fri, 02 Aug 2019 13:41:10:  19000000 
INFO  @ Fri, 02 Aug 2019 13:41:11:  20000000 
INFO  @ Fri, 02 Aug 2019 13:41:13:  21000000 
INFO  @ Fri, 02 Aug 2019 13:41:14:  22000000 
INFO  @ Fri, 02 Aug 2019 13:41:15:  23000000 
INFO  @ Fri, 02 Aug 2019 13:41:17:  24000000 
INFO  @ Fri, 02 Aug 2019 13:41:18:  25000000 
INFO  @ Fri, 02 Aug 2019 13:41:19:  26000000 
INFO  @ Fri, 02 Aug 2019 13:41:21:  27000000 
INFO  @ Fri, 02 Aug 2019 13:41:22:  28000000 
INFO  @ Fri, 02 Aug 2019 13:41:30: #1 tag size is determined as 116 bps 
INFO  @ Fri, 02 Aug 2019 13:41:30: #1 tag size = 116.0 
INFO  @ Fri, 02 Aug 2019 13:41:30: #1  total tags in treatment: 101730142 
INFO  @ Fri, 02 Aug 2019 13:41:30: #1 finished! 
INFO  @ Fri, 02 Aug 2019 13:41:30: #2 Build Peak Model... 
INFO  @ Fri, 02 Aug 2019 13:41:30: #2 Skipped... 
INFO  @ Fri, 02 Aug 2019 13:41:30: #2 Use 73 as fragment length 
INFO  @ Fri, 02 Aug 2019 13:41:30: #2 Sequencing ends will be shifted towards 5' by 37 bp(s) 
INFO  @ Fri, 02 Aug 2019 13:41:30: #3 Call peaks... 
INFO  @ Fri, 02 Aug 2019 13:41:30: #3 Call peaks with given -log10pvalue cutoff: 1.00000 ... 
INFO  @ Fri, 02 Aug 2019 13:41:30: #3 Pre-compute pvalue-qvalue table... 
INFO  @ Fri, 02 Aug 2019 13:45:48: #3 Call peaks for each chromosome... 
INFO  @ Fri, 02 Aug 2019 13:47:52: #4 Write output xls file... /home/yuanh/analysis/WI38_ATAC/process/macs2out_pool/PDL37_TP5_omni_peaks.xls 
INFO  @ Fri, 02 Aug 2019 13:47:57: #4 Write peak in narrowPeak format file... /home/yuanh/analysis/WI38_ATAC/process/macs2out_pool/PDL37_TP5_omni_peaks.narrowPeak 
INFO  @ Fri, 02 Aug 2019 13:48:00: #4 Write summits bed file... /home/yuanh/analysis/WI38_ATAC/process/macs2out_pool/PDL37_TP5_omni_summits.bed 
INFO  @ Fri, 02 Aug 2019 13:48:03: Done! 
