INFO  @ Fri, 02 Aug 2019 13:38:33: 
# Command line: callpeak -t /home/yuanh/analysis/WI38_ATAC/process/shift_bed/PDL33_TP4_omni_A_S30_SE.bed /home/yuanh/analysis/WI38_ATAC/process/shift_bed/PDL33_TP4_omni_B_S31_SE.bed /home/yuanh/analysis/WI38_ATAC/process/shift_bed/PDL33_TP4_omni_C_S32_SE.bed -f BED -n PDL33_TP4_omni --outdir /home/yuanh/analysis/WI38_ATAC/process/macs2out_pool/ --keep-dup all -g hs -p 1e-1 --nomodel --shift -37 --extsize 73
# ARGUMENTS LIST:
# name = PDL33_TP4_omni
# format = BED
# ChIP-seq file = ['/home/yuanh/analysis/WI38_ATAC/process/shift_bed/PDL33_TP4_omni_A_S30_SE.bed', '/home/yuanh/analysis/WI38_ATAC/process/shift_bed/PDL33_TP4_omni_B_S31_SE.bed', '/home/yuanh/analysis/WI38_ATAC/process/shift_bed/PDL33_TP4_omni_C_S32_SE.bed']
# control file = None
# effective genome size = 2.70e+09
# band width = 300
# model fold = [5, 50]
# pvalue cutoff = 1.00e-01
# qvalue will not be calculated and reported as -1 in the final output.
# The maximum gap between significant sites is assigned as the read length/tag size.
# The minimum length of peaks is assigned as the predicted fragment length "d".
# Larger dataset will be scaled towards smaller dataset.
# Range for calculating regional lambda is: 10000 bps
# Broad region calling is off
# Paired-End mode is off
 
INFO  @ Fri, 02 Aug 2019 13:38:33: #1 read tag files... 
INFO  @ Fri, 02 Aug 2019 13:38:33: #1 read treatment tags... 
INFO  @ Fri, 02 Aug 2019 13:38:35:  1000000 
INFO  @ Fri, 02 Aug 2019 13:38:37:  2000000 
INFO  @ Fri, 02 Aug 2019 13:38:38:  3000000 
INFO  @ Fri, 02 Aug 2019 13:38:40:  4000000 
INFO  @ Fri, 02 Aug 2019 13:38:41:  5000000 
INFO  @ Fri, 02 Aug 2019 13:38:43:  6000000 
INFO  @ Fri, 02 Aug 2019 13:38:44:  7000000 
INFO  @ Fri, 02 Aug 2019 13:38:46:  8000000 
INFO  @ Fri, 02 Aug 2019 13:38:47:  9000000 
INFO  @ Fri, 02 Aug 2019 13:38:49:  10000000 
INFO  @ Fri, 02 Aug 2019 13:38:51:  11000000 
INFO  @ Fri, 02 Aug 2019 13:38:52:  12000000 
INFO  @ Fri, 02 Aug 2019 13:38:54:  13000000 
INFO  @ Fri, 02 Aug 2019 13:38:55:  14000000 
INFO  @ Fri, 02 Aug 2019 13:38:57:  15000000 
INFO  @ Fri, 02 Aug 2019 13:38:59:  16000000 
INFO  @ Fri, 02 Aug 2019 13:39:00:  17000000 
INFO  @ Fri, 02 Aug 2019 13:39:02:  18000000 
INFO  @ Fri, 02 Aug 2019 13:39:03:  19000000 
INFO  @ Fri, 02 Aug 2019 13:39:05:  20000000 
INFO  @ Fri, 02 Aug 2019 13:39:07:  21000000 
INFO  @ Fri, 02 Aug 2019 13:39:08:  22000000 
INFO  @ Fri, 02 Aug 2019 13:39:10:  23000000 
INFO  @ Fri, 02 Aug 2019 13:39:11:  24000000 
INFO  @ Fri, 02 Aug 2019 13:39:13:  25000000 
INFO  @ Fri, 02 Aug 2019 13:39:14:  26000000 
INFO  @ Fri, 02 Aug 2019 13:39:16:  27000000 
INFO  @ Fri, 02 Aug 2019 13:39:17:  28000000 
INFO  @ Fri, 02 Aug 2019 13:39:19:  29000000 
INFO  @ Fri, 02 Aug 2019 13:39:20:  30000000 
INFO  @ Fri, 02 Aug 2019 13:39:22:  31000000 
INFO  @ Fri, 02 Aug 2019 13:39:24:  32000000 
INFO  @ Fri, 02 Aug 2019 13:39:25:  33000000 
INFO  @ Fri, 02 Aug 2019 13:39:27:  34000000 
INFO  @ Fri, 02 Aug 2019 13:39:28:  35000000 
INFO  @ Fri, 02 Aug 2019 13:39:30:  36000000 
INFO  @ Fri, 02 Aug 2019 13:39:32:  37000000 
INFO  @ Fri, 02 Aug 2019 13:39:33:  38000000 
INFO  @ Fri, 02 Aug 2019 13:39:35:  39000000 
INFO  @ Fri, 02 Aug 2019 13:39:37:  40000000 
INFO  @ Fri, 02 Aug 2019 13:39:38:  41000000 
INFO  @ Fri, 02 Aug 2019 13:39:40:  42000000 
INFO  @ Fri, 02 Aug 2019 13:39:41:  43000000 
INFO  @ Fri, 02 Aug 2019 13:39:43:  44000000 
INFO  @ Fri, 02 Aug 2019 13:39:45:  45000000 
INFO  @ Fri, 02 Aug 2019 13:39:46:  46000000 
INFO  @ Fri, 02 Aug 2019 13:39:48:  47000000 
INFO  @ Fri, 02 Aug 2019 13:39:49:  48000000 
INFO  @ Fri, 02 Aug 2019 13:39:51:  49000000 
INFO  @ Fri, 02 Aug 2019 13:39:52:  50000000 
INFO  @ Fri, 02 Aug 2019 13:39:54:  51000000 
INFO  @ Fri, 02 Aug 2019 13:39:56:  1000000 
INFO  @ Fri, 02 Aug 2019 13:39:58:  2000000 
INFO  @ Fri, 02 Aug 2019 13:39:59:  3000000 
INFO  @ Fri, 02 Aug 2019 13:40:01:  4000000 
INFO  @ Fri, 02 Aug 2019 13:40:03:  5000000 
INFO  @ Fri, 02 Aug 2019 13:40:04:  6000000 
INFO  @ Fri, 02 Aug 2019 13:40:06:  7000000 
INFO  @ Fri, 02 Aug 2019 13:40:08:  8000000 
INFO  @ Fri, 02 Aug 2019 13:40:09:  9000000 
INFO  @ Fri, 02 Aug 2019 13:40:11:  10000000 
INFO  @ Fri, 02 Aug 2019 13:40:13:  11000000 
INFO  @ Fri, 02 Aug 2019 13:40:14:  12000000 
INFO  @ Fri, 02 Aug 2019 13:40:16:  13000000 
INFO  @ Fri, 02 Aug 2019 13:40:18:  14000000 
INFO  @ Fri, 02 Aug 2019 13:40:19:  15000000 
INFO  @ Fri, 02 Aug 2019 13:40:21:  16000000 
INFO  @ Fri, 02 Aug 2019 13:40:22:  17000000 
INFO  @ Fri, 02 Aug 2019 13:40:24:  18000000 
INFO  @ Fri, 02 Aug 2019 13:40:25:  19000000 
INFO  @ Fri, 02 Aug 2019 13:40:27:  20000000 
INFO  @ Fri, 02 Aug 2019 13:40:29:  21000000 
INFO  @ Fri, 02 Aug 2019 13:40:30:  22000000 
INFO  @ Fri, 02 Aug 2019 13:40:32:  23000000 
INFO  @ Fri, 02 Aug 2019 13:40:34:  24000000 
INFO  @ Fri, 02 Aug 2019 13:40:35:  25000000 
INFO  @ Fri, 02 Aug 2019 13:40:37:  26000000 
INFO  @ Fri, 02 Aug 2019 13:40:39:  27000000 
INFO  @ Fri, 02 Aug 2019 13:40:40:  28000000 
INFO  @ Fri, 02 Aug 2019 13:40:42:  29000000 
INFO  @ Fri, 02 Aug 2019 13:40:44:  30000000 
INFO  @ Fri, 02 Aug 2019 13:40:45:  31000000 
INFO  @ Fri, 02 Aug 2019 13:40:47:  32000000 
INFO  @ Fri, 02 Aug 2019 13:40:48:  33000000 
INFO  @ Fri, 02 Aug 2019 13:40:50:  34000000 
INFO  @ Fri, 02 Aug 2019 13:40:52:  35000000 
INFO  @ Fri, 02 Aug 2019 13:40:53:  36000000 
INFO  @ Fri, 02 Aug 2019 13:40:55:  37000000 
INFO  @ Fri, 02 Aug 2019 13:40:57:  38000000 
INFO  @ Fri, 02 Aug 2019 13:40:58:  39000000 
INFO  @ Fri, 02 Aug 2019 13:41:00:  40000000 
INFO  @ Fri, 02 Aug 2019 13:41:02:  41000000 
INFO  @ Fri, 02 Aug 2019 13:41:03:  42000000 
INFO  @ Fri, 02 Aug 2019 13:41:05:  43000000 
INFO  @ Fri, 02 Aug 2019 13:41:06:  44000000 
INFO  @ Fri, 02 Aug 2019 13:41:08:  45000000 
INFO  @ Fri, 02 Aug 2019 13:41:10:  46000000 
INFO  @ Fri, 02 Aug 2019 13:41:11:  47000000 
INFO  @ Fri, 02 Aug 2019 13:41:13:  48000000 
INFO  @ Fri, 02 Aug 2019 13:41:15:  49000000 
INFO  @ Fri, 02 Aug 2019 13:41:16:  50000000 
INFO  @ Fri, 02 Aug 2019 13:41:18:  51000000 
INFO  @ Fri, 02 Aug 2019 13:41:19:  52000000 
INFO  @ Fri, 02 Aug 2019 13:41:21:  53000000 
INFO  @ Fri, 02 Aug 2019 13:41:23:  54000000 
INFO  @ Fri, 02 Aug 2019 13:41:24:  55000000 
INFO  @ Fri, 02 Aug 2019 13:41:26:  56000000 
INFO  @ Fri, 02 Aug 2019 13:41:28:  57000000 
INFO  @ Fri, 02 Aug 2019 13:41:29:  58000000 
INFO  @ Fri, 02 Aug 2019 13:41:31:  59000000 
INFO  @ Fri, 02 Aug 2019 13:41:33:  60000000 
INFO  @ Fri, 02 Aug 2019 13:41:34:  61000000 
INFO  @ Fri, 02 Aug 2019 13:41:36:  62000000 
INFO  @ Fri, 02 Aug 2019 13:41:38:  63000000 
INFO  @ Fri, 02 Aug 2019 13:41:39:  64000000 
INFO  @ Fri, 02 Aug 2019 13:41:41:  65000000 
INFO  @ Fri, 02 Aug 2019 13:41:43:  66000000 
INFO  @ Fri, 02 Aug 2019 13:41:44:  67000000 
INFO  @ Fri, 02 Aug 2019 13:41:46:  1000000 
INFO  @ Fri, 02 Aug 2019 13:41:47:  2000000 
INFO  @ Fri, 02 Aug 2019 13:41:49:  3000000 
INFO  @ Fri, 02 Aug 2019 13:41:51:  4000000 
INFO  @ Fri, 02 Aug 2019 13:41:52:  5000000 
INFO  @ Fri, 02 Aug 2019 13:41:54:  6000000 
INFO  @ Fri, 02 Aug 2019 13:41:56:  7000000 
INFO  @ Fri, 02 Aug 2019 13:41:57:  8000000 
INFO  @ Fri, 02 Aug 2019 13:41:59:  9000000 
INFO  @ Fri, 02 Aug 2019 13:42:00:  10000000 
INFO  @ Fri, 02 Aug 2019 13:42:02:  11000000 
INFO  @ Fri, 02 Aug 2019 13:42:04:  12000000 
INFO  @ Fri, 02 Aug 2019 13:42:05:  13000000 
INFO  @ Fri, 02 Aug 2019 13:42:07:  14000000 
INFO  @ Fri, 02 Aug 2019 13:42:09:  15000000 
INFO  @ Fri, 02 Aug 2019 13:42:10:  16000000 
INFO  @ Fri, 02 Aug 2019 13:42:12:  17000000 
INFO  @ Fri, 02 Aug 2019 13:42:13:  18000000 
INFO  @ Fri, 02 Aug 2019 13:42:15:  19000000 
INFO  @ Fri, 02 Aug 2019 13:42:16:  20000000 
INFO  @ Fri, 02 Aug 2019 13:42:18:  21000000 
INFO  @ Fri, 02 Aug 2019 13:42:20:  22000000 
INFO  @ Fri, 02 Aug 2019 13:42:21:  23000000 
INFO  @ Fri, 02 Aug 2019 13:42:23:  24000000 
INFO  @ Fri, 02 Aug 2019 13:42:25:  25000000 
INFO  @ Fri, 02 Aug 2019 13:42:26:  26000000 
INFO  @ Fri, 02 Aug 2019 13:42:28:  27000000 
INFO  @ Fri, 02 Aug 2019 13:42:30:  28000000 
INFO  @ Fri, 02 Aug 2019 13:42:31:  29000000 
INFO  @ Fri, 02 Aug 2019 13:42:33:  30000000 
INFO  @ Fri, 02 Aug 2019 13:42:35:  31000000 
INFO  @ Fri, 02 Aug 2019 13:42:36:  32000000 
INFO  @ Fri, 02 Aug 2019 13:42:38:  33000000 
INFO  @ Fri, 02 Aug 2019 13:42:39:  34000000 
INFO  @ Fri, 02 Aug 2019 13:42:41:  35000000 
INFO  @ Fri, 02 Aug 2019 13:42:43:  36000000 
INFO  @ Fri, 02 Aug 2019 13:42:44:  37000000 
INFO  @ Fri, 02 Aug 2019 13:42:46:  38000000 
INFO  @ Fri, 02 Aug 2019 13:42:47:  39000000 
INFO  @ Fri, 02 Aug 2019 13:42:49:  40000000 
INFO  @ Fri, 02 Aug 2019 13:42:50:  41000000 
INFO  @ Fri, 02 Aug 2019 13:42:52:  42000000 
INFO  @ Fri, 02 Aug 2019 13:42:54:  43000000 
INFO  @ Fri, 02 Aug 2019 13:42:55:  44000000 
INFO  @ Fri, 02 Aug 2019 13:42:57:  45000000 
INFO  @ Fri, 02 Aug 2019 13:42:59:  46000000 
INFO  @ Fri, 02 Aug 2019 13:43:00:  47000000 
INFO  @ Fri, 02 Aug 2019 13:43:02:  48000000 
INFO  @ Fri, 02 Aug 2019 13:43:04:  49000000 
INFO  @ Fri, 02 Aug 2019 13:43:05:  50000000 
INFO  @ Fri, 02 Aug 2019 13:43:07:  51000000 
INFO  @ Fri, 02 Aug 2019 13:43:08:  52000000 
INFO  @ Fri, 02 Aug 2019 13:43:10:  53000000 
INFO  @ Fri, 02 Aug 2019 13:43:12:  54000000 
INFO  @ Fri, 02 Aug 2019 13:43:13:  55000000 
INFO  @ Fri, 02 Aug 2019 13:43:15:  56000000 
INFO  @ Fri, 02 Aug 2019 13:43:17:  57000000 
INFO  @ Fri, 02 Aug 2019 13:43:18:  58000000 
INFO  @ Fri, 02 Aug 2019 13:43:20:  59000000 
INFO  @ Fri, 02 Aug 2019 13:43:22:  60000000 
INFO  @ Fri, 02 Aug 2019 13:43:23:  61000000 
INFO  @ Fri, 02 Aug 2019 13:43:25:  62000000 
INFO  @ Fri, 02 Aug 2019 13:43:26:  63000000 
INFO  @ Fri, 02 Aug 2019 13:43:28:  64000000 
INFO  @ Fri, 02 Aug 2019 13:43:49: #1 tag size is determined as 74 bps 
INFO  @ Fri, 02 Aug 2019 13:43:49: #1 tag size = 74.0 
INFO  @ Fri, 02 Aug 2019 13:43:49: #1  total tags in treatment: 183008058 
INFO  @ Fri, 02 Aug 2019 13:43:49: #1 finished! 
INFO  @ Fri, 02 Aug 2019 13:43:49: #2 Build Peak Model... 
INFO  @ Fri, 02 Aug 2019 13:43:49: #2 Skipped... 
INFO  @ Fri, 02 Aug 2019 13:43:49: #2 Use 73 as fragment length 
INFO  @ Fri, 02 Aug 2019 13:43:49: #2 Sequencing ends will be shifted towards 5' by 37 bp(s) 
INFO  @ Fri, 02 Aug 2019 13:43:49: #3 Call peaks... 
INFO  @ Fri, 02 Aug 2019 13:43:49: #3 Call peaks with given -log10pvalue cutoff: 1.00000 ... 
INFO  @ Fri, 02 Aug 2019 13:43:49: #3 Pre-compute pvalue-qvalue table... 
INFO  @ Fri, 02 Aug 2019 13:58:24: #3 Call peaks for each chromosome... 
INFO  @ Fri, 02 Aug 2019 14:03:01: #4 Write output xls file... /home/yuanh/analysis/WI38_ATAC/process/macs2out_pool/PDL33_TP4_omni_peaks.xls 
INFO  @ Fri, 02 Aug 2019 14:03:06: #4 Write peak in narrowPeak format file... /home/yuanh/analysis/WI38_ATAC/process/macs2out_pool/PDL33_TP4_omni_peaks.narrowPeak 
INFO  @ Fri, 02 Aug 2019 14:03:10: #4 Write summits bed file... /home/yuanh/analysis/WI38_ATAC/process/macs2out_pool/PDL33_TP4_omni_summits.bed 
INFO  @ Fri, 02 Aug 2019 14:03:13: Done! 
