INFO  @ Fri, 02 Aug 2019 13:39:08: 
# Command line: callpeak -t /home/yuanh/analysis/WI38_ATAC/process/shift_bed/PDL46_TP6_omni_A_S42_SE.bed /home/yuanh/analysis/WI38_ATAC/process/shift_bed/PDL46_TP6_omni_B_S43_SE.bed /home/yuanh/analysis/WI38_ATAC/process/shift_bed/PDL46_TP6_omni_C_S44_SE.bed -f BED -n PDL46_TP6_omni --outdir /home/yuanh/analysis/WI38_ATAC/process/macs2out_pool/ --keep-dup all -g hs -p 1e-1 --nomodel --shift -37 --extsize 73
# ARGUMENTS LIST:
# name = PDL46_TP6_omni
# format = BED
# ChIP-seq file = ['/home/yuanh/analysis/WI38_ATAC/process/shift_bed/PDL46_TP6_omni_A_S42_SE.bed', '/home/yuanh/analysis/WI38_ATAC/process/shift_bed/PDL46_TP6_omni_B_S43_SE.bed', '/home/yuanh/analysis/WI38_ATAC/process/shift_bed/PDL46_TP6_omni_C_S44_SE.bed']
# control file = None
# effective genome size = 2.70e+09
# band width = 300
# model fold = [5, 50]
# pvalue cutoff = 1.00e-01
# qvalue will not be calculated and reported as -1 in the final output.
# The maximum gap between significant sites is assigned as the read length/tag size.
# The minimum length of peaks is assigned as the predicted fragment length "d".
# Larger dataset will be scaled towards smaller dataset.
# Range for calculating regional lambda is: 10000 bps
# Broad region calling is off
# Paired-End mode is off
 
INFO  @ Fri, 02 Aug 2019 13:39:08: #1 read tag files... 
INFO  @ Fri, 02 Aug 2019 13:39:08: #1 read treatment tags... 
INFO  @ Fri, 02 Aug 2019 13:39:10:  1000000 
INFO  @ Fri, 02 Aug 2019 13:39:11:  2000000 
INFO  @ Fri, 02 Aug 2019 13:39:12:  3000000 
INFO  @ Fri, 02 Aug 2019 13:39:13:  4000000 
INFO  @ Fri, 02 Aug 2019 13:39:14:  5000000 
INFO  @ Fri, 02 Aug 2019 13:39:15:  6000000 
INFO  @ Fri, 02 Aug 2019 13:39:16:  7000000 
INFO  @ Fri, 02 Aug 2019 13:39:17:  8000000 
INFO  @ Fri, 02 Aug 2019 13:39:18:  9000000 
INFO  @ Fri, 02 Aug 2019 13:39:19:  10000000 
INFO  @ Fri, 02 Aug 2019 13:39:20:  11000000 
INFO  @ Fri, 02 Aug 2019 13:39:21:  12000000 
INFO  @ Fri, 02 Aug 2019 13:39:22:  13000000 
INFO  @ Fri, 02 Aug 2019 13:39:23:  14000000 
INFO  @ Fri, 02 Aug 2019 13:39:24:  15000000 
INFO  @ Fri, 02 Aug 2019 13:39:25:  16000000 
INFO  @ Fri, 02 Aug 2019 13:39:26:  17000000 
INFO  @ Fri, 02 Aug 2019 13:39:27:  18000000 
INFO  @ Fri, 02 Aug 2019 13:39:28:  19000000 
INFO  @ Fri, 02 Aug 2019 13:39:29:  20000000 
INFO  @ Fri, 02 Aug 2019 13:39:30:  21000000 
INFO  @ Fri, 02 Aug 2019 13:39:31:  22000000 
INFO  @ Fri, 02 Aug 2019 13:39:32:  23000000 
INFO  @ Fri, 02 Aug 2019 13:39:33:  24000000 
INFO  @ Fri, 02 Aug 2019 13:39:34:  25000000 
INFO  @ Fri, 02 Aug 2019 13:39:35:  26000000 
INFO  @ Fri, 02 Aug 2019 13:39:36:  27000000 
INFO  @ Fri, 02 Aug 2019 13:39:38:  28000000 
INFO  @ Fri, 02 Aug 2019 13:39:39:  29000000 
INFO  @ Fri, 02 Aug 2019 13:39:40:  30000000 
INFO  @ Fri, 02 Aug 2019 13:39:41:  31000000 
INFO  @ Fri, 02 Aug 2019 13:39:42:  32000000 
INFO  @ Fri, 02 Aug 2019 13:39:43:  33000000 
INFO  @ Fri, 02 Aug 2019 13:39:44:  34000000 
INFO  @ Fri, 02 Aug 2019 13:39:45:  35000000 
INFO  @ Fri, 02 Aug 2019 13:39:46:  36000000 
INFO  @ Fri, 02 Aug 2019 13:39:47:  37000000 
INFO  @ Fri, 02 Aug 2019 13:39:48:  38000000 
INFO  @ Fri, 02 Aug 2019 13:39:49:  39000000 
INFO  @ Fri, 02 Aug 2019 13:39:50:  40000000 
INFO  @ Fri, 02 Aug 2019 13:39:51:  41000000 
INFO  @ Fri, 02 Aug 2019 13:39:52:  42000000 
INFO  @ Fri, 02 Aug 2019 13:39:53:  43000000 
INFO  @ Fri, 02 Aug 2019 13:39:54:  44000000 
INFO  @ Fri, 02 Aug 2019 13:39:56:  1000000 
INFO  @ Fri, 02 Aug 2019 13:39:57:  2000000 
INFO  @ Fri, 02 Aug 2019 13:39:58:  3000000 
INFO  @ Fri, 02 Aug 2019 13:39:59:  4000000 
INFO  @ Fri, 02 Aug 2019 13:40:01:  5000000 
INFO  @ Fri, 02 Aug 2019 13:40:02:  6000000 
INFO  @ Fri, 02 Aug 2019 13:40:03:  7000000 
INFO  @ Fri, 02 Aug 2019 13:40:04:  8000000 
INFO  @ Fri, 02 Aug 2019 13:40:05:  9000000 
INFO  @ Fri, 02 Aug 2019 13:40:06:  10000000 
INFO  @ Fri, 02 Aug 2019 13:40:07:  11000000 
INFO  @ Fri, 02 Aug 2019 13:40:08:  12000000 
INFO  @ Fri, 02 Aug 2019 13:40:09:  13000000 
INFO  @ Fri, 02 Aug 2019 13:40:10:  14000000 
INFO  @ Fri, 02 Aug 2019 13:40:11:  15000000 
INFO  @ Fri, 02 Aug 2019 13:40:12:  16000000 
INFO  @ Fri, 02 Aug 2019 13:40:13:  17000000 
INFO  @ Fri, 02 Aug 2019 13:40:14:  18000000 
INFO  @ Fri, 02 Aug 2019 13:40:15:  19000000 
INFO  @ Fri, 02 Aug 2019 13:40:16:  20000000 
INFO  @ Fri, 02 Aug 2019 13:40:17:  21000000 
INFO  @ Fri, 02 Aug 2019 13:40:19:  22000000 
INFO  @ Fri, 02 Aug 2019 13:40:20:  23000000 
INFO  @ Fri, 02 Aug 2019 13:40:21:  24000000 
INFO  @ Fri, 02 Aug 2019 13:40:22:  25000000 
INFO  @ Fri, 02 Aug 2019 13:40:23:  26000000 
INFO  @ Fri, 02 Aug 2019 13:40:24:  27000000 
INFO  @ Fri, 02 Aug 2019 13:40:25:  28000000 
INFO  @ Fri, 02 Aug 2019 13:40:26:  29000000 
INFO  @ Fri, 02 Aug 2019 13:40:27:  30000000 
INFO  @ Fri, 02 Aug 2019 13:40:28:  31000000 
INFO  @ Fri, 02 Aug 2019 13:40:29:  32000000 
INFO  @ Fri, 02 Aug 2019 13:40:30:  33000000 
INFO  @ Fri, 02 Aug 2019 13:40:32:  34000000 
INFO  @ Fri, 02 Aug 2019 13:40:33:  35000000 
INFO  @ Fri, 02 Aug 2019 13:40:34:  36000000 
INFO  @ Fri, 02 Aug 2019 13:40:35:  37000000 
INFO  @ Fri, 02 Aug 2019 13:40:36:  38000000 
INFO  @ Fri, 02 Aug 2019 13:40:37:  39000000 
INFO  @ Fri, 02 Aug 2019 13:40:38:  40000000 
INFO  @ Fri, 02 Aug 2019 13:40:39:  41000000 
INFO  @ Fri, 02 Aug 2019 13:40:40:  42000000 
INFO  @ Fri, 02 Aug 2019 13:40:41:  43000000 
INFO  @ Fri, 02 Aug 2019 13:40:42:  44000000 
INFO  @ Fri, 02 Aug 2019 13:40:43:  45000000 
INFO  @ Fri, 02 Aug 2019 13:40:44:  46000000 
INFO  @ Fri, 02 Aug 2019 13:40:45:  47000000 
INFO  @ Fri, 02 Aug 2019 13:40:47:  48000000 
INFO  @ Fri, 02 Aug 2019 13:40:48:  49000000 
INFO  @ Fri, 02 Aug 2019 13:40:49:  50000000 
INFO  @ Fri, 02 Aug 2019 13:40:50:  51000000 
INFO  @ Fri, 02 Aug 2019 13:40:51:  52000000 
INFO  @ Fri, 02 Aug 2019 13:40:52:  53000000 
INFO  @ Fri, 02 Aug 2019 13:40:53:  54000000 
INFO  @ Fri, 02 Aug 2019 13:40:54:  55000000 
INFO  @ Fri, 02 Aug 2019 13:40:56:  1000000 
INFO  @ Fri, 02 Aug 2019 13:40:57:  2000000 
INFO  @ Fri, 02 Aug 2019 13:40:58:  3000000 
INFO  @ Fri, 02 Aug 2019 13:40:59:  4000000 
INFO  @ Fri, 02 Aug 2019 13:41:00:  5000000 
INFO  @ Fri, 02 Aug 2019 13:41:01:  6000000 
INFO  @ Fri, 02 Aug 2019 13:41:02:  7000000 
INFO  @ Fri, 02 Aug 2019 13:41:03:  8000000 
INFO  @ Fri, 02 Aug 2019 13:41:04:  9000000 
INFO  @ Fri, 02 Aug 2019 13:41:05:  10000000 
INFO  @ Fri, 02 Aug 2019 13:41:07:  11000000 
INFO  @ Fri, 02 Aug 2019 13:41:08:  12000000 
INFO  @ Fri, 02 Aug 2019 13:41:09:  13000000 
INFO  @ Fri, 02 Aug 2019 13:41:10:  14000000 
INFO  @ Fri, 02 Aug 2019 13:41:11:  15000000 
INFO  @ Fri, 02 Aug 2019 13:41:12:  16000000 
INFO  @ Fri, 02 Aug 2019 13:41:13:  17000000 
INFO  @ Fri, 02 Aug 2019 13:41:14:  18000000 
INFO  @ Fri, 02 Aug 2019 13:41:15:  19000000 
INFO  @ Fri, 02 Aug 2019 13:41:16:  20000000 
INFO  @ Fri, 02 Aug 2019 13:41:17:  21000000 
INFO  @ Fri, 02 Aug 2019 13:41:18:  22000000 
INFO  @ Fri, 02 Aug 2019 13:41:19:  23000000 
INFO  @ Fri, 02 Aug 2019 13:41:20:  24000000 
INFO  @ Fri, 02 Aug 2019 13:41:22:  25000000 
INFO  @ Fri, 02 Aug 2019 13:41:23:  26000000 
INFO  @ Fri, 02 Aug 2019 13:41:24:  27000000 
INFO  @ Fri, 02 Aug 2019 13:41:25:  28000000 
INFO  @ Fri, 02 Aug 2019 13:41:26:  29000000 
INFO  @ Fri, 02 Aug 2019 13:41:27:  30000000 
INFO  @ Fri, 02 Aug 2019 13:41:28:  31000000 
INFO  @ Fri, 02 Aug 2019 13:41:29:  32000000 
INFO  @ Fri, 02 Aug 2019 13:41:30:  33000000 
INFO  @ Fri, 02 Aug 2019 13:41:31:  34000000 
INFO  @ Fri, 02 Aug 2019 13:41:32:  35000000 
INFO  @ Fri, 02 Aug 2019 13:41:34:  36000000 
INFO  @ Fri, 02 Aug 2019 13:41:35:  37000000 
INFO  @ Fri, 02 Aug 2019 13:41:36:  38000000 
INFO  @ Fri, 02 Aug 2019 13:41:37:  39000000 
INFO  @ Fri, 02 Aug 2019 13:41:38:  40000000 
INFO  @ Fri, 02 Aug 2019 13:41:39:  41000000 
INFO  @ Fri, 02 Aug 2019 13:41:50: #1 tag size is determined as 55 bps 
INFO  @ Fri, 02 Aug 2019 13:41:50: #1 tag size = 55.0 
INFO  @ Fri, 02 Aug 2019 13:41:50: #1  total tags in treatment: 141402210 
INFO  @ Fri, 02 Aug 2019 13:41:50: #1 finished! 
INFO  @ Fri, 02 Aug 2019 13:41:50: #2 Build Peak Model... 
INFO  @ Fri, 02 Aug 2019 13:41:50: #2 Skipped... 
INFO  @ Fri, 02 Aug 2019 13:41:50: #2 Use 73 as fragment length 
INFO  @ Fri, 02 Aug 2019 13:41:50: #2 Sequencing ends will be shifted towards 5' by 37 bp(s) 
INFO  @ Fri, 02 Aug 2019 13:41:50: #3 Call peaks... 
INFO  @ Fri, 02 Aug 2019 13:41:50: #3 Call peaks with given -log10pvalue cutoff: 1.00000 ... 
INFO  @ Fri, 02 Aug 2019 13:41:50: #3 Pre-compute pvalue-qvalue table... 
INFO  @ Fri, 02 Aug 2019 13:47:46: #3 Call peaks for each chromosome... 
INFO  @ Fri, 02 Aug 2019 13:50:25: #4 Write output xls file... /home/yuanh/analysis/WI38_ATAC/process/macs2out_pool/PDL46_TP6_omni_peaks.xls 
INFO  @ Fri, 02 Aug 2019 13:50:29: #4 Write peak in narrowPeak format file... /home/yuanh/analysis/WI38_ATAC/process/macs2out_pool/PDL46_TP6_omni_peaks.narrowPeak 
INFO  @ Fri, 02 Aug 2019 13:50:32: #4 Write summits bed file... /home/yuanh/analysis/WI38_ATAC/process/macs2out_pool/PDL46_TP6_omni_summits.bed 
INFO  @ Fri, 02 Aug 2019 13:50:34: Done! 
