INFO  @ Fri, 02 Aug 2019 13:39:08: 
# Command line: callpeak -t /home/yuanh/analysis/WI38_ATAC/process/shift_bed/PDL50_TP7_omni_A_S48_SE.bed /home/yuanh/analysis/WI38_ATAC/process/shift_bed/PDL50_TP7_omni_B_S49_SE.bed /home/yuanh/analysis/WI38_ATAC/process/shift_bed/PDL50_TP7_omni_C_S50_SE.bed -f BED -n PDL50_TP7_omni --outdir /home/yuanh/analysis/WI38_ATAC/process/macs2out_pool/ --keep-dup all -g hs -p 1e-1 --nomodel --shift -37 --extsize 73
# ARGUMENTS LIST:
# name = PDL50_TP7_omni
# format = BED
# ChIP-seq file = ['/home/yuanh/analysis/WI38_ATAC/process/shift_bed/PDL50_TP7_omni_A_S48_SE.bed', '/home/yuanh/analysis/WI38_ATAC/process/shift_bed/PDL50_TP7_omni_B_S49_SE.bed', '/home/yuanh/analysis/WI38_ATAC/process/shift_bed/PDL50_TP7_omni_C_S50_SE.bed']
# control file = None
# effective genome size = 2.70e+09
# band width = 300
# model fold = [5, 50]
# pvalue cutoff = 1.00e-01
# qvalue will not be calculated and reported as -1 in the final output.
# The maximum gap between significant sites is assigned as the read length/tag size.
# The minimum length of peaks is assigned as the predicted fragment length "d".
# Larger dataset will be scaled towards smaller dataset.
# Range for calculating regional lambda is: 10000 bps
# Broad region calling is off
# Paired-End mode is off
 
INFO  @ Fri, 02 Aug 2019 13:39:08: #1 read tag files... 
INFO  @ Fri, 02 Aug 2019 13:39:08: #1 read treatment tags... 
INFO  @ Fri, 02 Aug 2019 13:39:10:  1000000 
INFO  @ Fri, 02 Aug 2019 13:39:11:  2000000 
INFO  @ Fri, 02 Aug 2019 13:39:12:  3000000 
INFO  @ Fri, 02 Aug 2019 13:39:13:  4000000 
INFO  @ Fri, 02 Aug 2019 13:39:14:  5000000 
INFO  @ Fri, 02 Aug 2019 13:39:15:  6000000 
INFO  @ Fri, 02 Aug 2019 13:39:16:  7000000 
INFO  @ Fri, 02 Aug 2019 13:39:17:  8000000 
INFO  @ Fri, 02 Aug 2019 13:39:18:  9000000 
INFO  @ Fri, 02 Aug 2019 13:39:19:  10000000 
INFO  @ Fri, 02 Aug 2019 13:39:20:  11000000 
INFO  @ Fri, 02 Aug 2019 13:39:21:  12000000 
INFO  @ Fri, 02 Aug 2019 13:39:22:  13000000 
INFO  @ Fri, 02 Aug 2019 13:39:23:  14000000 
INFO  @ Fri, 02 Aug 2019 13:39:24:  15000000 
INFO  @ Fri, 02 Aug 2019 13:39:25:  16000000 
INFO  @ Fri, 02 Aug 2019 13:39:26:  17000000 
INFO  @ Fri, 02 Aug 2019 13:39:27:  18000000 
INFO  @ Fri, 02 Aug 2019 13:39:28:  19000000 
INFO  @ Fri, 02 Aug 2019 13:39:29:  20000000 
INFO  @ Fri, 02 Aug 2019 13:39:30:  21000000 
INFO  @ Fri, 02 Aug 2019 13:39:31:  22000000 
INFO  @ Fri, 02 Aug 2019 13:39:32:  23000000 
INFO  @ Fri, 02 Aug 2019 13:39:33:  24000000 
INFO  @ Fri, 02 Aug 2019 13:39:35:  25000000 
INFO  @ Fri, 02 Aug 2019 13:39:36:  26000000 
INFO  @ Fri, 02 Aug 2019 13:39:37:  27000000 
INFO  @ Fri, 02 Aug 2019 13:39:38:  28000000 
INFO  @ Fri, 02 Aug 2019 13:39:39:  29000000 
INFO  @ Fri, 02 Aug 2019 13:39:40:  30000000 
INFO  @ Fri, 02 Aug 2019 13:39:41:  31000000 
INFO  @ Fri, 02 Aug 2019 13:39:42:  32000000 
INFO  @ Fri, 02 Aug 2019 13:39:43:  33000000 
INFO  @ Fri, 02 Aug 2019 13:39:44:  34000000 
INFO  @ Fri, 02 Aug 2019 13:39:45:  35000000 
INFO  @ Fri, 02 Aug 2019 13:39:47:  36000000 
INFO  @ Fri, 02 Aug 2019 13:39:48:  37000000 
INFO  @ Fri, 02 Aug 2019 13:39:49:  38000000 
INFO  @ Fri, 02 Aug 2019 13:39:50:  1000000 
INFO  @ Fri, 02 Aug 2019 13:39:51:  2000000 
INFO  @ Fri, 02 Aug 2019 13:39:52:  3000000 
INFO  @ Fri, 02 Aug 2019 13:39:53:  4000000 
INFO  @ Fri, 02 Aug 2019 13:39:54:  5000000 
INFO  @ Fri, 02 Aug 2019 13:39:55:  6000000 
INFO  @ Fri, 02 Aug 2019 13:39:56:  7000000 
INFO  @ Fri, 02 Aug 2019 13:39:57:  8000000 
INFO  @ Fri, 02 Aug 2019 13:39:58:  9000000 
INFO  @ Fri, 02 Aug 2019 13:39:59:  10000000 
INFO  @ Fri, 02 Aug 2019 13:40:00:  11000000 
INFO  @ Fri, 02 Aug 2019 13:40:01:  12000000 
INFO  @ Fri, 02 Aug 2019 13:40:02:  13000000 
INFO  @ Fri, 02 Aug 2019 13:40:04:  14000000 
INFO  @ Fri, 02 Aug 2019 13:40:05:  15000000 
INFO  @ Fri, 02 Aug 2019 13:40:06:  16000000 
INFO  @ Fri, 02 Aug 2019 13:40:07:  17000000 
INFO  @ Fri, 02 Aug 2019 13:40:08:  18000000 
INFO  @ Fri, 02 Aug 2019 13:40:09:  19000000 
INFO  @ Fri, 02 Aug 2019 13:40:10:  20000000 
INFO  @ Fri, 02 Aug 2019 13:40:11:  21000000 
INFO  @ Fri, 02 Aug 2019 13:40:12:  22000000 
INFO  @ Fri, 02 Aug 2019 13:40:13:  23000000 
INFO  @ Fri, 02 Aug 2019 13:40:14:  24000000 
INFO  @ Fri, 02 Aug 2019 13:40:15:  25000000 
INFO  @ Fri, 02 Aug 2019 13:40:16:  26000000 
INFO  @ Fri, 02 Aug 2019 13:40:17:  27000000 
INFO  @ Fri, 02 Aug 2019 13:40:18:  28000000 
INFO  @ Fri, 02 Aug 2019 13:40:20:  29000000 
INFO  @ Fri, 02 Aug 2019 13:40:21:  30000000 
INFO  @ Fri, 02 Aug 2019 13:40:22:  31000000 
INFO  @ Fri, 02 Aug 2019 13:40:28: #1 tag size is determined as 70 bps 
INFO  @ Fri, 02 Aug 2019 13:40:28: #1 tag size = 70.0 
INFO  @ Fri, 02 Aug 2019 13:40:28: #1  total tags in treatment: 69742518 
INFO  @ Fri, 02 Aug 2019 13:40:28: #1 finished! 
INFO  @ Fri, 02 Aug 2019 13:40:28: #2 Build Peak Model... 
INFO  @ Fri, 02 Aug 2019 13:40:28: #2 Skipped... 
INFO  @ Fri, 02 Aug 2019 13:40:28: #2 Use 73 as fragment length 
INFO  @ Fri, 02 Aug 2019 13:40:28: #2 Sequencing ends will be shifted towards 5' by 37 bp(s) 
INFO  @ Fri, 02 Aug 2019 13:40:28: #3 Call peaks... 
INFO  @ Fri, 02 Aug 2019 13:40:28: #3 Call peaks with given -log10pvalue cutoff: 1.00000 ... 
INFO  @ Fri, 02 Aug 2019 13:40:28: #3 Pre-compute pvalue-qvalue table... 
INFO  @ Fri, 02 Aug 2019 13:43:21: #3 Call peaks for each chromosome... 
INFO  @ Fri, 02 Aug 2019 13:44:54: #4 Write output xls file... /home/yuanh/analysis/WI38_ATAC/process/macs2out_pool/PDL50_TP7_omni_peaks.xls 
INFO  @ Fri, 02 Aug 2019 13:44:59: #4 Write peak in narrowPeak format file... /home/yuanh/analysis/WI38_ATAC/process/macs2out_pool/PDL50_TP7_omni_peaks.narrowPeak 
INFO  @ Fri, 02 Aug 2019 13:45:02: #4 Write summits bed file... /home/yuanh/analysis/WI38_ATAC/process/macs2out_pool/PDL50_TP7_omni_summits.bed 
INFO  @ Fri, 02 Aug 2019 13:45:05: Done! 
