/group/wi38/data/ATACseq/181206/concat_files/hTERT_TP1_omni_A_S1_R1_001.fastq.gz
/group/wi38/data/ATACseq/181206/concat_files/hTERT_TP1_omni_A_S1_R2_001.fastq.gz
/group/wi38/data/ATACseq/181206/concat_files/hTERT_TP1_omni_B_S2_R1_001.fastq.gz
/group/wi38/data/ATACseq/181206/concat_files/hTERT_TP1_omni_B_S2_R2_001.fastq.gz
/group/wi38/data/ATACseq/181206/concat_files/hTERT_TP1_omni_C_S3_R1_001.fastq.gz
/group/wi38/data/ATACseq/181206/concat_files/hTERT_TP1_omni_C_S3_R2_001.fastq.gz
/group/wi38/data/ATACseq/181206/concat_files/hTERT_TP2_omni_A_S13_R1_001.fastq.gz
/group/wi38/data/ATACseq/181206/concat_files/hTERT_TP2_omni_A_S13_R2_001.fastq.gz
/group/wi38/data/ATACseq/181206/concat_files/hTERT_TP2_omni_B_S14_R1_001.fastq.gz
/group/wi38/data/ATACseq/181206/concat_files/hTERT_TP2_omni_B_S14_R2_001.fastq.gz
/group/wi38/data/ATACseq/181206/concat_files/hTERT_TP2_omni_C_S15_R1_001.fastq.gz
/group/wi38/data/ATACseq/181206/concat_files/hTERT_TP2_omni_C_S15_R2_001.fastq.gz
/group/wi38/data/ATACseq/181206/concat_files/hTERT_TP4_omni_A_S27_R1_001.fastq.gz
/group/wi38/data/ATACseq/181206/concat_files/hTERT_TP4_omni_A_S27_R2_001.fastq.gz
/group/wi38/data/ATACseq/181206/concat_files/hTERT_TP4_omni_B_S28_R1_001.fastq.gz
/group/wi38/data/ATACseq/181206/concat_files/hTERT_TP4_omni_B_S28_R2_001.fastq.gz
/group/wi38/data/ATACseq/181206/concat_files/hTERT_TP4_omni_C_S29_R1_001.fastq.gz
/group/wi38/data/ATACseq/181206/concat_files/hTERT_TP4_omni_C_S29_R2_001.fastq.gz
/group/wi38/data/ATACseq/181206/concat_files/hTERT_TP5_omni_A_S33_R1_001.fastq.gz
/group/wi38/data/ATACseq/181206/concat_files/hTERT_TP5_omni_A_S33_R2_001.fastq.gz
/group/wi38/data/ATACseq/181206/concat_files/hTERT_TP5_omni_B_S34_R1_001.fastq.gz
/group/wi38/data/ATACseq/181206/concat_files/hTERT_TP5_omni_B_S34_R2_001.fastq.gz
/group/wi38/data/ATACseq/181206/concat_files/hTERT_TP5_omni_C_S35_R1_001.fastq.gz
/group/wi38/data/ATACseq/181206/concat_files/hTERT_TP5_omni_C_S35_R2_001.fastq.gz
/group/wi38/data/ATACseq/181206/concat_files/hTERT_TP6_omni_A_S39_R1_001.fastq.gz
/group/wi38/data/ATACseq/181206/concat_files/hTERT_TP6_omni_A_S39_R2_001.fastq.gz
/group/wi38/data/ATACseq/181206/concat_files/hTERT_TP6_omni_B_S40_R1_001.fastq.gz
/group/wi38/data/ATACseq/181206/concat_files/hTERT_TP6_omni_B_S40_R2_001.fastq.gz
/group/wi38/data/ATACseq/181206/concat_files/hTERT_TP6_omni_C_S41_R1_001.fastq.gz
/group/wi38/data/ATACseq/181206/concat_files/hTERT_TP6_omni_C_S41_R2_001.fastq.gz
/group/wi38/data/ATACseq/181206/concat_files/hTERT_TP7_omni_A_S45_R1_001.fastq.gz
/group/wi38/data/ATACseq/181206/concat_files/hTERT_TP7_omni_A_S45_R2_001.fastq.gz
/group/wi38/data/ATACseq/181206/concat_files/hTERT_TP7_omni_B_S46_R1_001.fastq.gz
/group/wi38/data/ATACseq/181206/concat_files/hTERT_TP7_omni_B_S46_R2_001.fastq.gz
/group/wi38/data/ATACseq/181206/concat_files/hTERT_TP7_omni_C_S47_R1_001.fastq.gz
/group/wi38/data/ATACseq/181206/concat_files/hTERT_TP7_omni_C_S47_R2_001.fastq.gz
/group/wi38/data/ATACseq/181206/concat_files/PDL20_TP1_omni_A_S4_R1_001.fastq.gz
/group/wi38/data/ATACseq/181206/concat_files/PDL20_TP1_omni_A_S4_R2_001.fastq.gz
/group/wi38/data/ATACseq/181206/concat_files/PDL20_TP1_omni_B_S5_R1_001.fastq.gz
/group/wi38/data/ATACseq/181206/concat_files/PDL20_TP1_omni_B_S5_R2_001.fastq.gz
/group/wi38/data/ATACseq/181206/concat_files/PDL20_TP1_omni_C_S6_R1_001.fastq.gz
/group/wi38/data/ATACseq/181206/concat_files/PDL20_TP1_omni_C_S6_R2_001.fastq.gz
/group/wi38/data/ATACseq/181206/concat_files/PDL25_TP2_omni_A_S16_R1_001.fastq.gz
/group/wi38/data/ATACseq/181206/concat_files/PDL25_TP2_omni_A_S16_R2_001.fastq.gz
/group/wi38/data/ATACseq/181206/concat_files/PDL25_TP2_omni_B_S17_R1_001.fastq.gz
/group/wi38/data/ATACseq/181206/concat_files/PDL25_TP2_omni_B_S17_R2_001.fastq.gz
/group/wi38/data/ATACseq/181206/concat_files/PDL25_TP2_omni_C_S18_R1_001.fastq.gz
/group/wi38/data/ATACseq/181206/concat_files/PDL25_TP2_omni_C_S18_R2_001.fastq.gz
/group/wi38/data/ATACseq/181206/concat_files/PDL30_TP3_omni_A_S24_R1_001.fastq.gz
/group/wi38/data/ATACseq/181206/concat_files/PDL30_TP3_omni_A_S24_R2_001.fastq.gz
/group/wi38/data/ATACseq/181206/concat_files/PDL30_TP3_omni_B_S25_R1_001.fastq.gz
/group/wi38/data/ATACseq/181206/concat_files/PDL30_TP3_omni_B_S25_R2_001.fastq.gz
/group/wi38/data/ATACseq/181206/concat_files/PDL30_TP3_omni_C_S26_R1_001.fastq.gz
/group/wi38/data/ATACseq/181206/concat_files/PDL30_TP3_omni_C_S26_R2_001.fastq.gz
/group/wi38/data/ATACseq/181206/concat_files/PDL33_TP4_omni_A_S30_R1_001.fastq.gz
/group/wi38/data/ATACseq/181206/concat_files/PDL33_TP4_omni_A_S30_R2_001.fastq.gz
/group/wi38/data/ATACseq/181206/concat_files/PDL33_TP4_omni_B_S31_R1_001.fastq.gz
/group/wi38/data/ATACseq/181206/concat_files/PDL33_TP4_omni_B_S31_R2_001.fastq.gz
/group/wi38/data/ATACseq/181206/concat_files/PDL33_TP4_omni_C_S32_R1_001.fastq.gz
/group/wi38/data/ATACseq/181206/concat_files/PDL33_TP4_omni_C_S32_R2_001.fastq.gz
/group/wi38/data/ATACseq/181206/concat_files/PDL37_TP5_omni_A_S36_R1_001.fastq.gz
/group/wi38/data/ATACseq/181206/concat_files/PDL37_TP5_omni_A_S36_R2_001.fastq.gz
/group/wi38/data/ATACseq/181206/concat_files/PDL37_TP5_omni_B_S37_R1_001.fastq.gz
/group/wi38/data/ATACseq/181206/concat_files/PDL37_TP5_omni_B_S37_R2_001.fastq.gz
/group/wi38/data/ATACseq/181206/concat_files/PDL37_TP5_omni_C_S38_R1_001.fastq.gz
/group/wi38/data/ATACseq/181206/concat_files/PDL37_TP5_omni_C_S38_R2_001.fastq.gz
/group/wi38/data/ATACseq/181206/concat_files/PDL46_TP6_omni_A_S42_R1_001.fastq.gz
/group/wi38/data/ATACseq/181206/concat_files/PDL46_TP6_omni_A_S42_R2_001.fastq.gz
/group/wi38/data/ATACseq/181206/concat_files/PDL46_TP6_omni_B_S43_R1_001.fastq.gz
/group/wi38/data/ATACseq/181206/concat_files/PDL46_TP6_omni_B_S43_R2_001.fastq.gz
/group/wi38/data/ATACseq/181206/concat_files/PDL46_TP6_omni_C_S44_R1_001.fastq.gz
/group/wi38/data/ATACseq/181206/concat_files/PDL46_TP6_omni_C_S44_R2_001.fastq.gz
/group/wi38/data/ATACseq/181206/concat_files/PDL50_TP7_omni_A_S48_R1_001.fastq.gz
/group/wi38/data/ATACseq/181206/concat_files/PDL50_TP7_omni_A_S48_R2_001.fastq.gz
/group/wi38/data/ATACseq/181206/concat_files/PDL50_TP7_omni_B_S49_R1_001.fastq.gz
/group/wi38/data/ATACseq/181206/concat_files/PDL50_TP7_omni_B_S49_R2_001.fastq.gz
/group/wi38/data/ATACseq/181206/concat_files/PDL50_TP7_omni_C_S50_R1_001.fastq.gz
/group/wi38/data/ATACseq/181206/concat_files/PDL50_TP7_omni_C_S50_R2_001.fastq.gz
