INFO  @ Fri, 26 Jul 2019 14:17:44: 
# Command line: callpeak -t /home/yuanh/analysis/WI38_ATAC/process/shift_bed/hTERT_TP2_omni_A_S13_SE.bed -f BED -n hTERT_TP2_omni_A_S13 --outdir /home/yuanh/analysis/WI38_ATAC/process/macs2out/ --keep-dup all -g hs -p 1e-1 --nomodel --shift -37 --extsize 73
# ARGUMENTS LIST:
# name = hTERT_TP2_omni_A_S13
# format = BED
# ChIP-seq file = ['/home/yuanh/analysis/WI38_ATAC/process/shift_bed/hTERT_TP2_omni_A_S13_SE.bed']
# control file = None
# effective genome size = 2.70e+09
# band width = 300
# model fold = [5, 50]
# pvalue cutoff = 1.00e-01
# qvalue will not be calculated and reported as -1 in the final output.
# The maximum gap between significant sites is assigned as the read length/tag size.
# The minimum length of peaks is assigned as the predicted fragment length "d".
# Larger dataset will be scaled towards smaller dataset.
# Range for calculating regional lambda is: 10000 bps
# Broad region calling is off
# Paired-End mode is off
 
INFO  @ Fri, 26 Jul 2019 14:17:44: #1 read tag files... 
INFO  @ Fri, 26 Jul 2019 14:17:44: #1 read treatment tags... 
INFO  @ Fri, 26 Jul 2019 14:17:45:  1000000 
INFO  @ Fri, 26 Jul 2019 14:17:47:  2000000 
INFO  @ Fri, 26 Jul 2019 14:17:48:  3000000 
INFO  @ Fri, 26 Jul 2019 14:17:50:  4000000 
INFO  @ Fri, 26 Jul 2019 14:17:51:  5000000 
INFO  @ Fri, 26 Jul 2019 14:17:52:  6000000 
INFO  @ Fri, 26 Jul 2019 14:17:53:  7000000 
INFO  @ Fri, 26 Jul 2019 14:17:55:  8000000 
INFO  @ Fri, 26 Jul 2019 14:17:56:  9000000 
INFO  @ Fri, 26 Jul 2019 14:17:57:  10000000 
INFO  @ Fri, 26 Jul 2019 14:17:58:  11000000 
INFO  @ Fri, 26 Jul 2019 14:17:59:  12000000 
INFO  @ Fri, 26 Jul 2019 14:18:00:  13000000 
INFO  @ Fri, 26 Jul 2019 14:18:02:  14000000 
INFO  @ Fri, 26 Jul 2019 14:18:03:  15000000 
INFO  @ Fri, 26 Jul 2019 14:18:04:  16000000 
INFO  @ Fri, 26 Jul 2019 14:18:06:  17000000 
INFO  @ Fri, 26 Jul 2019 14:18:07:  18000000 
INFO  @ Fri, 26 Jul 2019 14:18:08:  19000000 
INFO  @ Fri, 26 Jul 2019 14:18:09:  20000000 
INFO  @ Fri, 26 Jul 2019 14:18:10:  21000000 
INFO  @ Fri, 26 Jul 2019 14:18:12:  22000000 
INFO  @ Fri, 26 Jul 2019 14:18:13:  23000000 
INFO  @ Fri, 26 Jul 2019 14:18:14:  24000000 
INFO  @ Fri, 26 Jul 2019 14:18:16:  25000000 
INFO  @ Fri, 26 Jul 2019 14:18:17:  26000000 
INFO  @ Fri, 26 Jul 2019 14:18:18:  27000000 
INFO  @ Fri, 26 Jul 2019 14:18:20:  28000000 
INFO  @ Fri, 26 Jul 2019 14:18:21:  29000000 
INFO  @ Fri, 26 Jul 2019 14:18:22:  30000000 
INFO  @ Fri, 26 Jul 2019 14:18:24:  31000000 
INFO  @ Fri, 26 Jul 2019 14:18:25:  32000000 
INFO  @ Fri, 26 Jul 2019 14:18:26:  33000000 
INFO  @ Fri, 26 Jul 2019 14:18:27:  34000000 
INFO  @ Fri, 26 Jul 2019 14:18:29:  35000000 
INFO  @ Fri, 26 Jul 2019 14:18:30:  36000000 
INFO  @ Fri, 26 Jul 2019 14:18:31:  37000000 
INFO  @ Fri, 26 Jul 2019 14:18:32:  38000000 
INFO  @ Fri, 26 Jul 2019 14:18:34:  39000000 
INFO  @ Fri, 26 Jul 2019 14:18:35:  40000000 
INFO  @ Fri, 26 Jul 2019 14:18:36:  41000000 
INFO  @ Fri, 26 Jul 2019 14:18:38:  42000000 
INFO  @ Fri, 26 Jul 2019 14:18:39:  43000000 
INFO  @ Fri, 26 Jul 2019 14:18:40:  44000000 
INFO  @ Fri, 26 Jul 2019 14:18:42:  45000000 
INFO  @ Fri, 26 Jul 2019 14:18:43:  46000000 
INFO  @ Fri, 26 Jul 2019 14:18:45:  47000000 
INFO  @ Fri, 26 Jul 2019 14:18:46:  48000000 
INFO  @ Fri, 26 Jul 2019 14:18:47:  49000000 
INFO  @ Fri, 26 Jul 2019 14:18:48:  50000000 
INFO  @ Fri, 26 Jul 2019 14:18:49:  51000000 
INFO  @ Fri, 26 Jul 2019 14:18:51:  52000000 
INFO  @ Fri, 26 Jul 2019 14:18:52:  53000000 
INFO  @ Fri, 26 Jul 2019 14:18:53:  54000000 
INFO  @ Fri, 26 Jul 2019 14:18:54:  55000000 
INFO  @ Fri, 26 Jul 2019 14:18:55:  56000000 
INFO  @ Fri, 26 Jul 2019 14:18:56:  57000000 
INFO  @ Fri, 26 Jul 2019 14:18:58:  58000000 
INFO  @ Fri, 26 Jul 2019 14:18:59:  59000000 
INFO  @ Fri, 26 Jul 2019 14:19:00:  60000000 
INFO  @ Fri, 26 Jul 2019 14:19:01:  61000000 
INFO  @ Fri, 26 Jul 2019 14:19:02:  62000000 
INFO  @ Fri, 26 Jul 2019 14:19:03:  63000000 
INFO  @ Fri, 26 Jul 2019 14:19:05:  64000000 
INFO  @ Fri, 26 Jul 2019 14:19:06:  65000000 
INFO  @ Fri, 26 Jul 2019 14:19:07:  66000000 
INFO  @ Fri, 26 Jul 2019 14:19:08:  67000000 
INFO  @ Fri, 26 Jul 2019 14:19:09:  68000000 
INFO  @ Fri, 26 Jul 2019 14:19:10:  69000000 
INFO  @ Fri, 26 Jul 2019 14:19:12:  70000000 
INFO  @ Fri, 26 Jul 2019 14:19:13:  71000000 
INFO  @ Fri, 26 Jul 2019 14:19:20: #1 tag size is determined as 57 bps 
INFO  @ Fri, 26 Jul 2019 14:19:20: #1 tag size = 57.0 
INFO  @ Fri, 26 Jul 2019 14:19:20: #1  total tags in treatment: 71681526 
INFO  @ Fri, 26 Jul 2019 14:19:20: #1 finished! 
INFO  @ Fri, 26 Jul 2019 14:19:20: #2 Build Peak Model... 
INFO  @ Fri, 26 Jul 2019 14:19:20: #2 Skipped... 
INFO  @ Fri, 26 Jul 2019 14:19:20: #2 Use 73 as fragment length 
INFO  @ Fri, 26 Jul 2019 14:19:20: #2 Sequencing ends will be shifted towards 5' by 37 bp(s) 
INFO  @ Fri, 26 Jul 2019 14:19:20: #3 Call peaks... 
INFO  @ Fri, 26 Jul 2019 14:19:20: #3 Call peaks with given -log10pvalue cutoff: 1.00000 ... 
INFO  @ Fri, 26 Jul 2019 14:19:20: #3 Pre-compute pvalue-qvalue table... 
INFO  @ Fri, 26 Jul 2019 14:22:25: #3 Call peaks for each chromosome... 
INFO  @ Fri, 26 Jul 2019 14:23:53: #4 Write output xls file... /home/yuanh/analysis/WI38_ATAC/process/macs2out/hTERT_TP2_omni_A_S13_peaks.xls 
INFO  @ Fri, 26 Jul 2019 14:23:57: #4 Write peak in narrowPeak format file... /home/yuanh/analysis/WI38_ATAC/process/macs2out/hTERT_TP2_omni_A_S13_peaks.narrowPeak 
INFO  @ Fri, 26 Jul 2019 14:23:59: #4 Write summits bed file... /home/yuanh/analysis/WI38_ATAC/process/macs2out/hTERT_TP2_omni_A_S13_summits.bed 
INFO  @ Fri, 26 Jul 2019 14:24:01: Done! 
