INFO  @ Fri, 26 Jul 2019 14:17:44: 
# Command line: callpeak -t /home/yuanh/analysis/WI38_ATAC/process/shift_bed/hTERT_TP5_omni_B_S34_SE.bed -f BED -n hTERT_TP5_omni_B_S34 --outdir /home/yuanh/analysis/WI38_ATAC/process/macs2out/ --keep-dup all -g hs -p 1e-1 --nomodel --shift -37 --extsize 73
# ARGUMENTS LIST:
# name = hTERT_TP5_omni_B_S34
# format = BED
# ChIP-seq file = ['/home/yuanh/analysis/WI38_ATAC/process/shift_bed/hTERT_TP5_omni_B_S34_SE.bed']
# control file = None
# effective genome size = 2.70e+09
# band width = 300
# model fold = [5, 50]
# pvalue cutoff = 1.00e-01
# qvalue will not be calculated and reported as -1 in the final output.
# The maximum gap between significant sites is assigned as the read length/tag size.
# The minimum length of peaks is assigned as the predicted fragment length "d".
# Larger dataset will be scaled towards smaller dataset.
# Range for calculating regional lambda is: 10000 bps
# Broad region calling is off
# Paired-End mode is off
 
INFO  @ Fri, 26 Jul 2019 14:17:44: #1 read tag files... 
INFO  @ Fri, 26 Jul 2019 14:17:44: #1 read treatment tags... 
INFO  @ Fri, 26 Jul 2019 14:17:45:  1000000 
INFO  @ Fri, 26 Jul 2019 14:17:47:  2000000 
INFO  @ Fri, 26 Jul 2019 14:17:49:  3000000 
INFO  @ Fri, 26 Jul 2019 14:17:50:  4000000 
INFO  @ Fri, 26 Jul 2019 14:17:51:  5000000 
INFO  @ Fri, 26 Jul 2019 14:17:53:  6000000 
INFO  @ Fri, 26 Jul 2019 14:17:54:  7000000 
INFO  @ Fri, 26 Jul 2019 14:17:56:  8000000 
INFO  @ Fri, 26 Jul 2019 14:17:57:  9000000 
INFO  @ Fri, 26 Jul 2019 14:17:58:  10000000 
INFO  @ Fri, 26 Jul 2019 14:18:00:  11000000 
INFO  @ Fri, 26 Jul 2019 14:18:01:  12000000 
INFO  @ Fri, 26 Jul 2019 14:18:02:  13000000 
INFO  @ Fri, 26 Jul 2019 14:18:04:  14000000 
INFO  @ Fri, 26 Jul 2019 14:18:05:  15000000 
INFO  @ Fri, 26 Jul 2019 14:18:07:  16000000 
INFO  @ Fri, 26 Jul 2019 14:18:08:  17000000 
INFO  @ Fri, 26 Jul 2019 14:18:09:  18000000 
INFO  @ Fri, 26 Jul 2019 14:18:10:  19000000 
INFO  @ Fri, 26 Jul 2019 14:18:12:  20000000 
INFO  @ Fri, 26 Jul 2019 14:18:13:  21000000 
INFO  @ Fri, 26 Jul 2019 14:18:14:  22000000 
INFO  @ Fri, 26 Jul 2019 14:18:16:  23000000 
INFO  @ Fri, 26 Jul 2019 14:18:17:  24000000 
INFO  @ Fri, 26 Jul 2019 14:18:18:  25000000 
INFO  @ Fri, 26 Jul 2019 14:18:20:  26000000 
INFO  @ Fri, 26 Jul 2019 14:18:21:  27000000 
INFO  @ Fri, 26 Jul 2019 14:18:22:  28000000 
INFO  @ Fri, 26 Jul 2019 14:18:24:  29000000 
INFO  @ Fri, 26 Jul 2019 14:18:25:  30000000 
INFO  @ Fri, 26 Jul 2019 14:18:26:  31000000 
INFO  @ Fri, 26 Jul 2019 14:18:27:  32000000 
INFO  @ Fri, 26 Jul 2019 14:18:29:  33000000 
INFO  @ Fri, 26 Jul 2019 14:18:30:  34000000 
INFO  @ Fri, 26 Jul 2019 14:18:31:  35000000 
INFO  @ Fri, 26 Jul 2019 14:18:33:  36000000 
INFO  @ Fri, 26 Jul 2019 14:18:34:  37000000 
INFO  @ Fri, 26 Jul 2019 14:18:35:  38000000 
INFO  @ Fri, 26 Jul 2019 14:18:37:  39000000 
INFO  @ Fri, 26 Jul 2019 14:18:38:  40000000 
INFO  @ Fri, 26 Jul 2019 14:18:39:  41000000 
INFO  @ Fri, 26 Jul 2019 14:18:41:  42000000 
INFO  @ Fri, 26 Jul 2019 14:18:42:  43000000 
INFO  @ Fri, 26 Jul 2019 14:18:43:  44000000 
INFO  @ Fri, 26 Jul 2019 14:18:45:  45000000 
INFO  @ Fri, 26 Jul 2019 14:18:46:  46000000 
INFO  @ Fri, 26 Jul 2019 14:18:47:  47000000 
INFO  @ Fri, 26 Jul 2019 14:18:49:  48000000 
INFO  @ Fri, 26 Jul 2019 14:18:50:  49000000 
INFO  @ Fri, 26 Jul 2019 14:18:51:  50000000 
INFO  @ Fri, 26 Jul 2019 14:18:53:  51000000 
INFO  @ Fri, 26 Jul 2019 14:18:54:  52000000 
INFO  @ Fri, 26 Jul 2019 14:18:55:  53000000 
INFO  @ Fri, 26 Jul 2019 14:18:56:  54000000 
INFO  @ Fri, 26 Jul 2019 14:18:58:  55000000 
INFO  @ Fri, 26 Jul 2019 14:18:59:  56000000 
INFO  @ Fri, 26 Jul 2019 14:19:00:  57000000 
INFO  @ Fri, 26 Jul 2019 14:19:02:  58000000 
INFO  @ Fri, 26 Jul 2019 14:19:03:  59000000 
INFO  @ Fri, 26 Jul 2019 14:19:04:  60000000 
INFO  @ Fri, 26 Jul 2019 14:19:06:  61000000 
INFO  @ Fri, 26 Jul 2019 14:19:11: #1 tag size is determined as 90 bps 
INFO  @ Fri, 26 Jul 2019 14:19:11: #1 tag size = 90.0 
INFO  @ Fri, 26 Jul 2019 14:19:11: #1  total tags in treatment: 61289234 
INFO  @ Fri, 26 Jul 2019 14:19:11: #1 finished! 
INFO  @ Fri, 26 Jul 2019 14:19:11: #2 Build Peak Model... 
INFO  @ Fri, 26 Jul 2019 14:19:11: #2 Skipped... 
INFO  @ Fri, 26 Jul 2019 14:19:11: #2 Use 73 as fragment length 
INFO  @ Fri, 26 Jul 2019 14:19:11: #2 Sequencing ends will be shifted towards 5' by 37 bp(s) 
INFO  @ Fri, 26 Jul 2019 14:19:11: #3 Call peaks... 
INFO  @ Fri, 26 Jul 2019 14:19:11: #3 Call peaks with given -log10pvalue cutoff: 1.00000 ... 
INFO  @ Fri, 26 Jul 2019 14:19:11: #3 Pre-compute pvalue-qvalue table... 
INFO  @ Fri, 26 Jul 2019 14:22:02: #3 Call peaks for each chromosome... 
INFO  @ Fri, 26 Jul 2019 14:23:31: #4 Write output xls file... /home/yuanh/analysis/WI38_ATAC/process/macs2out/hTERT_TP5_omni_B_S34_peaks.xls 
INFO  @ Fri, 26 Jul 2019 14:23:38: #4 Write peak in narrowPeak format file... /home/yuanh/analysis/WI38_ATAC/process/macs2out/hTERT_TP5_omni_B_S34_peaks.narrowPeak 
INFO  @ Fri, 26 Jul 2019 14:23:44: #4 Write summits bed file... /home/yuanh/analysis/WI38_ATAC/process/macs2out/hTERT_TP5_omni_B_S34_summits.bed 
INFO  @ Fri, 26 Jul 2019 14:23:47: Done! 
