INFO  @ Fri, 26 Jul 2019 14:17:44: 
# Command line: callpeak -t /home/yuanh/analysis/WI38_ATAC/process/shift_bed/hTERT_TP2_omni_B_S14_SE.bed -f BED -n hTERT_TP2_omni_B_S14 --outdir /home/yuanh/analysis/WI38_ATAC/process/macs2out/ --keep-dup all -g hs -p 1e-1 --nomodel --shift -37 --extsize 73
# ARGUMENTS LIST:
# name = hTERT_TP2_omni_B_S14
# format = BED
# ChIP-seq file = ['/home/yuanh/analysis/WI38_ATAC/process/shift_bed/hTERT_TP2_omni_B_S14_SE.bed']
# control file = None
# effective genome size = 2.70e+09
# band width = 300
# model fold = [5, 50]
# pvalue cutoff = 1.00e-01
# qvalue will not be calculated and reported as -1 in the final output.
# The maximum gap between significant sites is assigned as the read length/tag size.
# The minimum length of peaks is assigned as the predicted fragment length "d".
# Larger dataset will be scaled towards smaller dataset.
# Range for calculating regional lambda is: 10000 bps
# Broad region calling is off
# Paired-End mode is off
 
INFO  @ Fri, 26 Jul 2019 14:17:44: #1 read tag files... 
INFO  @ Fri, 26 Jul 2019 14:17:44: #1 read treatment tags... 
INFO  @ Fri, 26 Jul 2019 14:17:45:  1000000 
INFO  @ Fri, 26 Jul 2019 14:17:47:  2000000 
INFO  @ Fri, 26 Jul 2019 14:17:49:  3000000 
INFO  @ Fri, 26 Jul 2019 14:17:50:  4000000 
INFO  @ Fri, 26 Jul 2019 14:17:51:  5000000 
INFO  @ Fri, 26 Jul 2019 14:17:52:  6000000 
INFO  @ Fri, 26 Jul 2019 14:17:54:  7000000 
INFO  @ Fri, 26 Jul 2019 14:17:55:  8000000 
INFO  @ Fri, 26 Jul 2019 14:17:56:  9000000 
INFO  @ Fri, 26 Jul 2019 14:17:58:  10000000 
INFO  @ Fri, 26 Jul 2019 14:17:59:  11000000 
INFO  @ Fri, 26 Jul 2019 14:18:00:  12000000 
INFO  @ Fri, 26 Jul 2019 14:18:02:  13000000 
INFO  @ Fri, 26 Jul 2019 14:18:03:  14000000 
INFO  @ Fri, 26 Jul 2019 14:18:05:  15000000 
INFO  @ Fri, 26 Jul 2019 14:18:06:  16000000 
INFO  @ Fri, 26 Jul 2019 14:18:07:  17000000 
INFO  @ Fri, 26 Jul 2019 14:18:09:  18000000 
INFO  @ Fri, 26 Jul 2019 14:18:10:  19000000 
INFO  @ Fri, 26 Jul 2019 14:18:11:  20000000 
INFO  @ Fri, 26 Jul 2019 14:18:13:  21000000 
INFO  @ Fri, 26 Jul 2019 14:18:14:  22000000 
INFO  @ Fri, 26 Jul 2019 14:18:15:  23000000 
INFO  @ Fri, 26 Jul 2019 14:18:16:  24000000 
INFO  @ Fri, 26 Jul 2019 14:18:18:  25000000 
INFO  @ Fri, 26 Jul 2019 14:18:19:  26000000 
INFO  @ Fri, 26 Jul 2019 14:18:21:  27000000 
INFO  @ Fri, 26 Jul 2019 14:18:22:  28000000 
INFO  @ Fri, 26 Jul 2019 14:18:23:  29000000 
INFO  @ Fri, 26 Jul 2019 14:18:25:  30000000 
INFO  @ Fri, 26 Jul 2019 14:18:26:  31000000 
INFO  @ Fri, 26 Jul 2019 14:18:28:  32000000 
INFO  @ Fri, 26 Jul 2019 14:18:29:  33000000 
INFO  @ Fri, 26 Jul 2019 14:18:30:  34000000 
INFO  @ Fri, 26 Jul 2019 14:18:32:  35000000 
INFO  @ Fri, 26 Jul 2019 14:18:33:  36000000 
INFO  @ Fri, 26 Jul 2019 14:18:34:  37000000 
INFO  @ Fri, 26 Jul 2019 14:18:35:  38000000 
INFO  @ Fri, 26 Jul 2019 14:18:37:  39000000 
INFO  @ Fri, 26 Jul 2019 14:18:38:  40000000 
INFO  @ Fri, 26 Jul 2019 14:18:39:  41000000 
INFO  @ Fri, 26 Jul 2019 14:18:41:  42000000 
INFO  @ Fri, 26 Jul 2019 14:18:42:  43000000 
INFO  @ Fri, 26 Jul 2019 14:18:44:  44000000 
INFO  @ Fri, 26 Jul 2019 14:18:45:  45000000 
INFO  @ Fri, 26 Jul 2019 14:18:47:  46000000 
INFO  @ Fri, 26 Jul 2019 14:18:48:  47000000 
INFO  @ Fri, 26 Jul 2019 14:18:49:  48000000 
INFO  @ Fri, 26 Jul 2019 14:18:51:  49000000 
INFO  @ Fri, 26 Jul 2019 14:18:52:  50000000 
INFO  @ Fri, 26 Jul 2019 14:18:53:  51000000 
INFO  @ Fri, 26 Jul 2019 14:18:54:  52000000 
INFO  @ Fri, 26 Jul 2019 14:18:56:  53000000 
INFO  @ Fri, 26 Jul 2019 14:18:57:  54000000 
INFO  @ Fri, 26 Jul 2019 14:18:58:  55000000 
INFO  @ Fri, 26 Jul 2019 14:18:59:  56000000 
INFO  @ Fri, 26 Jul 2019 14:19:01:  57000000 
INFO  @ Fri, 26 Jul 2019 14:19:02:  58000000 
INFO  @ Fri, 26 Jul 2019 14:19:03:  59000000 
INFO  @ Fri, 26 Jul 2019 14:19:05:  60000000 
INFO  @ Fri, 26 Jul 2019 14:19:06:  61000000 
INFO  @ Fri, 26 Jul 2019 14:19:07:  62000000 
INFO  @ Fri, 26 Jul 2019 14:19:08:  63000000 
INFO  @ Fri, 26 Jul 2019 14:19:10:  64000000 
INFO  @ Fri, 26 Jul 2019 14:19:11:  65000000 
INFO  @ Fri, 26 Jul 2019 14:19:12:  66000000 
INFO  @ Fri, 26 Jul 2019 14:19:13:  67000000 
INFO  @ Fri, 26 Jul 2019 14:19:15:  68000000 
INFO  @ Fri, 26 Jul 2019 14:19:16:  69000000 
INFO  @ Fri, 26 Jul 2019 14:19:17:  70000000 
INFO  @ Fri, 26 Jul 2019 14:19:18:  71000000 
INFO  @ Fri, 26 Jul 2019 14:19:20:  72000000 
INFO  @ Fri, 26 Jul 2019 14:19:21:  73000000 
INFO  @ Fri, 26 Jul 2019 14:19:28: #1 tag size is determined as 80 bps 
INFO  @ Fri, 26 Jul 2019 14:19:28: #1 tag size = 80.0 
INFO  @ Fri, 26 Jul 2019 14:19:28: #1  total tags in treatment: 73886288 
INFO  @ Fri, 26 Jul 2019 14:19:28: #1 finished! 
INFO  @ Fri, 26 Jul 2019 14:19:28: #2 Build Peak Model... 
INFO  @ Fri, 26 Jul 2019 14:19:28: #2 Skipped... 
INFO  @ Fri, 26 Jul 2019 14:19:28: #2 Use 73 as fragment length 
INFO  @ Fri, 26 Jul 2019 14:19:28: #2 Sequencing ends will be shifted towards 5' by 37 bp(s) 
INFO  @ Fri, 26 Jul 2019 14:19:28: #3 Call peaks... 
INFO  @ Fri, 26 Jul 2019 14:19:28: #3 Call peaks with given -log10pvalue cutoff: 1.00000 ... 
INFO  @ Fri, 26 Jul 2019 14:19:28: #3 Pre-compute pvalue-qvalue table... 
INFO  @ Fri, 26 Jul 2019 14:22:38: #3 Call peaks for each chromosome... 
INFO  @ Fri, 26 Jul 2019 14:24:07: #4 Write output xls file... /home/yuanh/analysis/WI38_ATAC/process/macs2out/hTERT_TP2_omni_B_S14_peaks.xls 
INFO  @ Fri, 26 Jul 2019 14:24:10: #4 Write peak in narrowPeak format file... /home/yuanh/analysis/WI38_ATAC/process/macs2out/hTERT_TP2_omni_B_S14_peaks.narrowPeak 
INFO  @ Fri, 26 Jul 2019 14:24:13: #4 Write summits bed file... /home/yuanh/analysis/WI38_ATAC/process/macs2out/hTERT_TP2_omni_B_S14_summits.bed 
INFO  @ Fri, 26 Jul 2019 14:24:15: Done! 
