INFO  @ Fri, 26 Jul 2019 14:17:44: 
# Command line: callpeak -t /home/yuanh/analysis/WI38_ATAC/process/shift_bed/hTERT_TP1_omni_B_S2_SE.bed -f BED -n hTERT_TP1_omni_B_S2 --outdir /home/yuanh/analysis/WI38_ATAC/process/macs2out/ --keep-dup all -g hs -p 1e-1 --nomodel --shift -37 --extsize 73
# ARGUMENTS LIST:
# name = hTERT_TP1_omni_B_S2
# format = BED
# ChIP-seq file = ['/home/yuanh/analysis/WI38_ATAC/process/shift_bed/hTERT_TP1_omni_B_S2_SE.bed']
# control file = None
# effective genome size = 2.70e+09
# band width = 300
# model fold = [5, 50]
# pvalue cutoff = 1.00e-01
# qvalue will not be calculated and reported as -1 in the final output.
# The maximum gap between significant sites is assigned as the read length/tag size.
# The minimum length of peaks is assigned as the predicted fragment length "d".
# Larger dataset will be scaled towards smaller dataset.
# Range for calculating regional lambda is: 10000 bps
# Broad region calling is off
# Paired-End mode is off
 
INFO  @ Fri, 26 Jul 2019 14:17:44: #1 read tag files... 
INFO  @ Fri, 26 Jul 2019 14:17:44: #1 read treatment tags... 
INFO  @ Fri, 26 Jul 2019 14:17:45:  1000000 
INFO  @ Fri, 26 Jul 2019 14:17:46:  2000000 
INFO  @ Fri, 26 Jul 2019 14:17:48:  3000000 
INFO  @ Fri, 26 Jul 2019 14:17:50:  4000000 
INFO  @ Fri, 26 Jul 2019 14:17:53:  5000000 
INFO  @ Fri, 26 Jul 2019 14:17:55:  6000000 
INFO  @ Fri, 26 Jul 2019 14:17:56:  7000000 
INFO  @ Fri, 26 Jul 2019 14:17:57:  8000000 
INFO  @ Fri, 26 Jul 2019 14:17:59:  9000000 
INFO  @ Fri, 26 Jul 2019 14:18:00:  10000000 
INFO  @ Fri, 26 Jul 2019 14:18:01:  11000000 
INFO  @ Fri, 26 Jul 2019 14:18:02:  12000000 
INFO  @ Fri, 26 Jul 2019 14:18:04:  13000000 
INFO  @ Fri, 26 Jul 2019 14:18:05:  14000000 
INFO  @ Fri, 26 Jul 2019 14:18:06:  15000000 
INFO  @ Fri, 26 Jul 2019 14:18:08:  16000000 
INFO  @ Fri, 26 Jul 2019 14:18:09:  17000000 
INFO  @ Fri, 26 Jul 2019 14:18:10:  18000000 
INFO  @ Fri, 26 Jul 2019 14:18:12:  19000000 
INFO  @ Fri, 26 Jul 2019 14:18:13:  20000000 
INFO  @ Fri, 26 Jul 2019 14:18:15:  21000000 
INFO  @ Fri, 26 Jul 2019 14:18:16:  22000000 
INFO  @ Fri, 26 Jul 2019 14:18:18:  23000000 
INFO  @ Fri, 26 Jul 2019 14:18:19:  24000000 
INFO  @ Fri, 26 Jul 2019 14:18:21:  25000000 
INFO  @ Fri, 26 Jul 2019 14:18:22:  26000000 
INFO  @ Fri, 26 Jul 2019 14:18:24:  27000000 
INFO  @ Fri, 26 Jul 2019 14:18:26:  28000000 
INFO  @ Fri, 26 Jul 2019 14:18:27:  29000000 
INFO  @ Fri, 26 Jul 2019 14:18:29:  30000000 
INFO  @ Fri, 26 Jul 2019 14:18:31:  31000000 
INFO  @ Fri, 26 Jul 2019 14:18:33:  32000000 
INFO  @ Fri, 26 Jul 2019 14:18:35:  33000000 
INFO  @ Fri, 26 Jul 2019 14:18:37:  34000000 
INFO  @ Fri, 26 Jul 2019 14:18:38:  35000000 
INFO  @ Fri, 26 Jul 2019 14:18:40:  36000000 
INFO  @ Fri, 26 Jul 2019 14:18:41:  37000000 
INFO  @ Fri, 26 Jul 2019 14:18:42:  38000000 
INFO  @ Fri, 26 Jul 2019 14:18:44:  39000000 
INFO  @ Fri, 26 Jul 2019 14:18:46:  40000000 
INFO  @ Fri, 26 Jul 2019 14:18:47:  41000000 
INFO  @ Fri, 26 Jul 2019 14:18:49:  42000000 
INFO  @ Fri, 26 Jul 2019 14:18:50:  43000000 
INFO  @ Fri, 26 Jul 2019 14:18:51:  44000000 
INFO  @ Fri, 26 Jul 2019 14:18:52:  45000000 
INFO  @ Fri, 26 Jul 2019 14:18:53:  46000000 
INFO  @ Fri, 26 Jul 2019 14:18:55:  47000000 
INFO  @ Fri, 26 Jul 2019 14:18:56:  48000000 
INFO  @ Fri, 26 Jul 2019 14:18:57:  49000000 
INFO  @ Fri, 26 Jul 2019 14:18:58:  50000000 
INFO  @ Fri, 26 Jul 2019 14:18:59:  51000000 
INFO  @ Fri, 26 Jul 2019 14:19:01:  52000000 
INFO  @ Fri, 26 Jul 2019 14:19:02:  53000000 
INFO  @ Fri, 26 Jul 2019 14:19:03:  54000000 
INFO  @ Fri, 26 Jul 2019 14:19:04:  55000000 
INFO  @ Fri, 26 Jul 2019 14:19:05:  56000000 
INFO  @ Fri, 26 Jul 2019 14:19:06:  57000000 
INFO  @ Fri, 26 Jul 2019 14:19:07:  58000000 
INFO  @ Fri, 26 Jul 2019 14:19:08:  59000000 
INFO  @ Fri, 26 Jul 2019 14:19:09:  60000000 
INFO  @ Fri, 26 Jul 2019 14:19:11:  61000000 
INFO  @ Fri, 26 Jul 2019 14:19:12:  62000000 
INFO  @ Fri, 26 Jul 2019 14:19:13:  63000000 
INFO  @ Fri, 26 Jul 2019 14:19:14:  64000000 
INFO  @ Fri, 26 Jul 2019 14:19:15:  65000000 
INFO  @ Fri, 26 Jul 2019 14:19:16:  66000000 
INFO  @ Fri, 26 Jul 2019 14:19:18:  67000000 
INFO  @ Fri, 26 Jul 2019 14:19:19:  68000000 
INFO  @ Fri, 26 Jul 2019 14:19:20:  69000000 
INFO  @ Fri, 26 Jul 2019 14:19:21:  70000000 
INFO  @ Fri, 26 Jul 2019 14:19:22:  71000000 
INFO  @ Fri, 26 Jul 2019 14:19:23:  72000000 
INFO  @ Fri, 26 Jul 2019 14:19:25:  73000000 
INFO  @ Fri, 26 Jul 2019 14:19:26:  74000000 
INFO  @ Fri, 26 Jul 2019 14:19:27:  75000000 
INFO  @ Fri, 26 Jul 2019 14:19:28:  76000000 
INFO  @ Fri, 26 Jul 2019 14:19:29:  77000000 
INFO  @ Fri, 26 Jul 2019 14:19:30:  78000000 
INFO  @ Fri, 26 Jul 2019 14:19:31:  79000000 
INFO  @ Fri, 26 Jul 2019 14:19:33:  80000000 
INFO  @ Fri, 26 Jul 2019 14:19:39: #1 tag size is determined as 94 bps 
INFO  @ Fri, 26 Jul 2019 14:19:39: #1 tag size = 94.0 
INFO  @ Fri, 26 Jul 2019 14:19:39: #1  total tags in treatment: 80013952 
INFO  @ Fri, 26 Jul 2019 14:19:39: #1 finished! 
INFO  @ Fri, 26 Jul 2019 14:19:39: #2 Build Peak Model... 
INFO  @ Fri, 26 Jul 2019 14:19:39: #2 Skipped... 
INFO  @ Fri, 26 Jul 2019 14:19:39: #2 Use 73 as fragment length 
INFO  @ Fri, 26 Jul 2019 14:19:39: #2 Sequencing ends will be shifted towards 5' by 37 bp(s) 
INFO  @ Fri, 26 Jul 2019 14:19:39: #3 Call peaks... 
INFO  @ Fri, 26 Jul 2019 14:19:39: #3 Call peaks with given -log10pvalue cutoff: 1.00000 ... 
INFO  @ Fri, 26 Jul 2019 14:19:39: #3 Pre-compute pvalue-qvalue table... 
INFO  @ Fri, 26 Jul 2019 14:22:56: #3 Call peaks for each chromosome... 
INFO  @ Fri, 26 Jul 2019 14:24:17: #4 Write output xls file... /home/yuanh/analysis/WI38_ATAC/process/macs2out/hTERT_TP1_omni_B_S2_peaks.xls 
INFO  @ Fri, 26 Jul 2019 14:24:20: #4 Write peak in narrowPeak format file... /home/yuanh/analysis/WI38_ATAC/process/macs2out/hTERT_TP1_omni_B_S2_peaks.narrowPeak 
INFO  @ Fri, 26 Jul 2019 14:24:22: #4 Write summits bed file... /home/yuanh/analysis/WI38_ATAC/process/macs2out/hTERT_TP1_omni_B_S2_summits.bed 
INFO  @ Fri, 26 Jul 2019 14:24:24: Done! 
