INFO  @ Fri, 26 Jul 2019 14:17:44: 
# Command line: callpeak -t /home/yuanh/analysis/WI38_ATAC/process/shift_bed/hTERT_TP1_std_B_S8_SE.bed -f BED -n hTERT_TP1_std_B_S8 --outdir /home/yuanh/analysis/WI38_ATAC/process/macs2out/ --keep-dup all -g hs -p 1e-1 --nomodel --shift -37 --extsize 73
# ARGUMENTS LIST:
# name = hTERT_TP1_std_B_S8
# format = BED
# ChIP-seq file = ['/home/yuanh/analysis/WI38_ATAC/process/shift_bed/hTERT_TP1_std_B_S8_SE.bed']
# control file = None
# effective genome size = 2.70e+09
# band width = 300
# model fold = [5, 50]
# pvalue cutoff = 1.00e-01
# qvalue will not be calculated and reported as -1 in the final output.
# The maximum gap between significant sites is assigned as the read length/tag size.
# The minimum length of peaks is assigned as the predicted fragment length "d".
# Larger dataset will be scaled towards smaller dataset.
# Range for calculating regional lambda is: 10000 bps
# Broad region calling is off
# Paired-End mode is off
 
INFO  @ Fri, 26 Jul 2019 14:17:44: #1 read tag files... 
INFO  @ Fri, 26 Jul 2019 14:17:44: #1 read treatment tags... 
INFO  @ Fri, 26 Jul 2019 14:17:45:  1000000 
INFO  @ Fri, 26 Jul 2019 14:17:46:  2000000 
INFO  @ Fri, 26 Jul 2019 14:17:48:  3000000 
INFO  @ Fri, 26 Jul 2019 14:17:49:  4000000 
INFO  @ Fri, 26 Jul 2019 14:17:50:  5000000 
INFO  @ Fri, 26 Jul 2019 14:17:52:  6000000 
INFO  @ Fri, 26 Jul 2019 14:17:53:  7000000 
INFO  @ Fri, 26 Jul 2019 14:17:54:  8000000 
INFO  @ Fri, 26 Jul 2019 14:17:55:  9000000 
INFO  @ Fri, 26 Jul 2019 14:17:57:  10000000 
INFO  @ Fri, 26 Jul 2019 14:17:58:  11000000 
INFO  @ Fri, 26 Jul 2019 14:17:59:  12000000 
INFO  @ Fri, 26 Jul 2019 14:18:00:  13000000 
INFO  @ Fri, 26 Jul 2019 14:18:01:  14000000 
INFO  @ Fri, 26 Jul 2019 14:18:03:  15000000 
INFO  @ Fri, 26 Jul 2019 14:18:04:  16000000 
INFO  @ Fri, 26 Jul 2019 14:18:06:  17000000 
INFO  @ Fri, 26 Jul 2019 14:18:08:  18000000 
INFO  @ Fri, 26 Jul 2019 14:18:09:  19000000 
INFO  @ Fri, 26 Jul 2019 14:18:11:  20000000 
INFO  @ Fri, 26 Jul 2019 14:18:12:  21000000 
INFO  @ Fri, 26 Jul 2019 14:18:14:  22000000 
INFO  @ Fri, 26 Jul 2019 14:18:15:  23000000 
INFO  @ Fri, 26 Jul 2019 14:18:17:  24000000 
INFO  @ Fri, 26 Jul 2019 14:18:18:  25000000 
INFO  @ Fri, 26 Jul 2019 14:18:20:  26000000 
INFO  @ Fri, 26 Jul 2019 14:18:21:  27000000 
INFO  @ Fri, 26 Jul 2019 14:18:23:  28000000 
INFO  @ Fri, 26 Jul 2019 14:18:24:  29000000 
INFO  @ Fri, 26 Jul 2019 14:18:26:  30000000 
INFO  @ Fri, 26 Jul 2019 14:18:27:  31000000 
INFO  @ Fri, 26 Jul 2019 14:18:28:  32000000 
INFO  @ Fri, 26 Jul 2019 14:18:30:  33000000 
INFO  @ Fri, 26 Jul 2019 14:18:32:  34000000 
INFO  @ Fri, 26 Jul 2019 14:18:34:  35000000 
INFO  @ Fri, 26 Jul 2019 14:18:35:  36000000 
INFO  @ Fri, 26 Jul 2019 14:18:37:  37000000 
INFO  @ Fri, 26 Jul 2019 14:18:38:  38000000 
INFO  @ Fri, 26 Jul 2019 14:18:40:  39000000 
INFO  @ Fri, 26 Jul 2019 14:18:41:  40000000 
INFO  @ Fri, 26 Jul 2019 14:18:43:  41000000 
INFO  @ Fri, 26 Jul 2019 14:18:44:  42000000 
INFO  @ Fri, 26 Jul 2019 14:18:45:  43000000 
INFO  @ Fri, 26 Jul 2019 14:18:50: #1 tag size is determined as 45 bps 
INFO  @ Fri, 26 Jul 2019 14:18:50: #1 tag size = 45.0 
INFO  @ Fri, 26 Jul 2019 14:18:50: #1  total tags in treatment: 43702566 
INFO  @ Fri, 26 Jul 2019 14:18:50: #1 finished! 
INFO  @ Fri, 26 Jul 2019 14:18:50: #2 Build Peak Model... 
INFO  @ Fri, 26 Jul 2019 14:18:50: #2 Skipped... 
INFO  @ Fri, 26 Jul 2019 14:18:50: #2 Use 73 as fragment length 
INFO  @ Fri, 26 Jul 2019 14:18:50: #2 Sequencing ends will be shifted towards 5' by 37 bp(s) 
INFO  @ Fri, 26 Jul 2019 14:18:50: #3 Call peaks... 
INFO  @ Fri, 26 Jul 2019 14:18:50: #3 Call peaks with given -log10pvalue cutoff: 1.00000 ... 
INFO  @ Fri, 26 Jul 2019 14:18:50: #3 Pre-compute pvalue-qvalue table... 
INFO  @ Fri, 26 Jul 2019 14:20:57: #3 Call peaks for each chromosome... 
INFO  @ Fri, 26 Jul 2019 14:22:08: #4 Write output xls file... /home/yuanh/analysis/WI38_ATAC/process/macs2out/hTERT_TP1_std_B_S8_peaks.xls 
INFO  @ Fri, 26 Jul 2019 14:22:15: #4 Write peak in narrowPeak format file... /home/yuanh/analysis/WI38_ATAC/process/macs2out/hTERT_TP1_std_B_S8_peaks.narrowPeak 
INFO  @ Fri, 26 Jul 2019 14:22:21: #4 Write summits bed file... /home/yuanh/analysis/WI38_ATAC/process/macs2out/hTERT_TP1_std_B_S8_summits.bed 
INFO  @ Fri, 26 Jul 2019 14:22:24: Done! 
