INFO  @ Fri, 26 Jul 2019 14:17:44: 
# Command line: callpeak -t /home/yuanh/analysis/WI38_ATAC/process/shift_bed/hTERT_TP4_omni_C_S29_SE.bed -f BED -n hTERT_TP4_omni_C_S29 --outdir /home/yuanh/analysis/WI38_ATAC/process/macs2out/ --keep-dup all -g hs -p 1e-1 --nomodel --shift -37 --extsize 73
# ARGUMENTS LIST:
# name = hTERT_TP4_omni_C_S29
# format = BED
# ChIP-seq file = ['/home/yuanh/analysis/WI38_ATAC/process/shift_bed/hTERT_TP4_omni_C_S29_SE.bed']
# control file = None
# effective genome size = 2.70e+09
# band width = 300
# model fold = [5, 50]
# pvalue cutoff = 1.00e-01
# qvalue will not be calculated and reported as -1 in the final output.
# The maximum gap between significant sites is assigned as the read length/tag size.
# The minimum length of peaks is assigned as the predicted fragment length "d".
# Larger dataset will be scaled towards smaller dataset.
# Range for calculating regional lambda is: 10000 bps
# Broad region calling is off
# Paired-End mode is off
 
INFO  @ Fri, 26 Jul 2019 14:17:44: #1 read tag files... 
INFO  @ Fri, 26 Jul 2019 14:17:44: #1 read treatment tags... 
INFO  @ Fri, 26 Jul 2019 14:17:45:  1000000 
INFO  @ Fri, 26 Jul 2019 14:17:46:  2000000 
INFO  @ Fri, 26 Jul 2019 14:17:48:  3000000 
INFO  @ Fri, 26 Jul 2019 14:17:49:  4000000 
INFO  @ Fri, 26 Jul 2019 14:17:50:  5000000 
INFO  @ Fri, 26 Jul 2019 14:17:51:  6000000 
INFO  @ Fri, 26 Jul 2019 14:17:53:  7000000 
INFO  @ Fri, 26 Jul 2019 14:17:54:  8000000 
INFO  @ Fri, 26 Jul 2019 14:17:55:  9000000 
INFO  @ Fri, 26 Jul 2019 14:17:56:  10000000 
INFO  @ Fri, 26 Jul 2019 14:17:58:  11000000 
INFO  @ Fri, 26 Jul 2019 14:17:59:  12000000 
INFO  @ Fri, 26 Jul 2019 14:18:00:  13000000 
INFO  @ Fri, 26 Jul 2019 14:18:01:  14000000 
INFO  @ Fri, 26 Jul 2019 14:18:02:  15000000 
INFO  @ Fri, 26 Jul 2019 14:18:04:  16000000 
INFO  @ Fri, 26 Jul 2019 14:18:05:  17000000 
INFO  @ Fri, 26 Jul 2019 14:18:07:  18000000 
INFO  @ Fri, 26 Jul 2019 14:18:08:  19000000 
INFO  @ Fri, 26 Jul 2019 14:18:10:  20000000 
INFO  @ Fri, 26 Jul 2019 14:18:11:  21000000 
INFO  @ Fri, 26 Jul 2019 14:18:12:  22000000 
INFO  @ Fri, 26 Jul 2019 14:18:14:  23000000 
INFO  @ Fri, 26 Jul 2019 14:18:15:  24000000 
INFO  @ Fri, 26 Jul 2019 14:18:16:  25000000 
INFO  @ Fri, 26 Jul 2019 14:18:18:  26000000 
INFO  @ Fri, 26 Jul 2019 14:18:19:  27000000 
INFO  @ Fri, 26 Jul 2019 14:18:20:  28000000 
INFO  @ Fri, 26 Jul 2019 14:18:22:  29000000 
INFO  @ Fri, 26 Jul 2019 14:18:23:  30000000 
INFO  @ Fri, 26 Jul 2019 14:18:24:  31000000 
INFO  @ Fri, 26 Jul 2019 14:18:25:  32000000 
INFO  @ Fri, 26 Jul 2019 14:18:27:  33000000 
INFO  @ Fri, 26 Jul 2019 14:18:28:  34000000 
INFO  @ Fri, 26 Jul 2019 14:18:29:  35000000 
INFO  @ Fri, 26 Jul 2019 14:18:30:  36000000 
INFO  @ Fri, 26 Jul 2019 14:18:31:  37000000 
INFO  @ Fri, 26 Jul 2019 14:18:33:  38000000 
INFO  @ Fri, 26 Jul 2019 14:18:34:  39000000 
INFO  @ Fri, 26 Jul 2019 14:18:36:  40000000 
INFO  @ Fri, 26 Jul 2019 14:18:37:  41000000 
INFO  @ Fri, 26 Jul 2019 14:18:38:  42000000 
INFO  @ Fri, 26 Jul 2019 14:18:39:  43000000 
INFO  @ Fri, 26 Jul 2019 14:18:41:  44000000 
INFO  @ Fri, 26 Jul 2019 14:18:42:  45000000 
INFO  @ Fri, 26 Jul 2019 14:18:43:  46000000 
INFO  @ Fri, 26 Jul 2019 14:18:44:  47000000 
INFO  @ Fri, 26 Jul 2019 14:18:46:  48000000 
INFO  @ Fri, 26 Jul 2019 14:18:47:  49000000 
INFO  @ Fri, 26 Jul 2019 14:18:48:  50000000 
INFO  @ Fri, 26 Jul 2019 14:18:49:  51000000 
INFO  @ Fri, 26 Jul 2019 14:18:50:  52000000 
INFO  @ Fri, 26 Jul 2019 14:18:52:  53000000 
INFO  @ Fri, 26 Jul 2019 14:18:53:  54000000 
INFO  @ Fri, 26 Jul 2019 14:18:54:  55000000 
INFO  @ Fri, 26 Jul 2019 14:18:55:  56000000 
INFO  @ Fri, 26 Jul 2019 14:18:56:  57000000 
INFO  @ Fri, 26 Jul 2019 14:18:58:  58000000 
INFO  @ Fri, 26 Jul 2019 14:18:59:  59000000 
INFO  @ Fri, 26 Jul 2019 14:19:00:  60000000 
INFO  @ Fri, 26 Jul 2019 14:19:01:  61000000 
INFO  @ Fri, 26 Jul 2019 14:19:02:  62000000 
INFO  @ Fri, 26 Jul 2019 14:19:04:  63000000 
INFO  @ Fri, 26 Jul 2019 14:19:05:  64000000 
INFO  @ Fri, 26 Jul 2019 14:19:06:  65000000 
INFO  @ Fri, 26 Jul 2019 14:19:08:  66000000 
INFO  @ Fri, 26 Jul 2019 14:19:09:  67000000 
INFO  @ Fri, 26 Jul 2019 14:19:10:  68000000 
INFO  @ Fri, 26 Jul 2019 14:19:11:  69000000 
INFO  @ Fri, 26 Jul 2019 14:19:12:  70000000 
INFO  @ Fri, 26 Jul 2019 14:19:14:  71000000 
INFO  @ Fri, 26 Jul 2019 14:19:15:  72000000 
INFO  @ Fri, 26 Jul 2019 14:19:16:  73000000 
INFO  @ Fri, 26 Jul 2019 14:19:18:  74000000 
INFO  @ Fri, 26 Jul 2019 14:19:19:  75000000 
INFO  @ Fri, 26 Jul 2019 14:19:20:  76000000 
INFO  @ Fri, 26 Jul 2019 14:19:22:  77000000 
INFO  @ Fri, 26 Jul 2019 14:19:23:  78000000 
INFO  @ Fri, 26 Jul 2019 14:19:24:  79000000 
INFO  @ Fri, 26 Jul 2019 14:19:25:  80000000 
INFO  @ Fri, 26 Jul 2019 14:19:27:  81000000 
INFO  @ Fri, 26 Jul 2019 14:19:28:  82000000 
INFO  @ Fri, 26 Jul 2019 14:19:29:  83000000 
INFO  @ Fri, 26 Jul 2019 14:19:31:  84000000 
INFO  @ Fri, 26 Jul 2019 14:19:32:  85000000 
INFO  @ Fri, 26 Jul 2019 14:19:33:  86000000 
INFO  @ Fri, 26 Jul 2019 14:19:34:  87000000 
INFO  @ Fri, 26 Jul 2019 14:19:36:  88000000 
INFO  @ Fri, 26 Jul 2019 14:19:37:  89000000 
INFO  @ Fri, 26 Jul 2019 14:19:38:  90000000 
INFO  @ Fri, 26 Jul 2019 14:19:40:  91000000 
INFO  @ Fri, 26 Jul 2019 14:19:41:  92000000 
INFO  @ Fri, 26 Jul 2019 14:19:50: #1 tag size is determined as 73 bps 
INFO  @ Fri, 26 Jul 2019 14:19:50: #1 tag size = 73.0 
INFO  @ Fri, 26 Jul 2019 14:19:50: #1  total tags in treatment: 92200840 
INFO  @ Fri, 26 Jul 2019 14:19:50: #1 finished! 
INFO  @ Fri, 26 Jul 2019 14:19:50: #2 Build Peak Model... 
INFO  @ Fri, 26 Jul 2019 14:19:50: #2 Skipped... 
INFO  @ Fri, 26 Jul 2019 14:19:50: #2 Use 73 as fragment length 
INFO  @ Fri, 26 Jul 2019 14:19:50: #2 Sequencing ends will be shifted towards 5' by 37 bp(s) 
INFO  @ Fri, 26 Jul 2019 14:19:50: #3 Call peaks... 
INFO  @ Fri, 26 Jul 2019 14:19:50: #3 Call peaks with given -log10pvalue cutoff: 1.00000 ... 
INFO  @ Fri, 26 Jul 2019 14:19:50: #3 Pre-compute pvalue-qvalue table... 
INFO  @ Fri, 26 Jul 2019 14:23:56: #3 Call peaks for each chromosome... 
INFO  @ Fri, 26 Jul 2019 14:25:49: #4 Write output xls file... /home/yuanh/analysis/WI38_ATAC/process/macs2out/hTERT_TP4_omni_C_S29_peaks.xls 
INFO  @ Fri, 26 Jul 2019 14:25:52: #4 Write peak in narrowPeak format file... /home/yuanh/analysis/WI38_ATAC/process/macs2out/hTERT_TP4_omni_C_S29_peaks.narrowPeak 
INFO  @ Fri, 26 Jul 2019 14:25:55: #4 Write summits bed file... /home/yuanh/analysis/WI38_ATAC/process/macs2out/hTERT_TP4_omni_C_S29_summits.bed 
INFO  @ Fri, 26 Jul 2019 14:25:56: Done! 
