INFO  @ Fri, 26 Jul 2019 14:18:01: 
# Command line: callpeak -t /home/yuanh/analysis/WI38_ATAC/process/shift_bed/hTERT_TP7_omni_B_S46_SE.bed -f BED -n hTERT_TP7_omni_B_S46 --outdir /home/yuanh/analysis/WI38_ATAC/process/macs2out/ --keep-dup all -g hs -p 1e-1 --nomodel --shift -37 --extsize 73
# ARGUMENTS LIST:
# name = hTERT_TP7_omni_B_S46
# format = BED
# ChIP-seq file = ['/home/yuanh/analysis/WI38_ATAC/process/shift_bed/hTERT_TP7_omni_B_S46_SE.bed']
# control file = None
# effective genome size = 2.70e+09
# band width = 300
# model fold = [5, 50]
# pvalue cutoff = 1.00e-01
# qvalue will not be calculated and reported as -1 in the final output.
# The maximum gap between significant sites is assigned as the read length/tag size.
# The minimum length of peaks is assigned as the predicted fragment length "d".
# Larger dataset will be scaled towards smaller dataset.
# Range for calculating regional lambda is: 10000 bps
# Broad region calling is off
# Paired-End mode is off
 
INFO  @ Fri, 26 Jul 2019 14:18:01: #1 read tag files... 
INFO  @ Fri, 26 Jul 2019 14:18:01: #1 read treatment tags... 
INFO  @ Fri, 26 Jul 2019 14:18:03:  1000000 
INFO  @ Fri, 26 Jul 2019 14:18:04:  2000000 
INFO  @ Fri, 26 Jul 2019 14:18:06:  3000000 
INFO  @ Fri, 26 Jul 2019 14:18:07:  4000000 
INFO  @ Fri, 26 Jul 2019 14:18:09:  5000000 
INFO  @ Fri, 26 Jul 2019 14:18:10:  6000000 
INFO  @ Fri, 26 Jul 2019 14:18:12:  7000000 
INFO  @ Fri, 26 Jul 2019 14:18:13:  8000000 
INFO  @ Fri, 26 Jul 2019 14:18:15:  9000000 
INFO  @ Fri, 26 Jul 2019 14:18:16:  10000000 
INFO  @ Fri, 26 Jul 2019 14:18:19:  11000000 
INFO  @ Fri, 26 Jul 2019 14:18:21:  12000000 
INFO  @ Fri, 26 Jul 2019 14:18:22:  13000000 
INFO  @ Fri, 26 Jul 2019 14:18:24:  14000000 
INFO  @ Fri, 26 Jul 2019 14:18:25:  15000000 
INFO  @ Fri, 26 Jul 2019 14:18:27:  16000000 
INFO  @ Fri, 26 Jul 2019 14:18:28:  17000000 
INFO  @ Fri, 26 Jul 2019 14:18:29:  18000000 
INFO  @ Fri, 26 Jul 2019 14:18:31:  19000000 
INFO  @ Fri, 26 Jul 2019 14:18:32:  20000000 
INFO  @ Fri, 26 Jul 2019 14:18:34:  21000000 
INFO  @ Fri, 26 Jul 2019 14:18:35:  22000000 
INFO  @ Fri, 26 Jul 2019 14:18:36:  23000000 
INFO  @ Fri, 26 Jul 2019 14:18:38:  24000000 
INFO  @ Fri, 26 Jul 2019 14:18:39:  25000000 
INFO  @ Fri, 26 Jul 2019 14:18:42:  26000000 
INFO  @ Fri, 26 Jul 2019 14:18:43:  27000000 
INFO  @ Fri, 26 Jul 2019 14:18:44:  28000000 
INFO  @ Fri, 26 Jul 2019 14:18:45:  29000000 
INFO  @ Fri, 26 Jul 2019 14:18:47:  30000000 
INFO  @ Fri, 26 Jul 2019 14:18:48:  31000000 
INFO  @ Fri, 26 Jul 2019 14:18:49:  32000000 
INFO  @ Fri, 26 Jul 2019 14:18:51:  33000000 
INFO  @ Fri, 26 Jul 2019 14:18:52:  34000000 
INFO  @ Fri, 26 Jul 2019 14:18:53:  35000000 
INFO  @ Fri, 26 Jul 2019 14:18:55:  36000000 
INFO  @ Fri, 26 Jul 2019 14:18:56:  37000000 
INFO  @ Fri, 26 Jul 2019 14:18:57:  38000000 
INFO  @ Fri, 26 Jul 2019 14:18:59:  39000000 
INFO  @ Fri, 26 Jul 2019 14:19:00:  40000000 
INFO  @ Fri, 26 Jul 2019 14:19:02:  41000000 
INFO  @ Fri, 26 Jul 2019 14:19:03:  42000000 
INFO  @ Fri, 26 Jul 2019 14:19:05:  43000000 
INFO  @ Fri, 26 Jul 2019 14:19:06:  44000000 
INFO  @ Fri, 26 Jul 2019 14:19:07:  45000000 
INFO  @ Fri, 26 Jul 2019 14:19:08:  46000000 
INFO  @ Fri, 26 Jul 2019 14:19:10:  47000000 
INFO  @ Fri, 26 Jul 2019 14:19:11:  48000000 
INFO  @ Fri, 26 Jul 2019 14:19:13:  49000000 
INFO  @ Fri, 26 Jul 2019 14:19:15:  50000000 
INFO  @ Fri, 26 Jul 2019 14:19:17:  51000000 
INFO  @ Fri, 26 Jul 2019 14:19:18:  52000000 
INFO  @ Fri, 26 Jul 2019 14:19:21:  53000000 
INFO  @ Fri, 26 Jul 2019 14:19:22:  54000000 
INFO  @ Fri, 26 Jul 2019 14:19:23:  55000000 
INFO  @ Fri, 26 Jul 2019 14:19:25:  56000000 
INFO  @ Fri, 26 Jul 2019 14:19:26:  57000000 
INFO  @ Fri, 26 Jul 2019 14:19:27:  58000000 
INFO  @ Fri, 26 Jul 2019 14:19:29:  59000000 
INFO  @ Fri, 26 Jul 2019 14:19:30:  60000000 
INFO  @ Fri, 26 Jul 2019 14:19:31:  61000000 
INFO  @ Fri, 26 Jul 2019 14:19:32:  62000000 
INFO  @ Fri, 26 Jul 2019 14:19:34:  63000000 
INFO  @ Fri, 26 Jul 2019 14:19:35:  64000000 
INFO  @ Fri, 26 Jul 2019 14:19:36:  65000000 
INFO  @ Fri, 26 Jul 2019 14:19:37:  66000000 
INFO  @ Fri, 26 Jul 2019 14:19:39:  67000000 
INFO  @ Fri, 26 Jul 2019 14:19:46: #1 tag size is determined as 43 bps 
INFO  @ Fri, 26 Jul 2019 14:19:46: #1 tag size = 43.0 
INFO  @ Fri, 26 Jul 2019 14:19:46: #1  total tags in treatment: 67925752 
INFO  @ Fri, 26 Jul 2019 14:19:46: #1 finished! 
INFO  @ Fri, 26 Jul 2019 14:19:46: #2 Build Peak Model... 
INFO  @ Fri, 26 Jul 2019 14:19:46: #2 Skipped... 
INFO  @ Fri, 26 Jul 2019 14:19:46: #2 Use 73 as fragment length 
INFO  @ Fri, 26 Jul 2019 14:19:46: #2 Sequencing ends will be shifted towards 5' by 37 bp(s) 
INFO  @ Fri, 26 Jul 2019 14:19:46: #3 Call peaks... 
INFO  @ Fri, 26 Jul 2019 14:19:46: #3 Call peaks with given -log10pvalue cutoff: 1.00000 ... 
INFO  @ Fri, 26 Jul 2019 14:19:46: #3 Pre-compute pvalue-qvalue table... 
INFO  @ Fri, 26 Jul 2019 14:22:32: #3 Call peaks for each chromosome... 
INFO  @ Fri, 26 Jul 2019 14:23:42: #4 Write output xls file... /home/yuanh/analysis/WI38_ATAC/process/macs2out/hTERT_TP7_omni_B_S46_peaks.xls 
INFO  @ Fri, 26 Jul 2019 14:23:45: #4 Write peak in narrowPeak format file... /home/yuanh/analysis/WI38_ATAC/process/macs2out/hTERT_TP7_omni_B_S46_peaks.narrowPeak 
INFO  @ Fri, 26 Jul 2019 14:23:47: #4 Write summits bed file... /home/yuanh/analysis/WI38_ATAC/process/macs2out/hTERT_TP7_omni_B_S46_summits.bed 
INFO  @ Fri, 26 Jul 2019 14:23:49: Done! 
