INFO  @ Fri, 26 Jul 2019 14:17:44: 
# Command line: callpeak -t /home/yuanh/analysis/WI38_ATAC/process/shift_bed/hTERT_TP4_omni_A_S27_SE.bed -f BED -n hTERT_TP4_omni_A_S27 --outdir /home/yuanh/analysis/WI38_ATAC/process/macs2out/ --keep-dup all -g hs -p 1e-1 --nomodel --shift -37 --extsize 73
# ARGUMENTS LIST:
# name = hTERT_TP4_omni_A_S27
# format = BED
# ChIP-seq file = ['/home/yuanh/analysis/WI38_ATAC/process/shift_bed/hTERT_TP4_omni_A_S27_SE.bed']
# control file = None
# effective genome size = 2.70e+09
# band width = 300
# model fold = [5, 50]
# pvalue cutoff = 1.00e-01
# qvalue will not be calculated and reported as -1 in the final output.
# The maximum gap between significant sites is assigned as the read length/tag size.
# The minimum length of peaks is assigned as the predicted fragment length "d".
# Larger dataset will be scaled towards smaller dataset.
# Range for calculating regional lambda is: 10000 bps
# Broad region calling is off
# Paired-End mode is off
 
INFO  @ Fri, 26 Jul 2019 14:17:44: #1 read tag files... 
INFO  @ Fri, 26 Jul 2019 14:17:44: #1 read treatment tags... 
INFO  @ Fri, 26 Jul 2019 14:17:45:  1000000 
INFO  @ Fri, 26 Jul 2019 14:17:47:  2000000 
INFO  @ Fri, 26 Jul 2019 14:17:48:  3000000 
INFO  @ Fri, 26 Jul 2019 14:17:49:  4000000 
INFO  @ Fri, 26 Jul 2019 14:17:51:  5000000 
INFO  @ Fri, 26 Jul 2019 14:17:52:  6000000 
INFO  @ Fri, 26 Jul 2019 14:17:53:  7000000 
INFO  @ Fri, 26 Jul 2019 14:17:55:  8000000 
INFO  @ Fri, 26 Jul 2019 14:17:56:  9000000 
INFO  @ Fri, 26 Jul 2019 14:17:57:  10000000 
INFO  @ Fri, 26 Jul 2019 14:17:59:  11000000 
INFO  @ Fri, 26 Jul 2019 14:18:00:  12000000 
INFO  @ Fri, 26 Jul 2019 14:18:01:  13000000 
INFO  @ Fri, 26 Jul 2019 14:18:02:  14000000 
INFO  @ Fri, 26 Jul 2019 14:18:04:  15000000 
INFO  @ Fri, 26 Jul 2019 14:18:06:  16000000 
INFO  @ Fri, 26 Jul 2019 14:18:07:  17000000 
INFO  @ Fri, 26 Jul 2019 14:18:08:  18000000 
INFO  @ Fri, 26 Jul 2019 14:18:10:  19000000 
INFO  @ Fri, 26 Jul 2019 14:18:12:  20000000 
INFO  @ Fri, 26 Jul 2019 14:18:13:  21000000 
INFO  @ Fri, 26 Jul 2019 14:18:14:  22000000 
INFO  @ Fri, 26 Jul 2019 14:18:16:  23000000 
INFO  @ Fri, 26 Jul 2019 14:18:17:  24000000 
INFO  @ Fri, 26 Jul 2019 14:18:19:  25000000 
INFO  @ Fri, 26 Jul 2019 14:18:20:  26000000 
INFO  @ Fri, 26 Jul 2019 14:18:22:  27000000 
INFO  @ Fri, 26 Jul 2019 14:18:23:  28000000 
INFO  @ Fri, 26 Jul 2019 14:18:25:  29000000 
INFO  @ Fri, 26 Jul 2019 14:18:26:  30000000 
INFO  @ Fri, 26 Jul 2019 14:18:27:  31000000 
INFO  @ Fri, 26 Jul 2019 14:18:29:  32000000 
INFO  @ Fri, 26 Jul 2019 14:18:30:  33000000 
INFO  @ Fri, 26 Jul 2019 14:18:31:  34000000 
INFO  @ Fri, 26 Jul 2019 14:18:33:  35000000 
INFO  @ Fri, 26 Jul 2019 14:18:34:  36000000 
INFO  @ Fri, 26 Jul 2019 14:18:35:  37000000 
INFO  @ Fri, 26 Jul 2019 14:18:36:  38000000 
INFO  @ Fri, 26 Jul 2019 14:18:38:  39000000 
INFO  @ Fri, 26 Jul 2019 14:18:39:  40000000 
INFO  @ Fri, 26 Jul 2019 14:18:41:  41000000 
INFO  @ Fri, 26 Jul 2019 14:18:42:  42000000 
INFO  @ Fri, 26 Jul 2019 14:18:44:  43000000 
INFO  @ Fri, 26 Jul 2019 14:18:45:  44000000 
INFO  @ Fri, 26 Jul 2019 14:18:47:  45000000 
INFO  @ Fri, 26 Jul 2019 14:18:49:  46000000 
INFO  @ Fri, 26 Jul 2019 14:18:50:  47000000 
INFO  @ Fri, 26 Jul 2019 14:18:51:  48000000 
INFO  @ Fri, 26 Jul 2019 14:18:53:  49000000 
INFO  @ Fri, 26 Jul 2019 14:18:54:  50000000 
INFO  @ Fri, 26 Jul 2019 14:18:55:  51000000 
INFO  @ Fri, 26 Jul 2019 14:18:57:  52000000 
INFO  @ Fri, 26 Jul 2019 14:18:58:  53000000 
INFO  @ Fri, 26 Jul 2019 14:18:59:  54000000 
INFO  @ Fri, 26 Jul 2019 14:19:01:  55000000 
INFO  @ Fri, 26 Jul 2019 14:19:02:  56000000 
INFO  @ Fri, 26 Jul 2019 14:19:03:  57000000 
INFO  @ Fri, 26 Jul 2019 14:19:04:  58000000 
INFO  @ Fri, 26 Jul 2019 14:19:06:  59000000 
INFO  @ Fri, 26 Jul 2019 14:19:07:  60000000 
INFO  @ Fri, 26 Jul 2019 14:19:08:  61000000 
INFO  @ Fri, 26 Jul 2019 14:19:09:  62000000 
INFO  @ Fri, 26 Jul 2019 14:19:11:  63000000 
INFO  @ Fri, 26 Jul 2019 14:19:12:  64000000 
INFO  @ Fri, 26 Jul 2019 14:19:14:  65000000 
INFO  @ Fri, 26 Jul 2019 14:19:15:  66000000 
INFO  @ Fri, 26 Jul 2019 14:19:16:  67000000 
INFO  @ Fri, 26 Jul 2019 14:19:18:  68000000 
INFO  @ Fri, 26 Jul 2019 14:19:19:  69000000 
INFO  @ Fri, 26 Jul 2019 14:19:20:  70000000 
INFO  @ Fri, 26 Jul 2019 14:19:22:  71000000 
INFO  @ Fri, 26 Jul 2019 14:19:23:  72000000 
INFO  @ Fri, 26 Jul 2019 14:19:24:  73000000 
INFO  @ Fri, 26 Jul 2019 14:19:25:  74000000 
INFO  @ Fri, 26 Jul 2019 14:19:27:  75000000 
INFO  @ Fri, 26 Jul 2019 14:19:28:  76000000 
INFO  @ Fri, 26 Jul 2019 14:19:29:  77000000 
INFO  @ Fri, 26 Jul 2019 14:19:31:  78000000 
INFO  @ Fri, 26 Jul 2019 14:19:32:  79000000 
INFO  @ Fri, 26 Jul 2019 14:19:33:  80000000 
INFO  @ Fri, 26 Jul 2019 14:19:34:  81000000 
INFO  @ Fri, 26 Jul 2019 14:19:36:  82000000 
INFO  @ Fri, 26 Jul 2019 14:19:37:  83000000 
INFO  @ Fri, 26 Jul 2019 14:19:38:  84000000 
INFO  @ Fri, 26 Jul 2019 14:19:39:  85000000 
INFO  @ Fri, 26 Jul 2019 14:19:41:  86000000 
INFO  @ Fri, 26 Jul 2019 14:19:42:  87000000 
INFO  @ Fri, 26 Jul 2019 14:19:49: #1 tag size is determined as 77 bps 
INFO  @ Fri, 26 Jul 2019 14:19:49: #1 tag size = 77.0 
INFO  @ Fri, 26 Jul 2019 14:19:49: #1  total tags in treatment: 87076706 
INFO  @ Fri, 26 Jul 2019 14:19:49: #1 finished! 
INFO  @ Fri, 26 Jul 2019 14:19:49: #2 Build Peak Model... 
INFO  @ Fri, 26 Jul 2019 14:19:49: #2 Skipped... 
INFO  @ Fri, 26 Jul 2019 14:19:49: #2 Use 73 as fragment length 
INFO  @ Fri, 26 Jul 2019 14:19:49: #2 Sequencing ends will be shifted towards 5' by 37 bp(s) 
INFO  @ Fri, 26 Jul 2019 14:19:49: #3 Call peaks... 
INFO  @ Fri, 26 Jul 2019 14:19:49: #3 Call peaks with given -log10pvalue cutoff: 1.00000 ... 
INFO  @ Fri, 26 Jul 2019 14:19:49: #3 Pre-compute pvalue-qvalue table... 
INFO  @ Fri, 26 Jul 2019 14:23:19: #3 Call peaks for each chromosome... 
INFO  @ Fri, 26 Jul 2019 14:24:44: #4 Write output xls file... /home/yuanh/analysis/WI38_ATAC/process/macs2out/hTERT_TP4_omni_A_S27_peaks.xls 
INFO  @ Fri, 26 Jul 2019 14:24:47: #4 Write peak in narrowPeak format file... /home/yuanh/analysis/WI38_ATAC/process/macs2out/hTERT_TP4_omni_A_S27_peaks.narrowPeak 
INFO  @ Fri, 26 Jul 2019 14:24:49: #4 Write summits bed file... /home/yuanh/analysis/WI38_ATAC/process/macs2out/hTERT_TP4_omni_A_S27_summits.bed 
INFO  @ Fri, 26 Jul 2019 14:24:51: Done! 
