INFO  @ Fri, 26 Jul 2019 14:18:01: 
# Command line: callpeak -t /home/yuanh/analysis/WI38_ATAC/process/shift_bed/PDL20_TP1_omni_C_S6_SE.bed -f BED -n PDL20_TP1_omni_C_S6 --outdir /home/yuanh/analysis/WI38_ATAC/process/macs2out/ --keep-dup all -g hs -p 1e-1 --nomodel --shift -37 --extsize 73
# ARGUMENTS LIST:
# name = PDL20_TP1_omni_C_S6
# format = BED
# ChIP-seq file = ['/home/yuanh/analysis/WI38_ATAC/process/shift_bed/PDL20_TP1_omni_C_S6_SE.bed']
# control file = None
# effective genome size = 2.70e+09
# band width = 300
# model fold = [5, 50]
# pvalue cutoff = 1.00e-01
# qvalue will not be calculated and reported as -1 in the final output.
# The maximum gap between significant sites is assigned as the read length/tag size.
# The minimum length of peaks is assigned as the predicted fragment length "d".
# Larger dataset will be scaled towards smaller dataset.
# Range for calculating regional lambda is: 10000 bps
# Broad region calling is off
# Paired-End mode is off
 
INFO  @ Fri, 26 Jul 2019 14:18:01: #1 read tag files... 
INFO  @ Fri, 26 Jul 2019 14:18:01: #1 read treatment tags... 
INFO  @ Fri, 26 Jul 2019 14:18:03:  1000000 
INFO  @ Fri, 26 Jul 2019 14:18:04:  2000000 
INFO  @ Fri, 26 Jul 2019 14:18:06:  3000000 
INFO  @ Fri, 26 Jul 2019 14:18:07:  4000000 
INFO  @ Fri, 26 Jul 2019 14:18:08:  5000000 
INFO  @ Fri, 26 Jul 2019 14:18:10:  6000000 
INFO  @ Fri, 26 Jul 2019 14:18:11:  7000000 
INFO  @ Fri, 26 Jul 2019 14:18:13:  8000000 
INFO  @ Fri, 26 Jul 2019 14:18:14:  9000000 
INFO  @ Fri, 26 Jul 2019 14:18:16:  10000000 
INFO  @ Fri, 26 Jul 2019 14:18:18:  11000000 
INFO  @ Fri, 26 Jul 2019 14:18:19:  12000000 
INFO  @ Fri, 26 Jul 2019 14:18:20:  13000000 
INFO  @ Fri, 26 Jul 2019 14:18:22:  14000000 
INFO  @ Fri, 26 Jul 2019 14:18:23:  15000000 
INFO  @ Fri, 26 Jul 2019 14:18:25:  16000000 
INFO  @ Fri, 26 Jul 2019 14:18:26:  17000000 
INFO  @ Fri, 26 Jul 2019 14:18:27:  18000000 
INFO  @ Fri, 26 Jul 2019 14:18:28:  19000000 
INFO  @ Fri, 26 Jul 2019 14:18:30:  20000000 
INFO  @ Fri, 26 Jul 2019 14:18:31:  21000000 
INFO  @ Fri, 26 Jul 2019 14:18:33:  22000000 
INFO  @ Fri, 26 Jul 2019 14:18:34:  23000000 
INFO  @ Fri, 26 Jul 2019 14:18:36:  24000000 
INFO  @ Fri, 26 Jul 2019 14:18:37:  25000000 
INFO  @ Fri, 26 Jul 2019 14:18:39:  26000000 
INFO  @ Fri, 26 Jul 2019 14:18:41:  27000000 
INFO  @ Fri, 26 Jul 2019 14:18:42:  28000000 
INFO  @ Fri, 26 Jul 2019 14:18:44:  29000000 
INFO  @ Fri, 26 Jul 2019 14:18:45:  30000000 
INFO  @ Fri, 26 Jul 2019 14:18:46:  31000000 
INFO  @ Fri, 26 Jul 2019 14:18:48:  32000000 
INFO  @ Fri, 26 Jul 2019 14:18:49:  33000000 
INFO  @ Fri, 26 Jul 2019 14:18:50:  34000000 
INFO  @ Fri, 26 Jul 2019 14:18:51:  35000000 
INFO  @ Fri, 26 Jul 2019 14:18:53:  36000000 
INFO  @ Fri, 26 Jul 2019 14:18:54:  37000000 
INFO  @ Fri, 26 Jul 2019 14:18:55:  38000000 
INFO  @ Fri, 26 Jul 2019 14:18:56:  39000000 
INFO  @ Fri, 26 Jul 2019 14:18:57:  40000000 
INFO  @ Fri, 26 Jul 2019 14:18:58:  41000000 
INFO  @ Fri, 26 Jul 2019 14:19:00:  42000000 
INFO  @ Fri, 26 Jul 2019 14:19:01:  43000000 
INFO  @ Fri, 26 Jul 2019 14:19:02:  44000000 
INFO  @ Fri, 26 Jul 2019 14:19:03:  45000000 
INFO  @ Fri, 26 Jul 2019 14:19:04:  46000000 
INFO  @ Fri, 26 Jul 2019 14:19:05:  47000000 
INFO  @ Fri, 26 Jul 2019 14:19:07:  48000000 
INFO  @ Fri, 26 Jul 2019 14:19:08:  49000000 
INFO  @ Fri, 26 Jul 2019 14:19:09:  50000000 
INFO  @ Fri, 26 Jul 2019 14:19:10:  51000000 
INFO  @ Fri, 26 Jul 2019 14:19:11:  52000000 
INFO  @ Fri, 26 Jul 2019 14:19:12:  53000000 
INFO  @ Fri, 26 Jul 2019 14:19:14:  54000000 
INFO  @ Fri, 26 Jul 2019 14:19:15:  55000000 
INFO  @ Fri, 26 Jul 2019 14:19:16:  56000000 
INFO  @ Fri, 26 Jul 2019 14:19:17:  57000000 
INFO  @ Fri, 26 Jul 2019 14:19:18:  58000000 
INFO  @ Fri, 26 Jul 2019 14:19:20:  59000000 
INFO  @ Fri, 26 Jul 2019 14:19:21:  60000000 
INFO  @ Fri, 26 Jul 2019 14:19:22:  61000000 
INFO  @ Fri, 26 Jul 2019 14:19:23:  62000000 
INFO  @ Fri, 26 Jul 2019 14:19:24:  63000000 
INFO  @ Fri, 26 Jul 2019 14:19:26:  64000000 
INFO  @ Fri, 26 Jul 2019 14:19:27:  65000000 
INFO  @ Fri, 26 Jul 2019 14:19:28:  66000000 
INFO  @ Fri, 26 Jul 2019 14:19:29:  67000000 
INFO  @ Fri, 26 Jul 2019 14:19:31:  68000000 
INFO  @ Fri, 26 Jul 2019 14:19:32:  69000000 
INFO  @ Fri, 26 Jul 2019 14:19:33:  70000000 
INFO  @ Fri, 26 Jul 2019 14:19:34:  71000000 
INFO  @ Fri, 26 Jul 2019 14:19:35:  72000000 
INFO  @ Fri, 26 Jul 2019 14:19:36:  73000000 
INFO  @ Fri, 26 Jul 2019 14:19:37:  74000000 
INFO  @ Fri, 26 Jul 2019 14:19:39:  75000000 
INFO  @ Fri, 26 Jul 2019 14:19:46: #1 tag size is determined as 63 bps 
INFO  @ Fri, 26 Jul 2019 14:19:46: #1 tag size = 63.0 
INFO  @ Fri, 26 Jul 2019 14:19:46: #1  total tags in treatment: 75907876 
INFO  @ Fri, 26 Jul 2019 14:19:46: #1 finished! 
INFO  @ Fri, 26 Jul 2019 14:19:46: #2 Build Peak Model... 
INFO  @ Fri, 26 Jul 2019 14:19:46: #2 Skipped... 
INFO  @ Fri, 26 Jul 2019 14:19:46: #2 Use 73 as fragment length 
INFO  @ Fri, 26 Jul 2019 14:19:46: #2 Sequencing ends will be shifted towards 5' by 37 bp(s) 
INFO  @ Fri, 26 Jul 2019 14:19:46: #3 Call peaks... 
INFO  @ Fri, 26 Jul 2019 14:19:46: #3 Call peaks with given -log10pvalue cutoff: 1.00000 ... 
INFO  @ Fri, 26 Jul 2019 14:19:46: #3 Pre-compute pvalue-qvalue table... 
INFO  @ Fri, 26 Jul 2019 14:22:56: #3 Call peaks for each chromosome... 
INFO  @ Fri, 26 Jul 2019 14:24:23: #4 Write output xls file... /home/yuanh/analysis/WI38_ATAC/process/macs2out/PDL20_TP1_omni_C_S6_peaks.xls 
INFO  @ Fri, 26 Jul 2019 14:24:27: #4 Write peak in narrowPeak format file... /home/yuanh/analysis/WI38_ATAC/process/macs2out/PDL20_TP1_omni_C_S6_peaks.narrowPeak 
INFO  @ Fri, 26 Jul 2019 14:24:30: #4 Write summits bed file... /home/yuanh/analysis/WI38_ATAC/process/macs2out/PDL20_TP1_omni_C_S6_summits.bed 
INFO  @ Fri, 26 Jul 2019 14:24:31: Done! 
