INFO  @ Fri, 26 Jul 2019 14:18:01: 
# Command line: callpeak -t /home/yuanh/analysis/WI38_ATAC/process/shift_bed/PDL20_TP1_omni_B_S5_SE.bed -f BED -n PDL20_TP1_omni_B_S5 --outdir /home/yuanh/analysis/WI38_ATAC/process/macs2out/ --keep-dup all -g hs -p 1e-1 --nomodel --shift -37 --extsize 73
# ARGUMENTS LIST:
# name = PDL20_TP1_omni_B_S5
# format = BED
# ChIP-seq file = ['/home/yuanh/analysis/WI38_ATAC/process/shift_bed/PDL20_TP1_omni_B_S5_SE.bed']
# control file = None
# effective genome size = 2.70e+09
# band width = 300
# model fold = [5, 50]
# pvalue cutoff = 1.00e-01
# qvalue will not be calculated and reported as -1 in the final output.
# The maximum gap between significant sites is assigned as the read length/tag size.
# The minimum length of peaks is assigned as the predicted fragment length "d".
# Larger dataset will be scaled towards smaller dataset.
# Range for calculating regional lambda is: 10000 bps
# Broad region calling is off
# Paired-End mode is off
 
INFO  @ Fri, 26 Jul 2019 14:18:01: #1 read tag files... 
INFO  @ Fri, 26 Jul 2019 14:18:01: #1 read treatment tags... 
INFO  @ Fri, 26 Jul 2019 14:18:03:  1000000 
INFO  @ Fri, 26 Jul 2019 14:18:04:  2000000 
INFO  @ Fri, 26 Jul 2019 14:18:06:  3000000 
INFO  @ Fri, 26 Jul 2019 14:18:07:  4000000 
INFO  @ Fri, 26 Jul 2019 14:18:09:  5000000 
INFO  @ Fri, 26 Jul 2019 14:18:10:  6000000 
INFO  @ Fri, 26 Jul 2019 14:18:12:  7000000 
INFO  @ Fri, 26 Jul 2019 14:18:13:  8000000 
INFO  @ Fri, 26 Jul 2019 14:18:15:  9000000 
INFO  @ Fri, 26 Jul 2019 14:18:16:  10000000 
INFO  @ Fri, 26 Jul 2019 14:18:18:  11000000 
INFO  @ Fri, 26 Jul 2019 14:18:20:  12000000 
INFO  @ Fri, 26 Jul 2019 14:18:22:  13000000 
INFO  @ Fri, 26 Jul 2019 14:18:23:  14000000 
INFO  @ Fri, 26 Jul 2019 14:18:25:  15000000 
INFO  @ Fri, 26 Jul 2019 14:18:26:  16000000 
INFO  @ Fri, 26 Jul 2019 14:18:27:  17000000 
INFO  @ Fri, 26 Jul 2019 14:18:29:  18000000 
INFO  @ Fri, 26 Jul 2019 14:18:30:  19000000 
INFO  @ Fri, 26 Jul 2019 14:18:31:  20000000 
INFO  @ Fri, 26 Jul 2019 14:18:32:  21000000 
INFO  @ Fri, 26 Jul 2019 14:18:34:  22000000 
INFO  @ Fri, 26 Jul 2019 14:18:35:  23000000 
INFO  @ Fri, 26 Jul 2019 14:18:36:  24000000 
INFO  @ Fri, 26 Jul 2019 14:18:37:  25000000 
INFO  @ Fri, 26 Jul 2019 14:18:39:  26000000 
INFO  @ Fri, 26 Jul 2019 14:18:40:  27000000 
INFO  @ Fri, 26 Jul 2019 14:18:42:  28000000 
INFO  @ Fri, 26 Jul 2019 14:18:43:  29000000 
INFO  @ Fri, 26 Jul 2019 14:18:44:  30000000 
INFO  @ Fri, 26 Jul 2019 14:18:45:  31000000 
INFO  @ Fri, 26 Jul 2019 14:18:47:  32000000 
INFO  @ Fri, 26 Jul 2019 14:18:49:  33000000 
INFO  @ Fri, 26 Jul 2019 14:18:50:  34000000 
INFO  @ Fri, 26 Jul 2019 14:18:51:  35000000 
INFO  @ Fri, 26 Jul 2019 14:18:53:  36000000 
INFO  @ Fri, 26 Jul 2019 14:18:54:  37000000 
INFO  @ Fri, 26 Jul 2019 14:18:55:  38000000 
INFO  @ Fri, 26 Jul 2019 14:18:56:  39000000 
INFO  @ Fri, 26 Jul 2019 14:18:57:  40000000 
INFO  @ Fri, 26 Jul 2019 14:18:58:  41000000 
INFO  @ Fri, 26 Jul 2019 14:19:00:  42000000 
INFO  @ Fri, 26 Jul 2019 14:19:01:  43000000 
INFO  @ Fri, 26 Jul 2019 14:19:02:  44000000 
INFO  @ Fri, 26 Jul 2019 14:19:03:  45000000 
INFO  @ Fri, 26 Jul 2019 14:19:04:  46000000 
INFO  @ Fri, 26 Jul 2019 14:19:05:  47000000 
INFO  @ Fri, 26 Jul 2019 14:19:06:  48000000 
INFO  @ Fri, 26 Jul 2019 14:19:07:  49000000 
INFO  @ Fri, 26 Jul 2019 14:19:08:  50000000 
INFO  @ Fri, 26 Jul 2019 14:19:10:  51000000 
INFO  @ Fri, 26 Jul 2019 14:19:11:  52000000 
INFO  @ Fri, 26 Jul 2019 14:19:12:  53000000 
INFO  @ Fri, 26 Jul 2019 14:19:13:  54000000 
INFO  @ Fri, 26 Jul 2019 14:19:14:  55000000 
INFO  @ Fri, 26 Jul 2019 14:19:15:  56000000 
INFO  @ Fri, 26 Jul 2019 14:19:16:  57000000 
INFO  @ Fri, 26 Jul 2019 14:19:17:  58000000 
INFO  @ Fri, 26 Jul 2019 14:19:18:  59000000 
INFO  @ Fri, 26 Jul 2019 14:19:19:  60000000 
INFO  @ Fri, 26 Jul 2019 14:19:20:  61000000 
INFO  @ Fri, 26 Jul 2019 14:19:22:  62000000 
INFO  @ Fri, 26 Jul 2019 14:19:23:  63000000 
INFO  @ Fri, 26 Jul 2019 14:19:24:  64000000 
INFO  @ Fri, 26 Jul 2019 14:19:25:  65000000 
INFO  @ Fri, 26 Jul 2019 14:19:26:  66000000 
INFO  @ Fri, 26 Jul 2019 14:19:27:  67000000 
INFO  @ Fri, 26 Jul 2019 14:19:28:  68000000 
INFO  @ Fri, 26 Jul 2019 14:19:30:  69000000 
INFO  @ Fri, 26 Jul 2019 14:19:31:  70000000 
INFO  @ Fri, 26 Jul 2019 14:19:33:  71000000 
INFO  @ Fri, 26 Jul 2019 14:19:34:  72000000 
INFO  @ Fri, 26 Jul 2019 14:19:35:  73000000 
INFO  @ Fri, 26 Jul 2019 14:19:36:  74000000 
INFO  @ Fri, 26 Jul 2019 14:19:38:  75000000 
INFO  @ Fri, 26 Jul 2019 14:19:39:  76000000 
INFO  @ Fri, 26 Jul 2019 14:19:40:  77000000 
INFO  @ Fri, 26 Jul 2019 14:19:41:  78000000 
INFO  @ Fri, 26 Jul 2019 14:19:49: #1 tag size is determined as 82 bps 
INFO  @ Fri, 26 Jul 2019 14:19:49: #1 tag size = 82.0 
INFO  @ Fri, 26 Jul 2019 14:19:49: #1  total tags in treatment: 78762372 
INFO  @ Fri, 26 Jul 2019 14:19:49: #1 finished! 
INFO  @ Fri, 26 Jul 2019 14:19:49: #2 Build Peak Model... 
INFO  @ Fri, 26 Jul 2019 14:19:49: #2 Skipped... 
INFO  @ Fri, 26 Jul 2019 14:19:49: #2 Use 73 as fragment length 
INFO  @ Fri, 26 Jul 2019 14:19:49: #2 Sequencing ends will be shifted towards 5' by 37 bp(s) 
INFO  @ Fri, 26 Jul 2019 14:19:49: #3 Call peaks... 
INFO  @ Fri, 26 Jul 2019 14:19:49: #3 Call peaks with given -log10pvalue cutoff: 1.00000 ... 
INFO  @ Fri, 26 Jul 2019 14:19:49: #3 Pre-compute pvalue-qvalue table... 
INFO  @ Fri, 26 Jul 2019 14:23:05: #3 Call peaks for each chromosome... 
INFO  @ Fri, 26 Jul 2019 14:24:34: #4 Write output xls file... /home/yuanh/analysis/WI38_ATAC/process/macs2out/PDL20_TP1_omni_B_S5_peaks.xls 
INFO  @ Fri, 26 Jul 2019 14:24:37: #4 Write peak in narrowPeak format file... /home/yuanh/analysis/WI38_ATAC/process/macs2out/PDL20_TP1_omni_B_S5_peaks.narrowPeak 
INFO  @ Fri, 26 Jul 2019 14:24:40: #4 Write summits bed file... /home/yuanh/analysis/WI38_ATAC/process/macs2out/PDL20_TP1_omni_B_S5_summits.bed 
INFO  @ Fri, 26 Jul 2019 14:24:42: Done! 
