INFO  @ Fri, 26 Jul 2019 14:17:44: 
# Command line: callpeak -t /home/yuanh/analysis/WI38_ATAC/process/shift_bed/PDL25_TP2_omni_B_S17_SE.bed -f BED -n PDL25_TP2_omni_B_S17 --outdir /home/yuanh/analysis/WI38_ATAC/process/macs2out/ --keep-dup all -g hs -p 1e-1 --nomodel --shift -37 --extsize 73
# ARGUMENTS LIST:
# name = PDL25_TP2_omni_B_S17
# format = BED
# ChIP-seq file = ['/home/yuanh/analysis/WI38_ATAC/process/shift_bed/PDL25_TP2_omni_B_S17_SE.bed']
# control file = None
# effective genome size = 2.70e+09
# band width = 300
# model fold = [5, 50]
# pvalue cutoff = 1.00e-01
# qvalue will not be calculated and reported as -1 in the final output.
# The maximum gap between significant sites is assigned as the read length/tag size.
# The minimum length of peaks is assigned as the predicted fragment length "d".
# Larger dataset will be scaled towards smaller dataset.
# Range for calculating regional lambda is: 10000 bps
# Broad region calling is off
# Paired-End mode is off
 
INFO  @ Fri, 26 Jul 2019 14:17:44: #1 read tag files... 
INFO  @ Fri, 26 Jul 2019 14:17:44: #1 read treatment tags... 
INFO  @ Fri, 26 Jul 2019 14:17:45:  1000000 
INFO  @ Fri, 26 Jul 2019 14:17:47:  2000000 
INFO  @ Fri, 26 Jul 2019 14:17:48:  3000000 
INFO  @ Fri, 26 Jul 2019 14:17:49:  4000000 
INFO  @ Fri, 26 Jul 2019 14:17:50:  5000000 
INFO  @ Fri, 26 Jul 2019 14:17:52:  6000000 
INFO  @ Fri, 26 Jul 2019 14:17:53:  7000000 
INFO  @ Fri, 26 Jul 2019 14:17:55:  8000000 
INFO  @ Fri, 26 Jul 2019 14:17:56:  9000000 
INFO  @ Fri, 26 Jul 2019 14:17:57:  10000000 
INFO  @ Fri, 26 Jul 2019 14:17:59:  11000000 
INFO  @ Fri, 26 Jul 2019 14:18:00:  12000000 
INFO  @ Fri, 26 Jul 2019 14:18:01:  13000000 
INFO  @ Fri, 26 Jul 2019 14:18:02:  14000000 
INFO  @ Fri, 26 Jul 2019 14:18:04:  15000000 
INFO  @ Fri, 26 Jul 2019 14:18:05:  16000000 
INFO  @ Fri, 26 Jul 2019 14:18:06:  17000000 
INFO  @ Fri, 26 Jul 2019 14:18:08:  18000000 
INFO  @ Fri, 26 Jul 2019 14:18:09:  19000000 
INFO  @ Fri, 26 Jul 2019 14:18:10:  20000000 
INFO  @ Fri, 26 Jul 2019 14:18:11:  21000000 
INFO  @ Fri, 26 Jul 2019 14:18:13:  22000000 
INFO  @ Fri, 26 Jul 2019 14:18:14:  23000000 
INFO  @ Fri, 26 Jul 2019 14:18:15:  24000000 
INFO  @ Fri, 26 Jul 2019 14:18:16:  25000000 
INFO  @ Fri, 26 Jul 2019 14:18:18:  26000000 
INFO  @ Fri, 26 Jul 2019 14:18:19:  27000000 
INFO  @ Fri, 26 Jul 2019 14:18:21:  28000000 
INFO  @ Fri, 26 Jul 2019 14:18:22:  29000000 
INFO  @ Fri, 26 Jul 2019 14:18:24:  30000000 
INFO  @ Fri, 26 Jul 2019 14:18:25:  31000000 
INFO  @ Fri, 26 Jul 2019 14:18:26:  32000000 
INFO  @ Fri, 26 Jul 2019 14:18:27:  33000000 
INFO  @ Fri, 26 Jul 2019 14:18:28:  34000000 
INFO  @ Fri, 26 Jul 2019 14:18:30:  35000000 
INFO  @ Fri, 26 Jul 2019 14:18:31:  36000000 
INFO  @ Fri, 26 Jul 2019 14:18:32:  37000000 
INFO  @ Fri, 26 Jul 2019 14:18:33:  38000000 
INFO  @ Fri, 26 Jul 2019 14:18:35:  39000000 
INFO  @ Fri, 26 Jul 2019 14:18:36:  40000000 
INFO  @ Fri, 26 Jul 2019 14:18:37:  41000000 
INFO  @ Fri, 26 Jul 2019 14:18:39:  42000000 
INFO  @ Fri, 26 Jul 2019 14:18:40:  43000000 
INFO  @ Fri, 26 Jul 2019 14:18:41:  44000000 
INFO  @ Fri, 26 Jul 2019 14:18:43:  45000000 
INFO  @ Fri, 26 Jul 2019 14:18:44:  46000000 
INFO  @ Fri, 26 Jul 2019 14:18:45:  47000000 
INFO  @ Fri, 26 Jul 2019 14:18:46:  48000000 
INFO  @ Fri, 26 Jul 2019 14:18:48:  49000000 
INFO  @ Fri, 26 Jul 2019 14:18:49:  50000000 
INFO  @ Fri, 26 Jul 2019 14:18:50:  51000000 
INFO  @ Fri, 26 Jul 2019 14:18:51:  52000000 
INFO  @ Fri, 26 Jul 2019 14:18:53:  53000000 
INFO  @ Fri, 26 Jul 2019 14:18:54:  54000000 
INFO  @ Fri, 26 Jul 2019 14:18:55:  55000000 
INFO  @ Fri, 26 Jul 2019 14:18:57:  56000000 
INFO  @ Fri, 26 Jul 2019 14:18:58:  57000000 
INFO  @ Fri, 26 Jul 2019 14:18:59:  58000000 
INFO  @ Fri, 26 Jul 2019 14:19:00:  59000000 
INFO  @ Fri, 26 Jul 2019 14:19:02:  60000000 
INFO  @ Fri, 26 Jul 2019 14:19:03:  61000000 
INFO  @ Fri, 26 Jul 2019 14:19:05:  62000000 
INFO  @ Fri, 26 Jul 2019 14:19:06:  63000000 
INFO  @ Fri, 26 Jul 2019 14:19:07:  64000000 
INFO  @ Fri, 26 Jul 2019 14:19:08:  65000000 
INFO  @ Fri, 26 Jul 2019 14:19:10:  66000000 
INFO  @ Fri, 26 Jul 2019 14:19:11:  67000000 
INFO  @ Fri, 26 Jul 2019 14:19:12:  68000000 
INFO  @ Fri, 26 Jul 2019 14:19:13:  69000000 
INFO  @ Fri, 26 Jul 2019 14:19:14:  70000000 
INFO  @ Fri, 26 Jul 2019 14:19:16:  71000000 
INFO  @ Fri, 26 Jul 2019 14:19:17:  72000000 
INFO  @ Fri, 26 Jul 2019 14:19:18:  73000000 
INFO  @ Fri, 26 Jul 2019 14:19:19:  74000000 
INFO  @ Fri, 26 Jul 2019 14:19:21:  75000000 
INFO  @ Fri, 26 Jul 2019 14:19:22:  76000000 
INFO  @ Fri, 26 Jul 2019 14:19:23:  77000000 
INFO  @ Fri, 26 Jul 2019 14:19:25:  78000000 
INFO  @ Fri, 26 Jul 2019 14:19:26:  79000000 
INFO  @ Fri, 26 Jul 2019 14:19:27:  80000000 
INFO  @ Fri, 26 Jul 2019 14:19:28:  81000000 
INFO  @ Fri, 26 Jul 2019 14:19:30:  82000000 
INFO  @ Fri, 26 Jul 2019 14:19:38: #1 tag size is determined as 95 bps 
INFO  @ Fri, 26 Jul 2019 14:19:38: #1 tag size = 95.0 
INFO  @ Fri, 26 Jul 2019 14:19:38: #1  total tags in treatment: 82920658 
INFO  @ Fri, 26 Jul 2019 14:19:38: #1 finished! 
INFO  @ Fri, 26 Jul 2019 14:19:38: #2 Build Peak Model... 
INFO  @ Fri, 26 Jul 2019 14:19:38: #2 Skipped... 
INFO  @ Fri, 26 Jul 2019 14:19:38: #2 Use 73 as fragment length 
INFO  @ Fri, 26 Jul 2019 14:19:38: #2 Sequencing ends will be shifted towards 5' by 37 bp(s) 
INFO  @ Fri, 26 Jul 2019 14:19:38: #3 Call peaks... 
INFO  @ Fri, 26 Jul 2019 14:19:38: #3 Call peaks with given -log10pvalue cutoff: 1.00000 ... 
INFO  @ Fri, 26 Jul 2019 14:19:38: #3 Pre-compute pvalue-qvalue table... 
INFO  @ Fri, 26 Jul 2019 14:23:28: #3 Call peaks for each chromosome... 
INFO  @ Fri, 26 Jul 2019 14:25:13: #4 Write output xls file... /home/yuanh/analysis/WI38_ATAC/process/macs2out/PDL25_TP2_omni_B_S17_peaks.xls 
INFO  @ Fri, 26 Jul 2019 14:25:19: #4 Write peak in narrowPeak format file... /home/yuanh/analysis/WI38_ATAC/process/macs2out/PDL25_TP2_omni_B_S17_peaks.narrowPeak 
INFO  @ Fri, 26 Jul 2019 14:25:22: #4 Write summits bed file... /home/yuanh/analysis/WI38_ATAC/process/macs2out/PDL25_TP2_omni_B_S17_summits.bed 
INFO  @ Fri, 26 Jul 2019 14:25:25: Done! 
