INFO  @ Fri, 26 Jul 2019 14:18:01: 
# Command line: callpeak -t /home/yuanh/analysis/WI38_ATAC/process/shift_bed/PDL20_TP1_std_A_S10_SE.bed -f BED -n PDL20_TP1_std_A_S10 --outdir /home/yuanh/analysis/WI38_ATAC/process/macs2out/ --keep-dup all -g hs -p 1e-1 --nomodel --shift -37 --extsize 73
# ARGUMENTS LIST:
# name = PDL20_TP1_std_A_S10
# format = BED
# ChIP-seq file = ['/home/yuanh/analysis/WI38_ATAC/process/shift_bed/PDL20_TP1_std_A_S10_SE.bed']
# control file = None
# effective genome size = 2.70e+09
# band width = 300
# model fold = [5, 50]
# pvalue cutoff = 1.00e-01
# qvalue will not be calculated and reported as -1 in the final output.
# The maximum gap between significant sites is assigned as the read length/tag size.
# The minimum length of peaks is assigned as the predicted fragment length "d".
# Larger dataset will be scaled towards smaller dataset.
# Range for calculating regional lambda is: 10000 bps
# Broad region calling is off
# Paired-End mode is off
 
INFO  @ Fri, 26 Jul 2019 14:18:01: #1 read tag files... 
INFO  @ Fri, 26 Jul 2019 14:18:01: #1 read treatment tags... 
INFO  @ Fri, 26 Jul 2019 14:18:04:  1000000 
INFO  @ Fri, 26 Jul 2019 14:18:05:  2000000 
INFO  @ Fri, 26 Jul 2019 14:18:07:  3000000 
INFO  @ Fri, 26 Jul 2019 14:18:08:  4000000 
INFO  @ Fri, 26 Jul 2019 14:18:09:  5000000 
INFO  @ Fri, 26 Jul 2019 14:18:11:  6000000 
INFO  @ Fri, 26 Jul 2019 14:18:13:  7000000 
INFO  @ Fri, 26 Jul 2019 14:18:15:  8000000 
INFO  @ Fri, 26 Jul 2019 14:18:16:  9000000 
INFO  @ Fri, 26 Jul 2019 14:18:18:  10000000 
INFO  @ Fri, 26 Jul 2019 14:18:20:  11000000 
INFO  @ Fri, 26 Jul 2019 14:18:22:  12000000 
INFO  @ Fri, 26 Jul 2019 14:18:23:  13000000 
INFO  @ Fri, 26 Jul 2019 14:18:24:  14000000 
INFO  @ Fri, 26 Jul 2019 14:18:26:  15000000 
INFO  @ Fri, 26 Jul 2019 14:18:27:  16000000 
INFO  @ Fri, 26 Jul 2019 14:18:29:  17000000 
INFO  @ Fri, 26 Jul 2019 14:18:30:  18000000 
INFO  @ Fri, 26 Jul 2019 14:18:31:  19000000 
INFO  @ Fri, 26 Jul 2019 14:18:33:  20000000 
INFO  @ Fri, 26 Jul 2019 14:18:34:  21000000 
INFO  @ Fri, 26 Jul 2019 14:18:35:  22000000 
INFO  @ Fri, 26 Jul 2019 14:18:37:  23000000 
INFO  @ Fri, 26 Jul 2019 14:18:38:  24000000 
INFO  @ Fri, 26 Jul 2019 14:18:39:  25000000 
INFO  @ Fri, 26 Jul 2019 14:18:41:  26000000 
INFO  @ Fri, 26 Jul 2019 14:18:43:  27000000 
INFO  @ Fri, 26 Jul 2019 14:18:44:  28000000 
INFO  @ Fri, 26 Jul 2019 14:18:46:  29000000 
INFO  @ Fri, 26 Jul 2019 14:18:47:  30000000 
INFO  @ Fri, 26 Jul 2019 14:18:49:  31000000 
INFO  @ Fri, 26 Jul 2019 14:18:50:  32000000 
INFO  @ Fri, 26 Jul 2019 14:18:51:  33000000 
INFO  @ Fri, 26 Jul 2019 14:18:52:  34000000 
INFO  @ Fri, 26 Jul 2019 14:18:54:  35000000 
INFO  @ Fri, 26 Jul 2019 14:18:55:  36000000 
INFO  @ Fri, 26 Jul 2019 14:18:56:  37000000 
INFO  @ Fri, 26 Jul 2019 14:18:57:  38000000 
INFO  @ Fri, 26 Jul 2019 14:18:59:  39000000 
INFO  @ Fri, 26 Jul 2019 14:19:02: #1 tag size is determined as 75 bps 
INFO  @ Fri, 26 Jul 2019 14:19:02: #1 tag size = 75.0 
INFO  @ Fri, 26 Jul 2019 14:19:02: #1  total tags in treatment: 39096198 
INFO  @ Fri, 26 Jul 2019 14:19:02: #1 finished! 
INFO  @ Fri, 26 Jul 2019 14:19:02: #2 Build Peak Model... 
INFO  @ Fri, 26 Jul 2019 14:19:02: #2 Skipped... 
INFO  @ Fri, 26 Jul 2019 14:19:02: #2 Use 73 as fragment length 
INFO  @ Fri, 26 Jul 2019 14:19:02: #2 Sequencing ends will be shifted towards 5' by 37 bp(s) 
INFO  @ Fri, 26 Jul 2019 14:19:02: #3 Call peaks... 
INFO  @ Fri, 26 Jul 2019 14:19:02: #3 Call peaks with given -log10pvalue cutoff: 1.00000 ... 
INFO  @ Fri, 26 Jul 2019 14:19:02: #3 Pre-compute pvalue-qvalue table... 
INFO  @ Fri, 26 Jul 2019 14:20:56: #3 Call peaks for each chromosome... 
INFO  @ Fri, 26 Jul 2019 14:22:07: #4 Write output xls file... /home/yuanh/analysis/WI38_ATAC/process/macs2out/PDL20_TP1_std_A_S10_peaks.xls 
INFO  @ Fri, 26 Jul 2019 14:22:19: #4 Write peak in narrowPeak format file... /home/yuanh/analysis/WI38_ATAC/process/macs2out/PDL20_TP1_std_A_S10_peaks.narrowPeak 
INFO  @ Fri, 26 Jul 2019 14:22:28: #4 Write summits bed file... /home/yuanh/analysis/WI38_ATAC/process/macs2out/PDL20_TP1_std_A_S10_summits.bed 
INFO  @ Fri, 26 Jul 2019 14:22:33: Done! 
