INFO  @ Fri, 26 Jul 2019 14:18:01: 
# Command line: callpeak -t /home/yuanh/analysis/WI38_ATAC/process/shift_bed/PDL20_TP1_omni_A_S4_SE.bed -f BED -n PDL20_TP1_omni_A_S4 --outdir /home/yuanh/analysis/WI38_ATAC/process/macs2out/ --keep-dup all -g hs -p 1e-1 --nomodel --shift -37 --extsize 73
# ARGUMENTS LIST:
# name = PDL20_TP1_omni_A_S4
# format = BED
# ChIP-seq file = ['/home/yuanh/analysis/WI38_ATAC/process/shift_bed/PDL20_TP1_omni_A_S4_SE.bed']
# control file = None
# effective genome size = 2.70e+09
# band width = 300
# model fold = [5, 50]
# pvalue cutoff = 1.00e-01
# qvalue will not be calculated and reported as -1 in the final output.
# The maximum gap between significant sites is assigned as the read length/tag size.
# The minimum length of peaks is assigned as the predicted fragment length "d".
# Larger dataset will be scaled towards smaller dataset.
# Range for calculating regional lambda is: 10000 bps
# Broad region calling is off
# Paired-End mode is off
 
INFO  @ Fri, 26 Jul 2019 14:18:01: #1 read tag files... 
INFO  @ Fri, 26 Jul 2019 14:18:01: #1 read treatment tags... 
INFO  @ Fri, 26 Jul 2019 14:18:03:  1000000 
INFO  @ Fri, 26 Jul 2019 14:18:05:  2000000 
INFO  @ Fri, 26 Jul 2019 14:18:06:  3000000 
INFO  @ Fri, 26 Jul 2019 14:18:07:  4000000 
INFO  @ Fri, 26 Jul 2019 14:18:09:  5000000 
INFO  @ Fri, 26 Jul 2019 14:18:10:  6000000 
INFO  @ Fri, 26 Jul 2019 14:18:12:  7000000 
INFO  @ Fri, 26 Jul 2019 14:18:14:  8000000 
INFO  @ Fri, 26 Jul 2019 14:18:15:  9000000 
INFO  @ Fri, 26 Jul 2019 14:18:17:  10000000 
INFO  @ Fri, 26 Jul 2019 14:18:19:  11000000 
INFO  @ Fri, 26 Jul 2019 14:18:20:  12000000 
INFO  @ Fri, 26 Jul 2019 14:18:22:  13000000 
INFO  @ Fri, 26 Jul 2019 14:18:23:  14000000 
INFO  @ Fri, 26 Jul 2019 14:18:25:  15000000 
INFO  @ Fri, 26 Jul 2019 14:18:26:  16000000 
INFO  @ Fri, 26 Jul 2019 14:18:28:  17000000 
INFO  @ Fri, 26 Jul 2019 14:18:29:  18000000 
INFO  @ Fri, 26 Jul 2019 14:18:31:  19000000 
INFO  @ Fri, 26 Jul 2019 14:18:32:  20000000 
INFO  @ Fri, 26 Jul 2019 14:18:33:  21000000 
INFO  @ Fri, 26 Jul 2019 14:18:35:  22000000 
INFO  @ Fri, 26 Jul 2019 14:18:36:  23000000 
INFO  @ Fri, 26 Jul 2019 14:18:38:  24000000 
INFO  @ Fri, 26 Jul 2019 14:18:39:  25000000 
INFO  @ Fri, 26 Jul 2019 14:18:41:  26000000 
INFO  @ Fri, 26 Jul 2019 14:18:43:  27000000 
INFO  @ Fri, 26 Jul 2019 14:18:44:  28000000 
INFO  @ Fri, 26 Jul 2019 14:18:45:  29000000 
INFO  @ Fri, 26 Jul 2019 14:18:47:  30000000 
INFO  @ Fri, 26 Jul 2019 14:18:48:  31000000 
INFO  @ Fri, 26 Jul 2019 14:18:49:  32000000 
INFO  @ Fri, 26 Jul 2019 14:18:50:  33000000 
INFO  @ Fri, 26 Jul 2019 14:18:52:  34000000 
INFO  @ Fri, 26 Jul 2019 14:18:53:  35000000 
INFO  @ Fri, 26 Jul 2019 14:18:54:  36000000 
INFO  @ Fri, 26 Jul 2019 14:18:56:  37000000 
INFO  @ Fri, 26 Jul 2019 14:18:57:  38000000 
INFO  @ Fri, 26 Jul 2019 14:18:58:  39000000 
INFO  @ Fri, 26 Jul 2019 14:18:59:  40000000 
INFO  @ Fri, 26 Jul 2019 14:19:00:  41000000 
INFO  @ Fri, 26 Jul 2019 14:19:02:  42000000 
INFO  @ Fri, 26 Jul 2019 14:19:03:  43000000 
INFO  @ Fri, 26 Jul 2019 14:19:04:  44000000 
INFO  @ Fri, 26 Jul 2019 14:19:05:  45000000 
INFO  @ Fri, 26 Jul 2019 14:19:07:  46000000 
INFO  @ Fri, 26 Jul 2019 14:19:08:  47000000 
INFO  @ Fri, 26 Jul 2019 14:19:09:  48000000 
INFO  @ Fri, 26 Jul 2019 14:19:10:  49000000 
INFO  @ Fri, 26 Jul 2019 14:19:11:  50000000 
INFO  @ Fri, 26 Jul 2019 14:19:12:  51000000 
INFO  @ Fri, 26 Jul 2019 14:19:14:  52000000 
INFO  @ Fri, 26 Jul 2019 14:19:15:  53000000 
INFO  @ Fri, 26 Jul 2019 14:19:16:  54000000 
INFO  @ Fri, 26 Jul 2019 14:19:17:  55000000 
INFO  @ Fri, 26 Jul 2019 14:19:18:  56000000 
INFO  @ Fri, 26 Jul 2019 14:19:19:  57000000 
INFO  @ Fri, 26 Jul 2019 14:19:21:  58000000 
INFO  @ Fri, 26 Jul 2019 14:19:22:  59000000 
INFO  @ Fri, 26 Jul 2019 14:19:23:  60000000 
INFO  @ Fri, 26 Jul 2019 14:19:24:  61000000 
INFO  @ Fri, 26 Jul 2019 14:19:25:  62000000 
INFO  @ Fri, 26 Jul 2019 14:19:27:  63000000 
INFO  @ Fri, 26 Jul 2019 14:19:28:  64000000 
INFO  @ Fri, 26 Jul 2019 14:19:29:  65000000 
INFO  @ Fri, 26 Jul 2019 14:19:30:  66000000 
INFO  @ Fri, 26 Jul 2019 14:19:31:  67000000 
INFO  @ Fri, 26 Jul 2019 14:19:33:  68000000 
INFO  @ Fri, 26 Jul 2019 14:19:34:  69000000 
INFO  @ Fri, 26 Jul 2019 14:19:35:  70000000 
INFO  @ Fri, 26 Jul 2019 14:19:36:  71000000 
INFO  @ Fri, 26 Jul 2019 14:19:37:  72000000 
INFO  @ Fri, 26 Jul 2019 14:19:38:  73000000 
INFO  @ Fri, 26 Jul 2019 14:19:40:  74000000 
INFO  @ Fri, 26 Jul 2019 14:19:41:  75000000 
INFO  @ Fri, 26 Jul 2019 14:19:42:  76000000 
INFO  @ Fri, 26 Jul 2019 14:19:43:  77000000 
INFO  @ Fri, 26 Jul 2019 14:19:50: #1 tag size is determined as 83 bps 
INFO  @ Fri, 26 Jul 2019 14:19:50: #1 tag size = 83.0 
INFO  @ Fri, 26 Jul 2019 14:19:50: #1  total tags in treatment: 77404134 
INFO  @ Fri, 26 Jul 2019 14:19:50: #1 finished! 
INFO  @ Fri, 26 Jul 2019 14:19:50: #2 Build Peak Model... 
INFO  @ Fri, 26 Jul 2019 14:19:50: #2 Skipped... 
INFO  @ Fri, 26 Jul 2019 14:19:50: #2 Use 73 as fragment length 
INFO  @ Fri, 26 Jul 2019 14:19:50: #2 Sequencing ends will be shifted towards 5' by 37 bp(s) 
INFO  @ Fri, 26 Jul 2019 14:19:50: #3 Call peaks... 
INFO  @ Fri, 26 Jul 2019 14:19:50: #3 Call peaks with given -log10pvalue cutoff: 1.00000 ... 
INFO  @ Fri, 26 Jul 2019 14:19:50: #3 Pre-compute pvalue-qvalue table... 
INFO  @ Fri, 26 Jul 2019 14:23:06: #3 Call peaks for each chromosome... 
INFO  @ Fri, 26 Jul 2019 14:24:35: #4 Write output xls file... /home/yuanh/analysis/WI38_ATAC/process/macs2out/PDL20_TP1_omni_A_S4_peaks.xls 
INFO  @ Fri, 26 Jul 2019 14:24:39: #4 Write peak in narrowPeak format file... /home/yuanh/analysis/WI38_ATAC/process/macs2out/PDL20_TP1_omni_A_S4_peaks.narrowPeak 
INFO  @ Fri, 26 Jul 2019 14:24:42: #4 Write summits bed file... /home/yuanh/analysis/WI38_ATAC/process/macs2out/PDL20_TP1_omni_A_S4_summits.bed 
INFO  @ Fri, 26 Jul 2019 14:24:44: Done! 
