INFO  @ Fri, 26 Jul 2019 14:17:44: 
# Command line: callpeak -t /home/yuanh/analysis/WI38_ATAC/process/shift_bed/PDL25_TP2_omni_A_S16_SE.bed -f BED -n PDL25_TP2_omni_A_S16 --outdir /home/yuanh/analysis/WI38_ATAC/process/macs2out/ --keep-dup all -g hs -p 1e-1 --nomodel --shift -37 --extsize 73
# ARGUMENTS LIST:
# name = PDL25_TP2_omni_A_S16
# format = BED
# ChIP-seq file = ['/home/yuanh/analysis/WI38_ATAC/process/shift_bed/PDL25_TP2_omni_A_S16_SE.bed']
# control file = None
# effective genome size = 2.70e+09
# band width = 300
# model fold = [5, 50]
# pvalue cutoff = 1.00e-01
# qvalue will not be calculated and reported as -1 in the final output.
# The maximum gap between significant sites is assigned as the read length/tag size.
# The minimum length of peaks is assigned as the predicted fragment length "d".
# Larger dataset will be scaled towards smaller dataset.
# Range for calculating regional lambda is: 10000 bps
# Broad region calling is off
# Paired-End mode is off
 
INFO  @ Fri, 26 Jul 2019 14:17:44: #1 read tag files... 
INFO  @ Fri, 26 Jul 2019 14:17:44: #1 read treatment tags... 
INFO  @ Fri, 26 Jul 2019 14:17:45:  1000000 
INFO  @ Fri, 26 Jul 2019 14:17:46:  2000000 
INFO  @ Fri, 26 Jul 2019 14:17:48:  3000000 
INFO  @ Fri, 26 Jul 2019 14:17:49:  4000000 
INFO  @ Fri, 26 Jul 2019 14:17:50:  5000000 
INFO  @ Fri, 26 Jul 2019 14:17:51:  6000000 
INFO  @ Fri, 26 Jul 2019 14:17:53:  7000000 
INFO  @ Fri, 26 Jul 2019 14:17:54:  8000000 
INFO  @ Fri, 26 Jul 2019 14:17:55:  9000000 
INFO  @ Fri, 26 Jul 2019 14:17:56:  10000000 
INFO  @ Fri, 26 Jul 2019 14:17:57:  11000000 
INFO  @ Fri, 26 Jul 2019 14:17:58:  12000000 
INFO  @ Fri, 26 Jul 2019 14:17:59:  13000000 
INFO  @ Fri, 26 Jul 2019 14:18:00:  14000000 
INFO  @ Fri, 26 Jul 2019 14:18:02:  15000000 
INFO  @ Fri, 26 Jul 2019 14:18:03:  16000000 
INFO  @ Fri, 26 Jul 2019 14:18:05:  17000000 
INFO  @ Fri, 26 Jul 2019 14:18:06:  18000000 
INFO  @ Fri, 26 Jul 2019 14:18:07:  19000000 
INFO  @ Fri, 26 Jul 2019 14:18:08:  20000000 
INFO  @ Fri, 26 Jul 2019 14:18:09:  21000000 
INFO  @ Fri, 26 Jul 2019 14:18:11:  22000000 
INFO  @ Fri, 26 Jul 2019 14:18:12:  23000000 
INFO  @ Fri, 26 Jul 2019 14:18:13:  24000000 
INFO  @ Fri, 26 Jul 2019 14:18:14:  25000000 
INFO  @ Fri, 26 Jul 2019 14:18:15:  26000000 
INFO  @ Fri, 26 Jul 2019 14:18:16:  27000000 
INFO  @ Fri, 26 Jul 2019 14:18:17:  28000000 
INFO  @ Fri, 26 Jul 2019 14:18:18:  29000000 
INFO  @ Fri, 26 Jul 2019 14:18:20:  30000000 
INFO  @ Fri, 26 Jul 2019 14:18:21:  31000000 
INFO  @ Fri, 26 Jul 2019 14:18:22:  32000000 
INFO  @ Fri, 26 Jul 2019 14:18:23:  33000000 
INFO  @ Fri, 26 Jul 2019 14:18:24:  34000000 
INFO  @ Fri, 26 Jul 2019 14:18:25:  35000000 
INFO  @ Fri, 26 Jul 2019 14:18:27:  36000000 
INFO  @ Fri, 26 Jul 2019 14:18:28:  37000000 
INFO  @ Fri, 26 Jul 2019 14:18:29:  38000000 
INFO  @ Fri, 26 Jul 2019 14:18:30:  39000000 
INFO  @ Fri, 26 Jul 2019 14:18:31:  40000000 
INFO  @ Fri, 26 Jul 2019 14:18:32:  41000000 
INFO  @ Fri, 26 Jul 2019 14:18:33:  42000000 
INFO  @ Fri, 26 Jul 2019 14:18:35:  43000000 
INFO  @ Fri, 26 Jul 2019 14:18:36:  44000000 
INFO  @ Fri, 26 Jul 2019 14:18:37:  45000000 
INFO  @ Fri, 26 Jul 2019 14:18:38:  46000000 
INFO  @ Fri, 26 Jul 2019 14:18:40:  47000000 
INFO  @ Fri, 26 Jul 2019 14:18:41:  48000000 
INFO  @ Fri, 26 Jul 2019 14:18:42:  49000000 
INFO  @ Fri, 26 Jul 2019 14:18:43:  50000000 
INFO  @ Fri, 26 Jul 2019 14:18:44:  51000000 
INFO  @ Fri, 26 Jul 2019 14:18:46:  52000000 
INFO  @ Fri, 26 Jul 2019 14:18:47:  53000000 
INFO  @ Fri, 26 Jul 2019 14:18:48:  54000000 
INFO  @ Fri, 26 Jul 2019 14:18:49:  55000000 
INFO  @ Fri, 26 Jul 2019 14:18:50:  56000000 
INFO  @ Fri, 26 Jul 2019 14:18:52:  57000000 
INFO  @ Fri, 26 Jul 2019 14:18:53:  58000000 
INFO  @ Fri, 26 Jul 2019 14:18:54:  59000000 
INFO  @ Fri, 26 Jul 2019 14:18:55:  60000000 
INFO  @ Fri, 26 Jul 2019 14:18:56:  61000000 
INFO  @ Fri, 26 Jul 2019 14:18:57:  62000000 
INFO  @ Fri, 26 Jul 2019 14:18:59:  63000000 
INFO  @ Fri, 26 Jul 2019 14:19:00:  64000000 
INFO  @ Fri, 26 Jul 2019 14:19:01:  65000000 
INFO  @ Fri, 26 Jul 2019 14:19:02:  66000000 
INFO  @ Fri, 26 Jul 2019 14:19:03:  67000000 
INFO  @ Fri, 26 Jul 2019 14:19:04:  68000000 
INFO  @ Fri, 26 Jul 2019 14:19:05:  69000000 
INFO  @ Fri, 26 Jul 2019 14:19:07:  70000000 
INFO  @ Fri, 26 Jul 2019 14:19:08:  71000000 
INFO  @ Fri, 26 Jul 2019 14:19:09:  72000000 
INFO  @ Fri, 26 Jul 2019 14:19:10:  73000000 
INFO  @ Fri, 26 Jul 2019 14:19:11:  74000000 
INFO  @ Fri, 26 Jul 2019 14:19:12:  75000000 
INFO  @ Fri, 26 Jul 2019 14:19:19: #1 tag size is determined as 67 bps 
INFO  @ Fri, 26 Jul 2019 14:19:19: #1 tag size = 67.0 
INFO  @ Fri, 26 Jul 2019 14:19:19: #1  total tags in treatment: 75994860 
INFO  @ Fri, 26 Jul 2019 14:19:19: #1 finished! 
INFO  @ Fri, 26 Jul 2019 14:19:19: #2 Build Peak Model... 
INFO  @ Fri, 26 Jul 2019 14:19:19: #2 Skipped... 
INFO  @ Fri, 26 Jul 2019 14:19:19: #2 Use 73 as fragment length 
INFO  @ Fri, 26 Jul 2019 14:19:19: #2 Sequencing ends will be shifted towards 5' by 37 bp(s) 
INFO  @ Fri, 26 Jul 2019 14:19:19: #3 Call peaks... 
INFO  @ Fri, 26 Jul 2019 14:19:19: #3 Call peaks with given -log10pvalue cutoff: 1.00000 ... 
INFO  @ Fri, 26 Jul 2019 14:19:19: #3 Pre-compute pvalue-qvalue table... 
INFO  @ Fri, 26 Jul 2019 14:22:54: #3 Call peaks for each chromosome... 
INFO  @ Fri, 26 Jul 2019 14:24:34: #4 Write output xls file... /home/yuanh/analysis/WI38_ATAC/process/macs2out/PDL25_TP2_omni_A_S16_peaks.xls 
INFO  @ Fri, 26 Jul 2019 14:24:39: #4 Write peak in narrowPeak format file... /home/yuanh/analysis/WI38_ATAC/process/macs2out/PDL25_TP2_omni_A_S16_peaks.narrowPeak 
INFO  @ Fri, 26 Jul 2019 14:24:43: #4 Write summits bed file... /home/yuanh/analysis/WI38_ATAC/process/macs2out/PDL25_TP2_omni_A_S16_summits.bed 
INFO  @ Fri, 26 Jul 2019 14:24:46: Done! 
