INFO  @ Fri, 26 Jul 2019 14:17:44: 
# Command line: callpeak -t /home/yuanh/analysis/WI38_ATAC/process/shift_bed/PDL25_TP2_std_B_S22_SE.bed -f BED -n PDL25_TP2_std_B_S22 --outdir /home/yuanh/analysis/WI38_ATAC/process/macs2out/ --keep-dup all -g hs -p 1e-1 --nomodel --shift -37 --extsize 73
# ARGUMENTS LIST:
# name = PDL25_TP2_std_B_S22
# format = BED
# ChIP-seq file = ['/home/yuanh/analysis/WI38_ATAC/process/shift_bed/PDL25_TP2_std_B_S22_SE.bed']
# control file = None
# effective genome size = 2.70e+09
# band width = 300
# model fold = [5, 50]
# pvalue cutoff = 1.00e-01
# qvalue will not be calculated and reported as -1 in the final output.
# The maximum gap between significant sites is assigned as the read length/tag size.
# The minimum length of peaks is assigned as the predicted fragment length "d".
# Larger dataset will be scaled towards smaller dataset.
# Range for calculating regional lambda is: 10000 bps
# Broad region calling is off
# Paired-End mode is off
 
INFO  @ Fri, 26 Jul 2019 14:17:44: #1 read tag files... 
INFO  @ Fri, 26 Jul 2019 14:17:44: #1 read treatment tags... 
INFO  @ Fri, 26 Jul 2019 14:17:45:  1000000 
INFO  @ Fri, 26 Jul 2019 14:17:47:  2000000 
INFO  @ Fri, 26 Jul 2019 14:17:49:  3000000 
INFO  @ Fri, 26 Jul 2019 14:17:50:  4000000 
INFO  @ Fri, 26 Jul 2019 14:17:51:  5000000 
INFO  @ Fri, 26 Jul 2019 14:17:53:  6000000 
INFO  @ Fri, 26 Jul 2019 14:17:54:  7000000 
INFO  @ Fri, 26 Jul 2019 14:17:56:  8000000 
INFO  @ Fri, 26 Jul 2019 14:17:57:  9000000 
INFO  @ Fri, 26 Jul 2019 14:17:59:  10000000 
INFO  @ Fri, 26 Jul 2019 14:18:00:  11000000 
INFO  @ Fri, 26 Jul 2019 14:18:02:  12000000 
INFO  @ Fri, 26 Jul 2019 14:18:03:  13000000 
INFO  @ Fri, 26 Jul 2019 14:18:05:  14000000 
INFO  @ Fri, 26 Jul 2019 14:18:06:  15000000 
INFO  @ Fri, 26 Jul 2019 14:18:08:  16000000 
INFO  @ Fri, 26 Jul 2019 14:18:10:  17000000 
INFO  @ Fri, 26 Jul 2019 14:18:12:  18000000 
INFO  @ Fri, 26 Jul 2019 14:18:13:  19000000 
INFO  @ Fri, 26 Jul 2019 14:18:15:  20000000 
INFO  @ Fri, 26 Jul 2019 14:18:17:  21000000 
INFO  @ Fri, 26 Jul 2019 14:18:18:  22000000 
INFO  @ Fri, 26 Jul 2019 14:18:20:  23000000 
INFO  @ Fri, 26 Jul 2019 14:18:21:  24000000 
INFO  @ Fri, 26 Jul 2019 14:18:23:  25000000 
INFO  @ Fri, 26 Jul 2019 14:18:24:  26000000 
INFO  @ Fri, 26 Jul 2019 14:18:26:  27000000 
INFO  @ Fri, 26 Jul 2019 14:18:27:  28000000 
INFO  @ Fri, 26 Jul 2019 14:18:29:  29000000 
INFO  @ Fri, 26 Jul 2019 14:18:30:  30000000 
INFO  @ Fri, 26 Jul 2019 14:18:32:  31000000 
INFO  @ Fri, 26 Jul 2019 14:18:33:  32000000 
INFO  @ Fri, 26 Jul 2019 14:18:35:  33000000 
INFO  @ Fri, 26 Jul 2019 14:18:37:  34000000 
INFO  @ Fri, 26 Jul 2019 14:18:39:  35000000 
INFO  @ Fri, 26 Jul 2019 14:18:41:  36000000 
INFO  @ Fri, 26 Jul 2019 14:18:42:  37000000 
INFO  @ Fri, 26 Jul 2019 14:18:44:  38000000 
INFO  @ Fri, 26 Jul 2019 14:18:45:  39000000 
INFO  @ Fri, 26 Jul 2019 14:18:47:  40000000 
INFO  @ Fri, 26 Jul 2019 14:18:48:  41000000 
INFO  @ Fri, 26 Jul 2019 14:18:50:  42000000 
INFO  @ Fri, 26 Jul 2019 14:18:51:  43000000 
INFO  @ Fri, 26 Jul 2019 14:18:53:  44000000 
INFO  @ Fri, 26 Jul 2019 14:18:54:  45000000 
INFO  @ Fri, 26 Jul 2019 14:18:56:  46000000 
INFO  @ Fri, 26 Jul 2019 14:18:57:  47000000 
INFO  @ Fri, 26 Jul 2019 14:18:59:  48000000 
INFO  @ Fri, 26 Jul 2019 14:19:00:  49000000 
INFO  @ Fri, 26 Jul 2019 14:19:02:  50000000 
INFO  @ Fri, 26 Jul 2019 14:19:03:  51000000 
INFO  @ Fri, 26 Jul 2019 14:19:05:  52000000 
INFO  @ Fri, 26 Jul 2019 14:19:06:  53000000 
INFO  @ Fri, 26 Jul 2019 14:19:07:  54000000 
INFO  @ Fri, 26 Jul 2019 14:19:09:  55000000 
INFO  @ Fri, 26 Jul 2019 14:19:10:  56000000 
INFO  @ Fri, 26 Jul 2019 14:19:12:  57000000 
INFO  @ Fri, 26 Jul 2019 14:19:13:  58000000 
INFO  @ Fri, 26 Jul 2019 14:19:15:  59000000 
INFO  @ Fri, 26 Jul 2019 14:19:16:  60000000 
INFO  @ Fri, 26 Jul 2019 14:19:18:  61000000 
INFO  @ Fri, 26 Jul 2019 14:19:23: #1 tag size is determined as 110 bps 
INFO  @ Fri, 26 Jul 2019 14:19:23: #1 tag size = 110.0 
INFO  @ Fri, 26 Jul 2019 14:19:23: #1  total tags in treatment: 61153522 
INFO  @ Fri, 26 Jul 2019 14:19:23: #1 finished! 
INFO  @ Fri, 26 Jul 2019 14:19:23: #2 Build Peak Model... 
INFO  @ Fri, 26 Jul 2019 14:19:23: #2 Skipped... 
INFO  @ Fri, 26 Jul 2019 14:19:23: #2 Use 73 as fragment length 
INFO  @ Fri, 26 Jul 2019 14:19:23: #2 Sequencing ends will be shifted towards 5' by 37 bp(s) 
INFO  @ Fri, 26 Jul 2019 14:19:23: #3 Call peaks... 
INFO  @ Fri, 26 Jul 2019 14:19:23: #3 Call peaks with given -log10pvalue cutoff: 1.00000 ... 
INFO  @ Fri, 26 Jul 2019 14:19:23: #3 Pre-compute pvalue-qvalue table... 
INFO  @ Fri, 26 Jul 2019 14:22:33: #3 Call peaks for each chromosome... 
INFO  @ Fri, 26 Jul 2019 14:24:17: #4 Write output xls file... /home/yuanh/analysis/WI38_ATAC/process/macs2out/PDL25_TP2_std_B_S22_peaks.xls 
INFO  @ Fri, 26 Jul 2019 14:24:28: #4 Write peak in narrowPeak format file... /home/yuanh/analysis/WI38_ATAC/process/macs2out/PDL25_TP2_std_B_S22_peaks.narrowPeak 
INFO  @ Fri, 26 Jul 2019 14:24:36: #4 Write summits bed file... /home/yuanh/analysis/WI38_ATAC/process/macs2out/PDL25_TP2_std_B_S22_summits.bed 
INFO  @ Fri, 26 Jul 2019 14:24:41: Done! 
