INFO  @ Fri, 26 Jul 2019 14:17:44: 
# Command line: callpeak -t /home/yuanh/analysis/WI38_ATAC/process/shift_bed/PDL37_TP5_omni_A_S36_SE.bed -f BED -n PDL37_TP5_omni_A_S36 --outdir /home/yuanh/analysis/WI38_ATAC/process/macs2out/ --keep-dup all -g hs -p 1e-1 --nomodel --shift -37 --extsize 73
# ARGUMENTS LIST:
# name = PDL37_TP5_omni_A_S36
# format = BED
# ChIP-seq file = ['/home/yuanh/analysis/WI38_ATAC/process/shift_bed/PDL37_TP5_omni_A_S36_SE.bed']
# control file = None
# effective genome size = 2.70e+09
# band width = 300
# model fold = [5, 50]
# pvalue cutoff = 1.00e-01
# qvalue will not be calculated and reported as -1 in the final output.
# The maximum gap between significant sites is assigned as the read length/tag size.
# The minimum length of peaks is assigned as the predicted fragment length "d".
# Larger dataset will be scaled towards smaller dataset.
# Range for calculating regional lambda is: 10000 bps
# Broad region calling is off
# Paired-End mode is off
 
INFO  @ Fri, 26 Jul 2019 14:17:44: #1 read tag files... 
INFO  @ Fri, 26 Jul 2019 14:17:44: #1 read treatment tags... 
INFO  @ Fri, 26 Jul 2019 14:17:46:  1000000 
INFO  @ Fri, 26 Jul 2019 14:17:48:  2000000 
INFO  @ Fri, 26 Jul 2019 14:17:50:  3000000 
INFO  @ Fri, 26 Jul 2019 14:17:53:  4000000 
INFO  @ Fri, 26 Jul 2019 14:17:55:  5000000 
INFO  @ Fri, 26 Jul 2019 14:17:57:  6000000 
INFO  @ Fri, 26 Jul 2019 14:17:59:  7000000 
INFO  @ Fri, 26 Jul 2019 14:18:01:  8000000 
INFO  @ Fri, 26 Jul 2019 14:18:03:  9000000 
INFO  @ Fri, 26 Jul 2019 14:18:05:  10000000 
INFO  @ Fri, 26 Jul 2019 14:18:07:  11000000 
INFO  @ Fri, 26 Jul 2019 14:18:09:  12000000 
INFO  @ Fri, 26 Jul 2019 14:18:12:  13000000 
INFO  @ Fri, 26 Jul 2019 14:18:14:  14000000 
INFO  @ Fri, 26 Jul 2019 14:18:16:  15000000 
INFO  @ Fri, 26 Jul 2019 14:18:17:  16000000 
INFO  @ Fri, 26 Jul 2019 14:18:19:  17000000 
INFO  @ Fri, 26 Jul 2019 14:18:21:  18000000 
INFO  @ Fri, 26 Jul 2019 14:18:23:  19000000 
INFO  @ Fri, 26 Jul 2019 14:18:25:  20000000 
INFO  @ Fri, 26 Jul 2019 14:18:27:  21000000 
INFO  @ Fri, 26 Jul 2019 14:18:29:  22000000 
INFO  @ Fri, 26 Jul 2019 14:18:30:  23000000 
INFO  @ Fri, 26 Jul 2019 14:18:32:  24000000 
INFO  @ Fri, 26 Jul 2019 14:18:34:  25000000 
INFO  @ Fri, 26 Jul 2019 14:18:35:  26000000 
INFO  @ Fri, 26 Jul 2019 14:18:37:  27000000 
INFO  @ Fri, 26 Jul 2019 14:18:38:  28000000 
INFO  @ Fri, 26 Jul 2019 14:18:40:  29000000 
INFO  @ Fri, 26 Jul 2019 14:18:43: #1 tag size is determined as 116 bps 
INFO  @ Fri, 26 Jul 2019 14:18:43: #1 tag size = 116.0 
INFO  @ Fri, 26 Jul 2019 14:18:43: #1  total tags in treatment: 29713326 
INFO  @ Fri, 26 Jul 2019 14:18:43: #1 finished! 
INFO  @ Fri, 26 Jul 2019 14:18:43: #2 Build Peak Model... 
INFO  @ Fri, 26 Jul 2019 14:18:43: #2 Skipped... 
INFO  @ Fri, 26 Jul 2019 14:18:43: #2 Use 73 as fragment length 
INFO  @ Fri, 26 Jul 2019 14:18:43: #2 Sequencing ends will be shifted towards 5' by 37 bp(s) 
INFO  @ Fri, 26 Jul 2019 14:18:43: #3 Call peaks... 
INFO  @ Fri, 26 Jul 2019 14:18:43: #3 Call peaks with given -log10pvalue cutoff: 1.00000 ... 
INFO  @ Fri, 26 Jul 2019 14:18:43: #3 Pre-compute pvalue-qvalue table... 
INFO  @ Fri, 26 Jul 2019 14:20:29: #3 Call peaks for each chromosome... 
INFO  @ Fri, 26 Jul 2019 14:21:31: #4 Write output xls file... /home/yuanh/analysis/WI38_ATAC/process/macs2out/PDL37_TP5_omni_A_S36_peaks.xls 
INFO  @ Fri, 26 Jul 2019 14:21:40: #4 Write peak in narrowPeak format file... /home/yuanh/analysis/WI38_ATAC/process/macs2out/PDL37_TP5_omni_A_S36_peaks.narrowPeak 
INFO  @ Fri, 26 Jul 2019 14:21:46: #4 Write summits bed file... /home/yuanh/analysis/WI38_ATAC/process/macs2out/PDL37_TP5_omni_A_S36_summits.bed 
INFO  @ Fri, 26 Jul 2019 14:21:49: Done! 
