INFO  @ Fri, 26 Jul 2019 14:17:44: 
# Command line: callpeak -t /home/yuanh/analysis/WI38_ATAC/process/shift_bed/PDL30_TP3_omni_C_S26_SE.bed -f BED -n PDL30_TP3_omni_C_S26 --outdir /home/yuanh/analysis/WI38_ATAC/process/macs2out/ --keep-dup all -g hs -p 1e-1 --nomodel --shift -37 --extsize 73
# ARGUMENTS LIST:
# name = PDL30_TP3_omni_C_S26
# format = BED
# ChIP-seq file = ['/home/yuanh/analysis/WI38_ATAC/process/shift_bed/PDL30_TP3_omni_C_S26_SE.bed']
# control file = None
# effective genome size = 2.70e+09
# band width = 300
# model fold = [5, 50]
# pvalue cutoff = 1.00e-01
# qvalue will not be calculated and reported as -1 in the final output.
# The maximum gap between significant sites is assigned as the read length/tag size.
# The minimum length of peaks is assigned as the predicted fragment length "d".
# Larger dataset will be scaled towards smaller dataset.
# Range for calculating regional lambda is: 10000 bps
# Broad region calling is off
# Paired-End mode is off
 
INFO  @ Fri, 26 Jul 2019 14:17:44: #1 read tag files... 
INFO  @ Fri, 26 Jul 2019 14:17:44: #1 read treatment tags... 
INFO  @ Fri, 26 Jul 2019 14:17:45:  1000000 
INFO  @ Fri, 26 Jul 2019 14:17:47:  2000000 
INFO  @ Fri, 26 Jul 2019 14:17:50:  3000000 
INFO  @ Fri, 26 Jul 2019 14:17:51:  4000000 
INFO  @ Fri, 26 Jul 2019 14:17:52:  5000000 
INFO  @ Fri, 26 Jul 2019 14:17:54:  6000000 
INFO  @ Fri, 26 Jul 2019 14:17:55:  7000000 
INFO  @ Fri, 26 Jul 2019 14:17:56:  8000000 
INFO  @ Fri, 26 Jul 2019 14:17:57:  9000000 
INFO  @ Fri, 26 Jul 2019 14:17:58:  10000000 
INFO  @ Fri, 26 Jul 2019 14:18:00:  11000000 
INFO  @ Fri, 26 Jul 2019 14:18:01:  12000000 
INFO  @ Fri, 26 Jul 2019 14:18:02:  13000000 
INFO  @ Fri, 26 Jul 2019 14:18:03:  14000000 
INFO  @ Fri, 26 Jul 2019 14:18:05:  15000000 
INFO  @ Fri, 26 Jul 2019 14:18:06:  16000000 
INFO  @ Fri, 26 Jul 2019 14:18:08:  17000000 
INFO  @ Fri, 26 Jul 2019 14:18:10:  18000000 
INFO  @ Fri, 26 Jul 2019 14:18:11:  19000000 
INFO  @ Fri, 26 Jul 2019 14:18:13:  20000000 
INFO  @ Fri, 26 Jul 2019 14:18:14:  21000000 
INFO  @ Fri, 26 Jul 2019 14:18:15:  22000000 
INFO  @ Fri, 26 Jul 2019 14:18:17:  23000000 
INFO  @ Fri, 26 Jul 2019 14:18:18:  24000000 
INFO  @ Fri, 26 Jul 2019 14:18:20:  25000000 
INFO  @ Fri, 26 Jul 2019 14:18:21:  26000000 
INFO  @ Fri, 26 Jul 2019 14:18:23:  27000000 
INFO  @ Fri, 26 Jul 2019 14:18:24:  28000000 
INFO  @ Fri, 26 Jul 2019 14:18:25:  29000000 
INFO  @ Fri, 26 Jul 2019 14:18:27:  30000000 
INFO  @ Fri, 26 Jul 2019 14:18:28:  31000000 
INFO  @ Fri, 26 Jul 2019 14:18:29:  32000000 
INFO  @ Fri, 26 Jul 2019 14:18:31:  33000000 
INFO  @ Fri, 26 Jul 2019 14:18:32:  34000000 
INFO  @ Fri, 26 Jul 2019 14:18:34:  35000000 
INFO  @ Fri, 26 Jul 2019 14:18:36:  36000000 
INFO  @ Fri, 26 Jul 2019 14:18:37:  37000000 
INFO  @ Fri, 26 Jul 2019 14:18:39:  38000000 
INFO  @ Fri, 26 Jul 2019 14:18:40:  39000000 
INFO  @ Fri, 26 Jul 2019 14:18:41:  40000000 
INFO  @ Fri, 26 Jul 2019 14:18:42:  41000000 
INFO  @ Fri, 26 Jul 2019 14:18:44:  42000000 
INFO  @ Fri, 26 Jul 2019 14:18:45:  43000000 
INFO  @ Fri, 26 Jul 2019 14:18:46:  44000000 
INFO  @ Fri, 26 Jul 2019 14:18:47:  45000000 
INFO  @ Fri, 26 Jul 2019 14:18:49:  46000000 
INFO  @ Fri, 26 Jul 2019 14:18:50:  47000000 
INFO  @ Fri, 26 Jul 2019 14:18:51:  48000000 
INFO  @ Fri, 26 Jul 2019 14:18:53:  49000000 
INFO  @ Fri, 26 Jul 2019 14:18:54:  50000000 
INFO  @ Fri, 26 Jul 2019 14:18:55:  51000000 
INFO  @ Fri, 26 Jul 2019 14:18:56:  52000000 
INFO  @ Fri, 26 Jul 2019 14:18:57:  53000000 
INFO  @ Fri, 26 Jul 2019 14:18:58:  54000000 
INFO  @ Fri, 26 Jul 2019 14:18:59:  55000000 
INFO  @ Fri, 26 Jul 2019 14:19:01:  56000000 
INFO  @ Fri, 26 Jul 2019 14:19:02:  57000000 
INFO  @ Fri, 26 Jul 2019 14:19:03:  58000000 
INFO  @ Fri, 26 Jul 2019 14:19:04:  59000000 
INFO  @ Fri, 26 Jul 2019 14:19:05:  60000000 
INFO  @ Fri, 26 Jul 2019 14:19:07:  61000000 
INFO  @ Fri, 26 Jul 2019 14:19:08:  62000000 
INFO  @ Fri, 26 Jul 2019 14:19:09:  63000000 
INFO  @ Fri, 26 Jul 2019 14:19:10:  64000000 
INFO  @ Fri, 26 Jul 2019 14:19:11:  65000000 
INFO  @ Fri, 26 Jul 2019 14:19:12:  66000000 
INFO  @ Fri, 26 Jul 2019 14:19:14:  67000000 
INFO  @ Fri, 26 Jul 2019 14:19:15:  68000000 
INFO  @ Fri, 26 Jul 2019 14:19:16:  69000000 
INFO  @ Fri, 26 Jul 2019 14:19:17:  70000000 
INFO  @ Fri, 26 Jul 2019 14:19:18:  71000000 
INFO  @ Fri, 26 Jul 2019 14:19:19:  72000000 
INFO  @ Fri, 26 Jul 2019 14:19:20:  73000000 
INFO  @ Fri, 26 Jul 2019 14:19:22:  74000000 
INFO  @ Fri, 26 Jul 2019 14:19:29: #1 tag size is determined as 86 bps 
INFO  @ Fri, 26 Jul 2019 14:19:29: #1 tag size = 86.0 
INFO  @ Fri, 26 Jul 2019 14:19:29: #1  total tags in treatment: 74901946 
INFO  @ Fri, 26 Jul 2019 14:19:29: #1 finished! 
INFO  @ Fri, 26 Jul 2019 14:19:29: #2 Build Peak Model... 
INFO  @ Fri, 26 Jul 2019 14:19:29: #2 Skipped... 
INFO  @ Fri, 26 Jul 2019 14:19:29: #2 Use 73 as fragment length 
INFO  @ Fri, 26 Jul 2019 14:19:29: #2 Sequencing ends will be shifted towards 5' by 37 bp(s) 
INFO  @ Fri, 26 Jul 2019 14:19:29: #3 Call peaks... 
INFO  @ Fri, 26 Jul 2019 14:19:29: #3 Call peaks with given -log10pvalue cutoff: 1.00000 ... 
INFO  @ Fri, 26 Jul 2019 14:19:29: #3 Pre-compute pvalue-qvalue table... 
INFO  @ Fri, 26 Jul 2019 14:22:45: #3 Call peaks for each chromosome... 
INFO  @ Fri, 26 Jul 2019 14:24:15: #4 Write output xls file... /home/yuanh/analysis/WI38_ATAC/process/macs2out/PDL30_TP3_omni_C_S26_peaks.xls 
INFO  @ Fri, 26 Jul 2019 14:24:19: #4 Write peak in narrowPeak format file... /home/yuanh/analysis/WI38_ATAC/process/macs2out/PDL30_TP3_omni_C_S26_peaks.narrowPeak 
INFO  @ Fri, 26 Jul 2019 14:24:22: #4 Write summits bed file... /home/yuanh/analysis/WI38_ATAC/process/macs2out/PDL30_TP3_omni_C_S26_summits.bed 
INFO  @ Fri, 26 Jul 2019 14:24:24: Done! 
