INFO  @ Fri, 26 Jul 2019 14:17:44: 
# Command line: callpeak -t /home/yuanh/analysis/WI38_ATAC/process/shift_bed/PDL37_TP5_omni_C_S38_SE.bed -f BED -n PDL37_TP5_omni_C_S38 --outdir /home/yuanh/analysis/WI38_ATAC/process/macs2out/ --keep-dup all -g hs -p 1e-1 --nomodel --shift -37 --extsize 73
# ARGUMENTS LIST:
# name = PDL37_TP5_omni_C_S38
# format = BED
# ChIP-seq file = ['/home/yuanh/analysis/WI38_ATAC/process/shift_bed/PDL37_TP5_omni_C_S38_SE.bed']
# control file = None
# effective genome size = 2.70e+09
# band width = 300
# model fold = [5, 50]
# pvalue cutoff = 1.00e-01
# qvalue will not be calculated and reported as -1 in the final output.
# The maximum gap between significant sites is assigned as the read length/tag size.
# The minimum length of peaks is assigned as the predicted fragment length "d".
# Larger dataset will be scaled towards smaller dataset.
# Range for calculating regional lambda is: 10000 bps
# Broad region calling is off
# Paired-End mode is off
 
INFO  @ Fri, 26 Jul 2019 14:17:44: #1 read tag files... 
INFO  @ Fri, 26 Jul 2019 14:17:44: #1 read treatment tags... 
INFO  @ Fri, 26 Jul 2019 14:17:45:  1000000 
INFO  @ Fri, 26 Jul 2019 14:17:46:  2000000 
INFO  @ Fri, 26 Jul 2019 14:17:48:  3000000 
INFO  @ Fri, 26 Jul 2019 14:17:49:  4000000 
INFO  @ Fri, 26 Jul 2019 14:17:50:  5000000 
INFO  @ Fri, 26 Jul 2019 14:17:51:  6000000 
INFO  @ Fri, 26 Jul 2019 14:17:52:  7000000 
INFO  @ Fri, 26 Jul 2019 14:17:53:  8000000 
INFO  @ Fri, 26 Jul 2019 14:17:54:  9000000 
INFO  @ Fri, 26 Jul 2019 14:17:55:  10000000 
INFO  @ Fri, 26 Jul 2019 14:17:56:  11000000 
INFO  @ Fri, 26 Jul 2019 14:17:57:  12000000 
INFO  @ Fri, 26 Jul 2019 14:17:58:  13000000 
INFO  @ Fri, 26 Jul 2019 14:17:59:  14000000 
INFO  @ Fri, 26 Jul 2019 14:18:00:  15000000 
INFO  @ Fri, 26 Jul 2019 14:18:01:  16000000 
INFO  @ Fri, 26 Jul 2019 14:18:03:  17000000 
INFO  @ Fri, 26 Jul 2019 14:18:04:  18000000 
INFO  @ Fri, 26 Jul 2019 14:18:05:  19000000 
INFO  @ Fri, 26 Jul 2019 14:18:06:  20000000 
INFO  @ Fri, 26 Jul 2019 14:18:07:  21000000 
INFO  @ Fri, 26 Jul 2019 14:18:08:  22000000 
INFO  @ Fri, 26 Jul 2019 14:18:09:  23000000 
INFO  @ Fri, 26 Jul 2019 14:18:10:  24000000 
INFO  @ Fri, 26 Jul 2019 14:18:11:  25000000 
INFO  @ Fri, 26 Jul 2019 14:18:12:  26000000 
INFO  @ Fri, 26 Jul 2019 14:18:13:  27000000 
INFO  @ Fri, 26 Jul 2019 14:18:14:  28000000 
INFO  @ Fri, 26 Jul 2019 14:18:16: #1 tag size is determined as 81 bps 
INFO  @ Fri, 26 Jul 2019 14:18:16: #1 tag size = 81.0 
INFO  @ Fri, 26 Jul 2019 14:18:16: #1  total tags in treatment: 28407044 
INFO  @ Fri, 26 Jul 2019 14:18:16: #1 finished! 
INFO  @ Fri, 26 Jul 2019 14:18:16: #2 Build Peak Model... 
INFO  @ Fri, 26 Jul 2019 14:18:16: #2 Skipped... 
INFO  @ Fri, 26 Jul 2019 14:18:16: #2 Use 73 as fragment length 
INFO  @ Fri, 26 Jul 2019 14:18:16: #2 Sequencing ends will be shifted towards 5' by 37 bp(s) 
INFO  @ Fri, 26 Jul 2019 14:18:16: #3 Call peaks... 
INFO  @ Fri, 26 Jul 2019 14:18:16: #3 Call peaks with given -log10pvalue cutoff: 1.00000 ... 
INFO  @ Fri, 26 Jul 2019 14:18:16: #3 Pre-compute pvalue-qvalue table... 
INFO  @ Fri, 26 Jul 2019 14:19:23: #3 Call peaks for each chromosome... 
INFO  @ Fri, 26 Jul 2019 14:20:06: #4 Write output xls file... /home/yuanh/analysis/WI38_ATAC/process/macs2out/PDL37_TP5_omni_C_S38_peaks.xls 
INFO  @ Fri, 26 Jul 2019 14:20:12: #4 Write peak in narrowPeak format file... /home/yuanh/analysis/WI38_ATAC/process/macs2out/PDL37_TP5_omni_C_S38_peaks.narrowPeak 
INFO  @ Fri, 26 Jul 2019 14:20:17: #4 Write summits bed file... /home/yuanh/analysis/WI38_ATAC/process/macs2out/PDL37_TP5_omni_C_S38_summits.bed 
INFO  @ Fri, 26 Jul 2019 14:20:20: Done! 
