INFO  @ Fri, 26 Jul 2019 14:17:44: 
# Command line: callpeak -t /home/yuanh/analysis/WI38_ATAC/process/shift_bed/PDL46_TP6_omni_A_S42_SE.bed -f BED -n PDL46_TP6_omni_A_S42 --outdir /home/yuanh/analysis/WI38_ATAC/process/macs2out/ --keep-dup all -g hs -p 1e-1 --nomodel --shift -37 --extsize 73
# ARGUMENTS LIST:
# name = PDL46_TP6_omni_A_S42
# format = BED
# ChIP-seq file = ['/home/yuanh/analysis/WI38_ATAC/process/shift_bed/PDL46_TP6_omni_A_S42_SE.bed']
# control file = None
# effective genome size = 2.70e+09
# band width = 300
# model fold = [5, 50]
# pvalue cutoff = 1.00e-01
# qvalue will not be calculated and reported as -1 in the final output.
# The maximum gap between significant sites is assigned as the read length/tag size.
# The minimum length of peaks is assigned as the predicted fragment length "d".
# Larger dataset will be scaled towards smaller dataset.
# Range for calculating regional lambda is: 10000 bps
# Broad region calling is off
# Paired-End mode is off
 
INFO  @ Fri, 26 Jul 2019 14:17:44: #1 read tag files... 
INFO  @ Fri, 26 Jul 2019 14:17:44: #1 read treatment tags... 
INFO  @ Fri, 26 Jul 2019 14:17:45:  1000000 
INFO  @ Fri, 26 Jul 2019 14:17:46:  2000000 
INFO  @ Fri, 26 Jul 2019 14:17:47:  3000000 
INFO  @ Fri, 26 Jul 2019 14:17:49:  4000000 
INFO  @ Fri, 26 Jul 2019 14:17:50:  5000000 
INFO  @ Fri, 26 Jul 2019 14:17:51:  6000000 
INFO  @ Fri, 26 Jul 2019 14:17:52:  7000000 
INFO  @ Fri, 26 Jul 2019 14:17:53:  8000000 
INFO  @ Fri, 26 Jul 2019 14:17:55:  9000000 
INFO  @ Fri, 26 Jul 2019 14:17:56:  10000000 
INFO  @ Fri, 26 Jul 2019 14:17:57:  11000000 
INFO  @ Fri, 26 Jul 2019 14:17:58:  12000000 
INFO  @ Fri, 26 Jul 2019 14:17:59:  13000000 
INFO  @ Fri, 26 Jul 2019 14:18:00:  14000000 
INFO  @ Fri, 26 Jul 2019 14:18:01:  15000000 
INFO  @ Fri, 26 Jul 2019 14:18:03:  16000000 
INFO  @ Fri, 26 Jul 2019 14:18:04:  17000000 
INFO  @ Fri, 26 Jul 2019 14:18:05:  18000000 
INFO  @ Fri, 26 Jul 2019 14:18:06:  19000000 
INFO  @ Fri, 26 Jul 2019 14:18:07:  20000000 
INFO  @ Fri, 26 Jul 2019 14:18:09:  21000000 
INFO  @ Fri, 26 Jul 2019 14:18:10:  22000000 
INFO  @ Fri, 26 Jul 2019 14:18:11:  23000000 
INFO  @ Fri, 26 Jul 2019 14:18:12:  24000000 
INFO  @ Fri, 26 Jul 2019 14:18:13:  25000000 
INFO  @ Fri, 26 Jul 2019 14:18:15:  26000000 
INFO  @ Fri, 26 Jul 2019 14:18:16:  27000000 
INFO  @ Fri, 26 Jul 2019 14:18:17:  28000000 
INFO  @ Fri, 26 Jul 2019 14:18:18:  29000000 
INFO  @ Fri, 26 Jul 2019 14:18:19:  30000000 
INFO  @ Fri, 26 Jul 2019 14:18:20:  31000000 
INFO  @ Fri, 26 Jul 2019 14:18:22:  32000000 
INFO  @ Fri, 26 Jul 2019 14:18:23:  33000000 
INFO  @ Fri, 26 Jul 2019 14:18:24:  34000000 
INFO  @ Fri, 26 Jul 2019 14:18:25:  35000000 
INFO  @ Fri, 26 Jul 2019 14:18:26:  36000000 
INFO  @ Fri, 26 Jul 2019 14:18:27:  37000000 
INFO  @ Fri, 26 Jul 2019 14:18:28:  38000000 
INFO  @ Fri, 26 Jul 2019 14:18:29:  39000000 
INFO  @ Fri, 26 Jul 2019 14:18:30:  40000000 
INFO  @ Fri, 26 Jul 2019 14:18:31:  41000000 
INFO  @ Fri, 26 Jul 2019 14:18:33:  42000000 
INFO  @ Fri, 26 Jul 2019 14:18:34:  43000000 
INFO  @ Fri, 26 Jul 2019 14:18:35:  44000000 
INFO  @ Fri, 26 Jul 2019 14:18:39: #1 tag size is determined as 55 bps 
INFO  @ Fri, 26 Jul 2019 14:18:39: #1 tag size = 55.0 
INFO  @ Fri, 26 Jul 2019 14:18:39: #1  total tags in treatment: 44903888 
INFO  @ Fri, 26 Jul 2019 14:18:39: #1 finished! 
INFO  @ Fri, 26 Jul 2019 14:18:39: #2 Build Peak Model... 
INFO  @ Fri, 26 Jul 2019 14:18:39: #2 Skipped... 
INFO  @ Fri, 26 Jul 2019 14:18:39: #2 Use 73 as fragment length 
INFO  @ Fri, 26 Jul 2019 14:18:39: #2 Sequencing ends will be shifted towards 5' by 37 bp(s) 
INFO  @ Fri, 26 Jul 2019 14:18:39: #3 Call peaks... 
INFO  @ Fri, 26 Jul 2019 14:18:39: #3 Call peaks with given -log10pvalue cutoff: 1.00000 ... 
INFO  @ Fri, 26 Jul 2019 14:18:39: #3 Pre-compute pvalue-qvalue table... 
INFO  @ Fri, 26 Jul 2019 14:20:25: #3 Call peaks for each chromosome... 
INFO  @ Fri, 26 Jul 2019 14:21:21: #4 Write output xls file... /home/yuanh/analysis/WI38_ATAC/process/macs2out/PDL46_TP6_omni_A_S42_peaks.xls 
INFO  @ Fri, 26 Jul 2019 14:21:26: #4 Write peak in narrowPeak format file... /home/yuanh/analysis/WI38_ATAC/process/macs2out/PDL46_TP6_omni_A_S42_peaks.narrowPeak 
INFO  @ Fri, 26 Jul 2019 14:21:30: #4 Write summits bed file... /home/yuanh/analysis/WI38_ATAC/process/macs2out/PDL46_TP6_omni_A_S42_summits.bed 
INFO  @ Fri, 26 Jul 2019 14:21:32: Done! 
