INFO  @ Fri, 26 Jul 2019 14:17:44: 
# Command line: callpeak -t /home/yuanh/analysis/WI38_ATAC/process/shift_bed/PDL50_TP7_omni_B_S49_SE.bed -f BED -n PDL50_TP7_omni_B_S49 --outdir /home/yuanh/analysis/WI38_ATAC/process/macs2out/ --keep-dup all -g hs -p 1e-1 --nomodel --shift -37 --extsize 73
# ARGUMENTS LIST:
# name = PDL50_TP7_omni_B_S49
# format = BED
# ChIP-seq file = ['/home/yuanh/analysis/WI38_ATAC/process/shift_bed/PDL50_TP7_omni_B_S49_SE.bed']
# control file = None
# effective genome size = 2.70e+09
# band width = 300
# model fold = [5, 50]
# pvalue cutoff = 1.00e-01
# qvalue will not be calculated and reported as -1 in the final output.
# The maximum gap between significant sites is assigned as the read length/tag size.
# The minimum length of peaks is assigned as the predicted fragment length "d".
# Larger dataset will be scaled towards smaller dataset.
# Range for calculating regional lambda is: 10000 bps
# Broad region calling is off
# Paired-End mode is off
 
INFO  @ Fri, 26 Jul 2019 14:17:44: #1 read tag files... 
INFO  @ Fri, 26 Jul 2019 14:17:44: #1 read treatment tags... 
INFO  @ Fri, 26 Jul 2019 14:17:46:  1000000 
INFO  @ Fri, 26 Jul 2019 14:17:49:  2000000 
INFO  @ Fri, 26 Jul 2019 14:17:50:  3000000 
INFO  @ Fri, 26 Jul 2019 14:17:52:  4000000 
INFO  @ Fri, 26 Jul 2019 14:17:54:  5000000 
INFO  @ Fri, 26 Jul 2019 14:17:55:  6000000 
INFO  @ Fri, 26 Jul 2019 14:17:57:  7000000 
INFO  @ Fri, 26 Jul 2019 14:17:59:  8000000 
INFO  @ Fri, 26 Jul 2019 14:18:00:  9000000 
INFO  @ Fri, 26 Jul 2019 14:18:02:  10000000 
INFO  @ Fri, 26 Jul 2019 14:18:04:  11000000 
INFO  @ Fri, 26 Jul 2019 14:18:05:  12000000 
INFO  @ Fri, 26 Jul 2019 14:18:07:  13000000 
INFO  @ Fri, 26 Jul 2019 14:18:08:  14000000 
INFO  @ Fri, 26 Jul 2019 14:18:10:  15000000 
INFO  @ Fri, 26 Jul 2019 14:18:12:  16000000 
INFO  @ Fri, 26 Jul 2019 14:18:13:  17000000 
INFO  @ Fri, 26 Jul 2019 14:18:15:  18000000 
INFO  @ Fri, 26 Jul 2019 14:18:17:  19000000 
INFO  @ Fri, 26 Jul 2019 14:18:18:  20000000 
INFO  @ Fri, 26 Jul 2019 14:18:20:  21000000 
INFO  @ Fri, 26 Jul 2019 14:18:21:  22000000 
INFO  @ Fri, 26 Jul 2019 14:18:23:  23000000 
INFO  @ Fri, 26 Jul 2019 14:18:24:  24000000 
INFO  @ Fri, 26 Jul 2019 14:18:26:  25000000 
INFO  @ Fri, 26 Jul 2019 14:18:28:  26000000 
INFO  @ Fri, 26 Jul 2019 14:18:29:  27000000 
INFO  @ Fri, 26 Jul 2019 14:18:31:  28000000 
INFO  @ Fri, 26 Jul 2019 14:18:32:  29000000 
INFO  @ Fri, 26 Jul 2019 14:18:34:  30000000 
INFO  @ Fri, 26 Jul 2019 14:18:35:  31000000 
INFO  @ Fri, 26 Jul 2019 14:18:39: #1 tag size is determined as 83 bps 
INFO  @ Fri, 26 Jul 2019 14:18:39: #1 tag size = 83.0 
INFO  @ Fri, 26 Jul 2019 14:18:39: #1  total tags in treatment: 31659260 
INFO  @ Fri, 26 Jul 2019 14:18:39: #1 finished! 
INFO  @ Fri, 26 Jul 2019 14:18:39: #2 Build Peak Model... 
INFO  @ Fri, 26 Jul 2019 14:18:39: #2 Skipped... 
INFO  @ Fri, 26 Jul 2019 14:18:39: #2 Use 73 as fragment length 
INFO  @ Fri, 26 Jul 2019 14:18:39: #2 Sequencing ends will be shifted towards 5' by 37 bp(s) 
INFO  @ Fri, 26 Jul 2019 14:18:39: #3 Call peaks... 
INFO  @ Fri, 26 Jul 2019 14:18:39: #3 Call peaks with given -log10pvalue cutoff: 1.00000 ... 
INFO  @ Fri, 26 Jul 2019 14:18:39: #3 Pre-compute pvalue-qvalue table... 
INFO  @ Fri, 26 Jul 2019 14:20:02: #3 Call peaks for each chromosome... 
INFO  @ Fri, 26 Jul 2019 14:20:55: #4 Write output xls file... /home/yuanh/analysis/WI38_ATAC/process/macs2out/PDL50_TP7_omni_B_S49_peaks.xls 
INFO  @ Fri, 26 Jul 2019 14:21:04: #4 Write peak in narrowPeak format file... /home/yuanh/analysis/WI38_ATAC/process/macs2out/PDL50_TP7_omni_B_S49_peaks.narrowPeak 
INFO  @ Fri, 26 Jul 2019 14:21:10: #4 Write summits bed file... /home/yuanh/analysis/WI38_ATAC/process/macs2out/PDL50_TP7_omni_B_S49_summits.bed 
INFO  @ Fri, 26 Jul 2019 14:21:13: Done! 
